[2025-09-10 16:14:40,073] {taskinstance.py:1159} INFO - Dependencies all met for <TaskInstance: Daily_img_transfer.end_dag manual__2025-09-10T16:14:38.189334+00:00 [queued]>
[2025-09-10 16:14:40,081] {taskinstance.py:1159} INFO - Dependencies all met for <TaskInstance: Daily_img_transfer.end_dag manual__2025-09-10T16:14:38.189334+00:00 [queued]>
[2025-09-10 16:14:40,082] {taskinstance.py:1356} INFO - 
--------------------------------------------------------------------------------
[2025-09-10 16:14:40,083] {taskinstance.py:1357} INFO - Starting attempt 1 of 1
[2025-09-10 16:14:40,083] {taskinstance.py:1358} INFO - 
--------------------------------------------------------------------------------
[2025-09-10 16:14:40,096] {taskinstance.py:1377} INFO - Executing <Task(BashOperator): end_dag> on 2025-09-10 16:14:38.189334+00:00
[2025-09-10 16:14:40,100] {standard_task_runner.py:52} INFO - Started process 716 to run task
[2025-09-10 16:14:40,102] {standard_task_runner.py:79} INFO - Running: ['***', 'tasks', 'run', 'Daily_img_transfer', 'end_dag', 'manual__2025-09-10T16:14:38.189334+00:00', '--job-id', '13', '--raw', '--subdir', 'DAGS_FOLDER/dags.py', '--cfg-path', '/tmp/tmpubrugnrq', '--error-file', '/tmp/tmpin8wpuoy']
[2025-09-10 16:14:40,102] {standard_task_runner.py:80} INFO - Job 13: Subtask end_dag
[2025-09-10 16:14:40,143] {task_command.py:370} INFO - Running <TaskInstance: Daily_img_transfer.end_dag manual__2025-09-10T16:14:38.189334+00:00 [running]> on host 17d4e251db5b
[2025-09-10 16:14:40,193] {taskinstance.py:1571} INFO - Exporting the following env vars:
AIRFLOW_CTX_DAG_OWNER=***
AIRFLOW_CTX_DAG_ID=Daily_img_transfer
AIRFLOW_CTX_TASK_ID=end_dag
AIRFLOW_CTX_EXECUTION_DATE=2025-09-10T16:14:38.189334+00:00
AIRFLOW_CTX_TRY_NUMBER=1
AIRFLOW_CTX_DAG_RUN_ID=manual__2025-09-10T16:14:38.189334+00:00
[2025-09-10 16:14:40,194] {subprocess.py:62} INFO - Tmp dir root location: 
 /tmp
[2025-09-10 16:14:40,195] {subprocess.py:74} INFO - Running command: ['bash', '-c', "echo 'End!'"]
[2025-09-10 16:14:40,201] {subprocess.py:85} INFO - Output:
[2025-09-10 16:14:40,202] {subprocess.py:92} INFO - End!
[2025-09-10 16:14:40,202] {subprocess.py:96} INFO - Command exited with return code 0
[2025-09-10 16:14:40,222] {taskinstance.py:1400} INFO - Marking task as SUCCESS. dag_id=Daily_img_transfer, task_id=end_dag, execution_date=20250910T161438, start_date=20250910T161440, end_date=20250910T161440
[2025-09-10 16:14:40,274] {local_task_job.py:156} INFO - Task exited with return code 0
[2025-09-10 16:14:40,300] {local_task_job.py:273} INFO - 0 downstream tasks scheduled from follow-on schedule check
