[2025-09-11T16:37:05.315+0000] {local_task_job_runner.py:123} INFO - ::group::Pre task execution logs
[2025-09-11T16:37:05.331+0000] {taskinstance.py:2631} INFO - Dependencies all met for dep_context=non-requeueable deps ti=<TaskInstance: Weekly_transformation.move_to_folder manual__2025-09-11T16:36:58.371519+00:00 [queued]>
[2025-09-11T16:37:05.337+0000] {taskinstance.py:2631} INFO - Dependencies all met for dep_context=requeueable deps ti=<TaskInstance: Weekly_transformation.move_to_folder manual__2025-09-11T16:36:58.371519+00:00 [queued]>
[2025-09-11T16:37:05.338+0000] {taskinstance.py:2884} INFO - Starting attempt 1 of 2
[2025-09-11T16:37:05.346+0000] {taskinstance.py:2907} INFO - Executing <Task(BashOperator): move_to_folder> on 2025-09-11 16:36:58.371519+00:00
[2025-09-11T16:37:05.355+0000] {standard_task_runner.py:72} INFO - Started process 121 to run task
[2025-09-11T16:37:05.358+0000] {standard_task_runner.py:104} INFO - Running: ['***', 'tasks', 'run', 'Weekly_transformation', 'move_to_folder', 'manual__2025-09-11T16:36:58.371519+00:00', '--job-id', '98', '--raw', '--subdir', 'DAGS_FOLDER/dag_prolab.py', '--cfg-path', '/tmp/tmpx4fphamv']
[2025-09-11T16:37:05.360+0000] {standard_task_runner.py:105} INFO - Job 98: Subtask move_to_folder
[2025-09-11T16:37:05.390+0000] {task_command.py:467} INFO - Running <TaskInstance: Weekly_transformation.move_to_folder manual__2025-09-11T16:36:58.371519+00:00 [running]> on host cc11f39aaeea
[2025-09-11T16:37:05.440+0000] {taskinstance.py:3157} INFO - Exporting env vars: AIRFLOW_CTX_DAG_OWNER='***' AIRFLOW_CTX_DAG_ID='Weekly_transformation' AIRFLOW_CTX_TASK_ID='move_to_folder' AIRFLOW_CTX_EXECUTION_DATE='2025-09-11T16:36:58.371519+00:00' AIRFLOW_CTX_TRY_NUMBER='1' AIRFLOW_CTX_DAG_RUN_ID='manual__2025-09-11T16:36:58.371519+00:00'
[2025-09-11T16:37:05.442+0000] {taskinstance.py:740} INFO - ::endgroup::
[2025-09-11T16:37:05.450+0000] {subprocess.py:78} INFO - Tmp dir root location: /tmp
[2025-09-11T16:37:05.451+0000] {subprocess.py:88} INFO - Running command: ['/usr/bin/bash', '-c', '\n                                cd ../../opt/***/\n                                ']
[2025-09-11T16:37:05.465+0000] {subprocess.py:99} INFO - Output:
[2025-09-11T16:37:05.467+0000] {subprocess.py:110} INFO - Command exited with return code 0
[2025-09-11T16:37:05.484+0000] {taskinstance.py:349} INFO - ::group::Post task execution logs
[2025-09-11T16:37:05.485+0000] {taskinstance.py:361} INFO - Marking task as SUCCESS. dag_id=Weekly_transformation, task_id=move_to_folder, run_id=manual__2025-09-11T16:36:58.371519+00:00, execution_date=20250911T163658, start_date=20250911T163705, end_date=20250911T163705
[2025-09-11T16:37:05.531+0000] {local_task_job_runner.py:266} INFO - Task exited with return code 0
[2025-09-11T16:37:05.549+0000] {taskinstance.py:3924} INFO - 1 downstream tasks scheduled from follow-on schedule check
[2025-09-11T16:37:05.550+0000] {local_task_job_runner.py:245} INFO - ::endgroup::
