[2025-09-11 13:12:27,131] {taskinstance.py:1159} INFO - Dependencies all met for <TaskInstance: Weekly_transformation.start_dag manual__2025-09-11T13:12:26.342914+00:00 [queued]>
[2025-09-11 13:12:27,143] {taskinstance.py:1159} INFO - Dependencies all met for <TaskInstance: Weekly_transformation.start_dag manual__2025-09-11T13:12:26.342914+00:00 [queued]>
[2025-09-11 13:12:27,144] {taskinstance.py:1356} INFO - 
--------------------------------------------------------------------------------
[2025-09-11 13:12:27,145] {taskinstance.py:1357} INFO - Starting attempt 1 of 1
[2025-09-11 13:12:27,145] {taskinstance.py:1358} INFO - 
--------------------------------------------------------------------------------
[2025-09-11 13:12:27,165] {taskinstance.py:1377} INFO - Executing <Task(BashOperator): start_dag> on 2025-09-11 13:12:26.342914+00:00
[2025-09-11 13:12:27,170] {standard_task_runner.py:52} INFO - Started process 662 to run task
[2025-09-11 13:12:27,174] {standard_task_runner.py:79} INFO - Running: ['***', 'tasks', 'run', 'Weekly_transformation', 'start_dag', 'manual__2025-09-11T13:12:26.342914+00:00', '--job-id', '73', '--raw', '--subdir', 'DAGS_FOLDER/dags.py', '--cfg-path', '/tmp/tmpa6xfwkne', '--error-file', '/tmp/tmpqmp8lgvb']
[2025-09-11 13:12:27,175] {standard_task_runner.py:80} INFO - Job 73: Subtask start_dag
[2025-09-11 13:12:27,238] {task_command.py:370} INFO - Running <TaskInstance: Weekly_transformation.start_dag manual__2025-09-11T13:12:26.342914+00:00 [running]> on host 71b863e68315
[2025-09-11 13:12:27,304] {taskinstance.py:1571} INFO - Exporting the following env vars:
AIRFLOW_CTX_DAG_OWNER=***
AIRFLOW_CTX_DAG_ID=Weekly_transformation
AIRFLOW_CTX_TASK_ID=start_dag
AIRFLOW_CTX_EXECUTION_DATE=2025-09-11T13:12:26.342914+00:00
AIRFLOW_CTX_TRY_NUMBER=1
AIRFLOW_CTX_DAG_RUN_ID=manual__2025-09-11T13:12:26.342914+00:00
[2025-09-11 13:12:27,305] {subprocess.py:62} INFO - Tmp dir root location: 
 /tmp
[2025-09-11 13:12:27,306] {subprocess.py:74} INFO - Running command: ['bash', '-c', "echo 'Start!'"]
[2025-09-11 13:12:27,315] {subprocess.py:85} INFO - Output:
[2025-09-11 13:12:27,317] {subprocess.py:92} INFO - Start!
[2025-09-11 13:12:27,318] {subprocess.py:96} INFO - Command exited with return code 0
[2025-09-11 13:12:27,344] {taskinstance.py:1400} INFO - Marking task as SUCCESS. dag_id=Weekly_transformation, task_id=start_dag, execution_date=20250911T131226, start_date=20250911T131227, end_date=20250911T131227
[2025-09-11 13:12:27,387] {local_task_job.py:156} INFO - Task exited with return code 0
[2025-09-11 13:12:27,419] {local_task_job.py:273} INFO - 1 downstream tasks scheduled from follow-on schedule check
