[2025-09-10 16:27:39,318] {taskinstance.py:1159} INFO - Dependencies all met for <TaskInstance: Daily_img_transfer.start_dag manual__2025-09-10T16:27:38.710364+00:00 [queued]>
[2025-09-10 16:27:39,328] {taskinstance.py:1159} INFO - Dependencies all met for <TaskInstance: Daily_img_transfer.start_dag manual__2025-09-10T16:27:38.710364+00:00 [queued]>
[2025-09-10 16:27:39,329] {taskinstance.py:1356} INFO - 
--------------------------------------------------------------------------------
[2025-09-10 16:27:39,330] {taskinstance.py:1357} INFO - Starting attempt 1 of 1
[2025-09-10 16:27:39,330] {taskinstance.py:1358} INFO - 
--------------------------------------------------------------------------------
[2025-09-10 16:27:39,349] {taskinstance.py:1377} INFO - Executing <Task(BashOperator): start_dag> on 2025-09-10 16:27:38.710364+00:00
[2025-09-10 16:27:39,354] {standard_task_runner.py:52} INFO - Started process 1296 to run task
[2025-09-10 16:27:39,356] {standard_task_runner.py:79} INFO - Running: ['***', 'tasks', 'run', 'Daily_img_transfer', 'start_dag', 'manual__2025-09-10T16:27:38.710364+00:00', '--job-id', '14', '--raw', '--subdir', 'DAGS_FOLDER/dags.py', '--cfg-path', '/tmp/tmph_swcj6a', '--error-file', '/tmp/tmpk3x0thcb']
[2025-09-10 16:27:39,357] {standard_task_runner.py:80} INFO - Job 14: Subtask start_dag
[2025-09-10 16:27:39,403] {task_command.py:370} INFO - Running <TaskInstance: Daily_img_transfer.start_dag manual__2025-09-10T16:27:38.710364+00:00 [running]> on host 17d4e251db5b
[2025-09-10 16:27:39,461] {taskinstance.py:1571} INFO - Exporting the following env vars:
AIRFLOW_CTX_DAG_OWNER=***
AIRFLOW_CTX_DAG_ID=Daily_img_transfer
AIRFLOW_CTX_TASK_ID=start_dag
AIRFLOW_CTX_EXECUTION_DATE=2025-09-10T16:27:38.710364+00:00
AIRFLOW_CTX_TRY_NUMBER=1
AIRFLOW_CTX_DAG_RUN_ID=manual__2025-09-10T16:27:38.710364+00:00
[2025-09-10 16:27:39,462] {subprocess.py:62} INFO - Tmp dir root location: 
 /tmp
[2025-09-10 16:27:39,463] {subprocess.py:74} INFO - Running command: ['bash', '-c', "echo 'Start!'"]
[2025-09-10 16:27:39,470] {subprocess.py:85} INFO - Output:
[2025-09-10 16:27:39,472] {subprocess.py:92} INFO - Start!
[2025-09-10 16:27:39,472] {subprocess.py:96} INFO - Command exited with return code 0
[2025-09-10 16:27:39,493] {taskinstance.py:1400} INFO - Marking task as SUCCESS. dag_id=Daily_img_transfer, task_id=start_dag, execution_date=20250910T162738, start_date=20250910T162739, end_date=20250910T162739
[2025-09-10 16:27:39,529] {local_task_job.py:156} INFO - Task exited with return code 0
[2025-09-10 16:27:39,562] {local_task_job.py:273} INFO - 1 downstream tasks scheduled from follow-on schedule check
