[2025-09-11T16:28:18.117+0000] {local_task_job_runner.py:123} INFO - ::group::Pre task execution logs
[2025-09-11T16:28:18.135+0000] {taskinstance.py:2631} INFO - Dependencies all met for dep_context=non-requeueable deps ti=<TaskInstance: Weekly_transformation.end_dag scheduled__2025-09-10T00:00:00+00:00 [queued]>
[2025-09-11T16:28:18.142+0000] {taskinstance.py:2631} INFO - Dependencies all met for dep_context=requeueable deps ti=<TaskInstance: Weekly_transformation.end_dag scheduled__2025-09-10T00:00:00+00:00 [queued]>
[2025-09-11T16:28:18.143+0000] {taskinstance.py:2884} INFO - Starting attempt 1 of 2
[2025-09-11T16:28:18.152+0000] {taskinstance.py:2907} INFO - Executing <Task(BashOperator): end_dag> on 2025-09-10 00:00:00+00:00
[2025-09-11T16:28:18.159+0000] {standard_task_runner.py:72} INFO - Started process 172 to run task
[2025-09-11T16:28:18.161+0000] {standard_task_runner.py:104} INFO - Running: ['***', 'tasks', 'run', 'Weekly_transformation', 'end_dag', 'scheduled__2025-09-10T00:00:00+00:00', '--job-id', '83', '--raw', '--subdir', 'DAGS_FOLDER/dag_prolab.py', '--cfg-path', '/tmp/tmphwbfteqp']
[2025-09-11T16:28:18.164+0000] {standard_task_runner.py:105} INFO - Job 83: Subtask end_dag
[2025-09-11T16:28:18.199+0000] {task_command.py:467} INFO - Running <TaskInstance: Weekly_transformation.end_dag scheduled__2025-09-10T00:00:00+00:00 [running]> on host d403547ecef7
[2025-09-11T16:28:18.250+0000] {taskinstance.py:3157} INFO - Exporting env vars: AIRFLOW_CTX_DAG_OWNER='***' AIRFLOW_CTX_DAG_ID='Weekly_transformation' AIRFLOW_CTX_TASK_ID='end_dag' AIRFLOW_CTX_EXECUTION_DATE='2025-09-10T00:00:00+00:00' AIRFLOW_CTX_TRY_NUMBER='1' AIRFLOW_CTX_DAG_RUN_ID='scheduled__2025-09-10T00:00:00+00:00'
[2025-09-11T16:28:18.252+0000] {taskinstance.py:740} INFO - ::endgroup::
[2025-09-11T16:28:18.260+0000] {subprocess.py:78} INFO - Tmp dir root location: /tmp
[2025-09-11T16:28:18.261+0000] {subprocess.py:88} INFO - Running command: ['/usr/bin/bash', '-c', "echo 'End!'"]
[2025-09-11T16:28:18.273+0000] {subprocess.py:99} INFO - Output:
[2025-09-11T16:28:18.275+0000] {subprocess.py:106} INFO - End!
[2025-09-11T16:28:18.275+0000] {subprocess.py:110} INFO - Command exited with return code 0
[2025-09-11T16:28:18.292+0000] {taskinstance.py:349} INFO - ::group::Post task execution logs
[2025-09-11T16:28:18.293+0000] {taskinstance.py:361} INFO - Marking task as SUCCESS. dag_id=Weekly_transformation, task_id=end_dag, run_id=scheduled__2025-09-10T00:00:00+00:00, execution_date=20250910T000000, start_date=20250911T162818, end_date=20250911T162818
[2025-09-11T16:28:18.335+0000] {local_task_job_runner.py:266} INFO - Task exited with return code 0
[2025-09-11T16:28:18.347+0000] {taskinstance.py:3924} INFO - 0 downstream tasks scheduled from follow-on schedule check
[2025-09-11T16:28:18.350+0000] {local_task_job_runner.py:245} INFO - ::endgroup::
