[2025-09-11 13:12:06,580] {taskinstance.py:1159} INFO - Dependencies all met for <TaskInstance: Daily_img_transfer.move_images manual__2025-09-11T13:12:04.066920+00:00 [queued]>
[2025-09-11 13:12:06,590] {taskinstance.py:1159} INFO - Dependencies all met for <TaskInstance: Daily_img_transfer.move_images manual__2025-09-11T13:12:04.066920+00:00 [queued]>
[2025-09-11 13:12:06,590] {taskinstance.py:1356} INFO - 
--------------------------------------------------------------------------------
[2025-09-11 13:12:06,591] {taskinstance.py:1357} INFO - Starting attempt 1 of 1
[2025-09-11 13:12:06,591] {taskinstance.py:1358} INFO - 
--------------------------------------------------------------------------------
[2025-09-11 13:12:06,605] {taskinstance.py:1377} INFO - Executing <Task(BashOperator): move_images> on 2025-09-11 13:12:04.066920+00:00
[2025-09-11 13:12:06,609] {standard_task_runner.py:52} INFO - Started process 637 to run task
[2025-09-11 13:12:06,611] {standard_task_runner.py:79} INFO - Running: ['***', 'tasks', 'run', 'Daily_img_transfer', 'move_images', 'manual__2025-09-11T13:12:04.066920+00:00', '--job-id', '71', '--raw', '--subdir', 'DAGS_FOLDER/dags.py', '--cfg-path', '/tmp/tmp2pkj35xf', '--error-file', '/tmp/tmpvypdcrit']
[2025-09-11 13:12:06,612] {standard_task_runner.py:80} INFO - Job 71: Subtask move_images
[2025-09-11 13:12:06,653] {task_command.py:370} INFO - Running <TaskInstance: Daily_img_transfer.move_images manual__2025-09-11T13:12:04.066920+00:00 [running]> on host 71b863e68315
[2025-09-11 13:12:06,706] {taskinstance.py:1571} INFO - Exporting the following env vars:
AIRFLOW_CTX_DAG_OWNER=***
AIRFLOW_CTX_DAG_ID=Daily_img_transfer
AIRFLOW_CTX_TASK_ID=move_images
AIRFLOW_CTX_EXECUTION_DATE=2025-09-11T13:12:04.066920+00:00
AIRFLOW_CTX_TRY_NUMBER=1
AIRFLOW_CTX_DAG_RUN_ID=manual__2025-09-11T13:12:04.066920+00:00
[2025-09-11 13:12:06,708] {subprocess.py:62} INFO - Tmp dir root location: 
 /tmp
[2025-09-11 13:12:06,708] {subprocess.py:74} INFO - Running command: ['bash', '-c', '\n                                cd ../../opt/***\n                                mv src/temp/*.jpg data/raw_images\n                                ']
[2025-09-11 13:12:06,716] {subprocess.py:85} INFO - Output:
[2025-09-11 13:12:06,752] {subprocess.py:96} INFO - Command exited with return code 0
[2025-09-11 13:12:06,774] {taskinstance.py:1400} INFO - Marking task as SUCCESS. dag_id=Daily_img_transfer, task_id=move_images, execution_date=20250911T131204, start_date=20250911T131206, end_date=20250911T131206
[2025-09-11 13:12:06,824] {local_task_job.py:156} INFO - Task exited with return code 0
[2025-09-11 13:12:06,853] {local_task_job.py:273} INFO - 1 downstream tasks scheduled from follow-on schedule check
