[2025-09-11T16:30:07.265+0000] {local_task_job_runner.py:123} INFO - ::group::Pre task execution logs
[2025-09-11T16:30:07.288+0000] {taskinstance.py:2631} INFO - Dependencies all met for dep_context=non-requeueable deps ti=<TaskInstance: Weekly_transformation.end_dag manual__2025-09-11T16:29:54.923196+00:00 [queued]>
[2025-09-11T16:30:07.296+0000] {taskinstance.py:2631} INFO - Dependencies all met for dep_context=requeueable deps ti=<TaskInstance: Weekly_transformation.end_dag manual__2025-09-11T16:29:54.923196+00:00 [queued]>
[2025-09-11T16:30:07.298+0000] {taskinstance.py:2884} INFO - Starting attempt 1 of 2
[2025-09-11T16:30:07.309+0000] {taskinstance.py:2907} INFO - Executing <Task(BashOperator): end_dag> on 2025-09-11 16:29:54.923196+00:00
[2025-09-11T16:30:07.318+0000] {standard_task_runner.py:72} INFO - Started process 212 to run task
[2025-09-11T16:30:07.321+0000] {standard_task_runner.py:104} INFO - Running: ['***', 'tasks', 'run', 'Weekly_transformation', 'end_dag', 'manual__2025-09-11T16:29:54.923196+00:00', '--job-id', '87', '--raw', '--subdir', 'DAGS_FOLDER/dag_prolab.py', '--cfg-path', '/tmp/tmpoby0cpxj']
[2025-09-11T16:30:07.324+0000] {standard_task_runner.py:105} INFO - Job 87: Subtask end_dag
[2025-09-11T16:30:07.362+0000] {task_command.py:467} INFO - Running <TaskInstance: Weekly_transformation.end_dag manual__2025-09-11T16:29:54.923196+00:00 [running]> on host d403547ecef7
[2025-09-11T16:30:07.455+0000] {taskinstance.py:3157} INFO - Exporting env vars: AIRFLOW_CTX_DAG_OWNER='***' AIRFLOW_CTX_DAG_ID='Weekly_transformation' AIRFLOW_CTX_TASK_ID='end_dag' AIRFLOW_CTX_EXECUTION_DATE='2025-09-11T16:29:54.923196+00:00' AIRFLOW_CTX_TRY_NUMBER='1' AIRFLOW_CTX_DAG_RUN_ID='manual__2025-09-11T16:29:54.923196+00:00'
[2025-09-11T16:30:07.458+0000] {taskinstance.py:740} INFO - ::endgroup::
[2025-09-11T16:30:07.469+0000] {subprocess.py:78} INFO - Tmp dir root location: /tmp
[2025-09-11T16:30:07.471+0000] {subprocess.py:88} INFO - Running command: ['/usr/bin/bash', '-c', "echo 'End!'"]
[2025-09-11T16:30:07.485+0000] {subprocess.py:99} INFO - Output:
[2025-09-11T16:30:07.487+0000] {subprocess.py:106} INFO - End!
[2025-09-11T16:30:07.488+0000] {subprocess.py:110} INFO - Command exited with return code 0
[2025-09-11T16:30:07.513+0000] {taskinstance.py:349} INFO - ::group::Post task execution logs
[2025-09-11T16:30:07.514+0000] {taskinstance.py:361} INFO - Marking task as SUCCESS. dag_id=Weekly_transformation, task_id=end_dag, run_id=manual__2025-09-11T16:29:54.923196+00:00, execution_date=20250911T162954, start_date=20250911T163007, end_date=20250911T163007
[2025-09-11T16:30:07.574+0000] {local_task_job_runner.py:266} INFO - Task exited with return code 0
[2025-09-11T16:30:07.591+0000] {taskinstance.py:3924} INFO - 0 downstream tasks scheduled from follow-on schedule check
[2025-09-11T16:30:07.594+0000] {local_task_job_runner.py:245} INFO - ::endgroup::
