[2025-09-11 12:22:17,435] {taskinstance.py:1159} INFO - Dependencies all met for <TaskInstance: Daily_img_transfer.end_dag manual__2025-09-11T12:22:15.011097+00:00 [queued]>
[2025-09-11 12:22:17,448] {taskinstance.py:1159} INFO - Dependencies all met for <TaskInstance: Daily_img_transfer.end_dag manual__2025-09-11T12:22:15.011097+00:00 [queued]>
[2025-09-11 12:22:17,448] {taskinstance.py:1356} INFO - 
--------------------------------------------------------------------------------
[2025-09-11 12:22:17,449] {taskinstance.py:1357} INFO - Starting attempt 1 of 1
[2025-09-11 12:22:17,449] {taskinstance.py:1358} INFO - 
--------------------------------------------------------------------------------
[2025-09-11 12:22:17,466] {taskinstance.py:1377} INFO - Executing <Task(BashOperator): end_dag> on 2025-09-11 12:22:15.011097+00:00
[2025-09-11 12:22:17,471] {standard_task_runner.py:52} INFO - Started process 7301 to run task
[2025-09-11 12:22:17,476] {standard_task_runner.py:79} INFO - Running: ['***', 'tasks', 'run', 'Daily_img_transfer', 'end_dag', 'manual__2025-09-11T12:22:15.011097+00:00', '--job-id', '65', '--raw', '--subdir', 'DAGS_FOLDER/dags.py', '--cfg-path', '/tmp/tmpxnemlxao', '--error-file', '/tmp/tmp01_0xacw']
[2025-09-11 12:22:17,477] {standard_task_runner.py:80} INFO - Job 65: Subtask end_dag
[2025-09-11 12:22:17,536] {task_command.py:370} INFO - Running <TaskInstance: Daily_img_transfer.end_dag manual__2025-09-11T12:22:15.011097+00:00 [running]> on host 225d5ec060dd
[2025-09-11 12:22:17,604] {taskinstance.py:1571} INFO - Exporting the following env vars:
AIRFLOW_CTX_DAG_OWNER=***
AIRFLOW_CTX_DAG_ID=Daily_img_transfer
AIRFLOW_CTX_TASK_ID=end_dag
AIRFLOW_CTX_EXECUTION_DATE=2025-09-11T12:22:15.011097+00:00
AIRFLOW_CTX_TRY_NUMBER=1
AIRFLOW_CTX_DAG_RUN_ID=manual__2025-09-11T12:22:15.011097+00:00
[2025-09-11 12:22:17,606] {subprocess.py:62} INFO - Tmp dir root location: 
 /tmp
[2025-09-11 12:22:17,606] {subprocess.py:74} INFO - Running command: ['bash', '-c', "echo 'End!'"]
[2025-09-11 12:22:17,616] {subprocess.py:85} INFO - Output:
[2025-09-11 12:22:17,617] {subprocess.py:92} INFO - End!
[2025-09-11 12:22:17,617] {subprocess.py:96} INFO - Command exited with return code 0
[2025-09-11 12:22:17,643] {taskinstance.py:1400} INFO - Marking task as SUCCESS. dag_id=Daily_img_transfer, task_id=end_dag, execution_date=20250911T122215, start_date=20250911T122217, end_date=20250911T122217
[2025-09-11 12:22:17,690] {local_task_job.py:156} INFO - Task exited with return code 0
[2025-09-11 12:22:17,720] {local_task_job.py:273} INFO - 0 downstream tasks scheduled from follow-on schedule check
