[2025-09-11 12:21:44,457] {taskinstance.py:1159} INFO - Dependencies all met for <TaskInstance: Daily_img_transfer.move_images manual__2025-09-11T12:21:42.580078+00:00 [queued]>
[2025-09-11 12:21:44,474] {taskinstance.py:1159} INFO - Dependencies all met for <TaskInstance: Daily_img_transfer.move_images manual__2025-09-11T12:21:42.580078+00:00 [queued]>
[2025-09-11 12:21:44,474] {taskinstance.py:1356} INFO - 
--------------------------------------------------------------------------------
[2025-09-11 12:21:44,475] {taskinstance.py:1357} INFO - Starting attempt 1 of 1
[2025-09-11 12:21:44,476] {taskinstance.py:1358} INFO - 
--------------------------------------------------------------------------------
[2025-09-11 12:21:44,491] {taskinstance.py:1377} INFO - Executing <Task(BashOperator): move_images> on 2025-09-11 12:21:42.580078+00:00
[2025-09-11 12:21:44,496] {standard_task_runner.py:52} INFO - Started process 7258 to run task
[2025-09-11 12:21:44,499] {standard_task_runner.py:79} INFO - Running: ['***', 'tasks', 'run', 'Daily_img_transfer', 'move_images', 'manual__2025-09-11T12:21:42.580078+00:00', '--job-id', '61', '--raw', '--subdir', 'DAGS_FOLDER/dags.py', '--cfg-path', '/tmp/tmpbojk991x', '--error-file', '/tmp/tmp94pnlt6r']
[2025-09-11 12:21:44,500] {standard_task_runner.py:80} INFO - Job 61: Subtask move_images
[2025-09-11 12:21:44,544] {task_command.py:370} INFO - Running <TaskInstance: Daily_img_transfer.move_images manual__2025-09-11T12:21:42.580078+00:00 [running]> on host 225d5ec060dd
[2025-09-11 12:21:44,597] {taskinstance.py:1571} INFO - Exporting the following env vars:
AIRFLOW_CTX_DAG_OWNER=***
AIRFLOW_CTX_DAG_ID=Daily_img_transfer
AIRFLOW_CTX_TASK_ID=move_images
AIRFLOW_CTX_EXECUTION_DATE=2025-09-11T12:21:42.580078+00:00
AIRFLOW_CTX_TRY_NUMBER=1
AIRFLOW_CTX_DAG_RUN_ID=manual__2025-09-11T12:21:42.580078+00:00
[2025-09-11 12:21:44,598] {subprocess.py:62} INFO - Tmp dir root location: 
 /tmp
[2025-09-11 12:21:44,599] {subprocess.py:74} INFO - Running command: ['bash', '-c', '\n                                cd ../../opt/***\n                                mv src/temp/*.jpg data/raw_images\n                                cd data/raw_images\n                                ls\n                                ']
[2025-09-11 12:21:44,606] {subprocess.py:85} INFO - Output:
[2025-09-11 12:21:44,673] {subprocess.py:92} INFO - frame175751278672.jpg
[2025-09-11 12:21:44,673] {subprocess.py:92} INFO - raw.txt
[2025-09-11 12:21:44,674] {subprocess.py:96} INFO - Command exited with return code 0
[2025-09-11 12:21:44,697] {taskinstance.py:1400} INFO - Marking task as SUCCESS. dag_id=Daily_img_transfer, task_id=move_images, execution_date=20250911T122142, start_date=20250911T122144, end_date=20250911T122144
[2025-09-11 12:21:44,752] {local_task_job.py:156} INFO - Task exited with return code 0
[2025-09-11 12:21:44,778] {local_task_job.py:273} INFO - 1 downstream tasks scheduled from follow-on schedule check
