[2025-09-12T08:27:07.807+0000] {local_task_job_runner.py:123} INFO - ::group::Pre task execution logs
[2025-09-12T08:27:07.823+0000] {taskinstance.py:2631} INFO - Dependencies all met for dep_context=non-requeueable deps ti=<TaskInstance: Daily_img_transfer.move_images manual__2025-09-12T08:27:06.217172+00:00 [queued]>
[2025-09-12T08:27:07.830+0000] {taskinstance.py:2631} INFO - Dependencies all met for dep_context=requeueable deps ti=<TaskInstance: Daily_img_transfer.move_images manual__2025-09-12T08:27:06.217172+00:00 [queued]>
[2025-09-12T08:27:07.831+0000] {taskinstance.py:2884} INFO - Starting attempt 1 of 1
[2025-09-12T08:27:07.840+0000] {taskinstance.py:2907} INFO - Executing <Task(BashOperator): move_images> on 2025-09-12 08:27:06.217172+00:00
[2025-09-12T08:27:07.844+0000] {standard_task_runner.py:72} INFO - Started process 389 to run task
[2025-09-12T08:27:07.847+0000] {standard_task_runner.py:104} INFO - Running: ['***', 'tasks', 'run', 'Daily_img_transfer', 'move_images', 'manual__2025-09-12T08:27:06.217172+00:00', '--job-id', '126', '--raw', '--subdir', 'DAGS_FOLDER/dags.py', '--cfg-path', '/tmp/tmpddpvyg1k']
[2025-09-12T08:27:07.848+0000] {standard_task_runner.py:105} INFO - Job 126: Subtask move_images
[2025-09-12T08:27:07.879+0000] {task_command.py:467} INFO - Running <TaskInstance: Daily_img_transfer.move_images manual__2025-09-12T08:27:06.217172+00:00 [running]> on host 3e0e53ef8921
[2025-09-12T08:27:07.935+0000] {taskinstance.py:3157} INFO - Exporting env vars: AIRFLOW_CTX_DAG_OWNER='***' AIRFLOW_CTX_DAG_ID='Daily_img_transfer' AIRFLOW_CTX_TASK_ID='move_images' AIRFLOW_CTX_EXECUTION_DATE='2025-09-12T08:27:06.217172+00:00' AIRFLOW_CTX_TRY_NUMBER='1' AIRFLOW_CTX_DAG_RUN_ID='manual__2025-09-12T08:27:06.217172+00:00'
[2025-09-12T08:27:07.937+0000] {taskinstance.py:740} INFO - ::endgroup::
[2025-09-12T08:27:07.945+0000] {subprocess.py:78} INFO - Tmp dir root location: /tmp
[2025-09-12T08:27:07.947+0000] {subprocess.py:88} INFO - Running command: ['/usr/bin/bash', '-c', '\n                                pwd\n                                ls\n                                cd ../../opt/***\n                                pwd\n                                ls\n                                mv src/temp/*.jpg data/raw_images\n                                ']
[2025-09-12T08:27:07.954+0000] {subprocess.py:99} INFO - Output:
[2025-09-12T08:27:07.956+0000] {subprocess.py:106} INFO - /tmp/***tmp4liuyxgh
[2025-09-12T08:27:07.957+0000] {subprocess.py:106} INFO - /opt/***
[2025-09-12T08:27:07.958+0000] {subprocess.py:106} INFO - ***.cfg
[2025-09-12T08:27:07.959+0000] {subprocess.py:106} INFO - config
[2025-09-12T08:27:07.960+0000] {subprocess.py:106} INFO - dags
[2025-09-12T08:27:07.961+0000] {subprocess.py:106} INFO - data
[2025-09-12T08:27:07.963+0000] {subprocess.py:106} INFO - logs
[2025-09-12T08:27:07.965+0000] {subprocess.py:106} INFO - models
[2025-09-12T08:27:07.965+0000] {subprocess.py:106} INFO - plugins
[2025-09-12T08:27:07.966+0000] {subprocess.py:106} INFO - requirements.txt
[2025-09-12T08:27:07.967+0000] {subprocess.py:106} INFO - src
[2025-09-12T08:27:07.968+0000] {subprocess.py:106} INFO - webserver_config.py
[2025-09-12T08:27:07.979+0000] {subprocess.py:110} INFO - Command exited with return code 0
[2025-09-12T08:27:07.998+0000] {taskinstance.py:349} INFO - ::group::Post task execution logs
[2025-09-12T08:27:07.999+0000] {taskinstance.py:361} INFO - Marking task as SUCCESS. dag_id=Daily_img_transfer, task_id=move_images, run_id=manual__2025-09-12T08:27:06.217172+00:00, execution_date=20250912T082706, start_date=20250912T082707, end_date=20250912T082707
[2025-09-12T08:27:08.060+0000] {local_task_job_runner.py:266} INFO - Task exited with return code 0
[2025-09-12T08:27:08.078+0000] {taskinstance.py:3924} INFO - 1 downstream tasks scheduled from follow-on schedule check
[2025-09-12T08:27:08.081+0000] {local_task_job_runner.py:245} INFO - ::endgroup::
