[2025-09-12T08:51:56.549+0000] {local_task_job_runner.py:123} INFO - ::group::Pre task execution logs
[2025-09-12T08:51:56.570+0000] {taskinstance.py:2631} INFO - Dependencies all met for dep_context=non-requeueable deps ti=<TaskInstance: Weekly_transformation.end_dag manual__2025-09-12T08:51:41.413902+00:00 [queued]>
[2025-09-12T08:51:56.578+0000] {taskinstance.py:2631} INFO - Dependencies all met for dep_context=requeueable deps ti=<TaskInstance: Weekly_transformation.end_dag manual__2025-09-12T08:51:41.413902+00:00 [queued]>
[2025-09-12T08:51:56.580+0000] {taskinstance.py:2884} INFO - Starting attempt 1 of 2
[2025-09-12T08:51:56.592+0000] {taskinstance.py:2907} INFO - Executing <Task(BashOperator): end_dag> on 2025-09-12 08:51:41.413902+00:00
[2025-09-12T08:51:56.599+0000] {standard_task_runner.py:72} INFO - Started process 757 to run task
[2025-09-12T08:51:56.601+0000] {standard_task_runner.py:104} INFO - Running: ['***', 'tasks', 'run', 'Weekly_transformation', 'end_dag', 'manual__2025-09-12T08:51:41.413902+00:00', '--job-id', '138', '--raw', '--subdir', 'DAGS_FOLDER/dag_prolab.py', '--cfg-path', '/tmp/tmp0cv_so7e']
[2025-09-12T08:51:56.605+0000] {standard_task_runner.py:105} INFO - Job 138: Subtask end_dag
[2025-09-12T08:51:56.641+0000] {task_command.py:467} INFO - Running <TaskInstance: Weekly_transformation.end_dag manual__2025-09-12T08:51:41.413902+00:00 [running]> on host 3e0e53ef8921
[2025-09-12T08:51:56.702+0000] {taskinstance.py:3157} INFO - Exporting env vars: AIRFLOW_CTX_DAG_OWNER='***' AIRFLOW_CTX_DAG_ID='Weekly_transformation' AIRFLOW_CTX_TASK_ID='end_dag' AIRFLOW_CTX_EXECUTION_DATE='2025-09-12T08:51:41.413902+00:00' AIRFLOW_CTX_TRY_NUMBER='1' AIRFLOW_CTX_DAG_RUN_ID='manual__2025-09-12T08:51:41.413902+00:00'
[2025-09-12T08:51:56.704+0000] {taskinstance.py:740} INFO - ::endgroup::
[2025-09-12T08:51:56.714+0000] {subprocess.py:78} INFO - Tmp dir root location: /tmp
[2025-09-12T08:51:56.716+0000] {subprocess.py:88} INFO - Running command: ['/usr/bin/bash', '-c', "echo 'End!'"]
[2025-09-12T08:51:56.729+0000] {subprocess.py:99} INFO - Output:
[2025-09-12T08:51:56.731+0000] {subprocess.py:106} INFO - End!
[2025-09-12T08:51:56.732+0000] {subprocess.py:110} INFO - Command exited with return code 0
[2025-09-12T08:51:56.749+0000] {taskinstance.py:349} INFO - ::group::Post task execution logs
[2025-09-12T08:51:56.751+0000] {taskinstance.py:361} INFO - Marking task as SUCCESS. dag_id=Weekly_transformation, task_id=end_dag, run_id=manual__2025-09-12T08:51:41.413902+00:00, execution_date=20250912T085141, start_date=20250912T085156, end_date=20250912T085156
[2025-09-12T08:51:56.816+0000] {local_task_job_runner.py:266} INFO - Task exited with return code 0
[2025-09-12T08:51:56.828+0000] {taskinstance.py:3924} INFO - 0 downstream tasks scheduled from follow-on schedule check
[2025-09-12T08:51:56.831+0000] {local_task_job_runner.py:245} INFO - ::endgroup::
