[2025-09-10 16:14:39,672] {taskinstance.py:1159} INFO - Dependencies all met for <TaskInstance: Daily_img_transfer.move_images manual__2025-09-10T16:14:38.189334+00:00 [queued]>
[2025-09-10 16:14:39,679] {taskinstance.py:1159} INFO - Dependencies all met for <TaskInstance: Daily_img_transfer.move_images manual__2025-09-10T16:14:38.189334+00:00 [queued]>
[2025-09-10 16:14:39,680] {taskinstance.py:1356} INFO - 
--------------------------------------------------------------------------------
[2025-09-10 16:14:39,681] {taskinstance.py:1357} INFO - Starting attempt 1 of 1
[2025-09-10 16:14:39,681] {taskinstance.py:1358} INFO - 
--------------------------------------------------------------------------------
[2025-09-10 16:14:39,693] {taskinstance.py:1377} INFO - Executing <Task(BashOperator): move_images> on 2025-09-10 16:14:38.189334+00:00
[2025-09-10 16:14:39,696] {standard_task_runner.py:52} INFO - Started process 713 to run task
[2025-09-10 16:14:39,698] {standard_task_runner.py:79} INFO - Running: ['***', 'tasks', 'run', 'Daily_img_transfer', 'move_images', 'manual__2025-09-10T16:14:38.189334+00:00', '--job-id', '12', '--raw', '--subdir', 'DAGS_FOLDER/dags.py', '--cfg-path', '/tmp/tmpe9r578lb', '--error-file', '/tmp/tmpvoha33_h']
[2025-09-10 16:14:39,699] {standard_task_runner.py:80} INFO - Job 12: Subtask move_images
[2025-09-10 16:14:39,735] {task_command.py:370} INFO - Running <TaskInstance: Daily_img_transfer.move_images manual__2025-09-10T16:14:38.189334+00:00 [running]> on host 17d4e251db5b
[2025-09-10 16:14:39,782] {taskinstance.py:1571} INFO - Exporting the following env vars:
AIRFLOW_CTX_DAG_OWNER=***
AIRFLOW_CTX_DAG_ID=Daily_img_transfer
AIRFLOW_CTX_TASK_ID=move_images
AIRFLOW_CTX_EXECUTION_DATE=2025-09-10T16:14:38.189334+00:00
AIRFLOW_CTX_TRY_NUMBER=1
AIRFLOW_CTX_DAG_RUN_ID=manual__2025-09-10T16:14:38.189334+00:00
[2025-09-10 16:14:39,784] {subprocess.py:62} INFO - Tmp dir root location: 
 /tmp
[2025-09-10 16:14:39,785] {subprocess.py:74} INFO - Running command: ['bash', '-c', 'pwd']
[2025-09-10 16:14:39,793] {subprocess.py:85} INFO - Output:
[2025-09-10 16:14:39,794] {subprocess.py:92} INFO - /tmp/***tmpllzcwvhy
[2025-09-10 16:14:39,795] {subprocess.py:96} INFO - Command exited with return code 0
[2025-09-10 16:14:39,816] {taskinstance.py:1400} INFO - Marking task as SUCCESS. dag_id=Daily_img_transfer, task_id=move_images, execution_date=20250910T161438, start_date=20250910T161439, end_date=20250910T161439
[2025-09-10 16:14:39,870] {local_task_job.py:156} INFO - Task exited with return code 0
[2025-09-10 16:14:39,895] {local_task_job.py:273} INFO - 1 downstream tasks scheduled from follow-on schedule check
