[2025-09-10 14:27:25,048] {manager.py:480} INFO - Processing files using up to 2 processes at a time 
[2025-09-10 14:27:25,049] {manager.py:481} INFO - Process each file at most once every 30 seconds
[2025-09-10 14:27:25,049] {manager.py:483} INFO - Checking for new files in /opt/airflow/dags every 300 seconds
[2025-09-10 14:27:25,050] {manager.py:690} INFO - Searching for files in /opt/airflow/dags
[2025-09-10 14:27:25,060] {manager.py:693} INFO - There are 0 files in /opt/airflow/dags
[2025-09-10 14:32:26,033] {manager.py:690} INFO - Searching for files in /opt/airflow/dags
[2025-09-10 14:32:26,040] {manager.py:693} INFO - There are 0 files in /opt/airflow/dags
[2025-09-10 14:37:26,867] {manager.py:690} INFO - Searching for files in /opt/airflow/dags
[2025-09-10 14:37:26,873] {manager.py:693} INFO - There are 0 files in /opt/airflow/dags
[2025-09-10 14:42:27,194] {manager.py:690} INFO - Searching for files in /opt/airflow/dags
[2025-09-10 14:42:27,205] {manager.py:693} INFO - There are 0 files in /opt/airflow/dags
[2025-09-10 14:47:28,006] {manager.py:690} INFO - Searching for files in /opt/airflow/dags
[2025-09-10 14:47:28,012] {manager.py:693} INFO - There are 0 files in /opt/airflow/dags
[2025-09-10 14:52:28,427] {manager.py:690} INFO - Searching for files in /opt/airflow/dags
[2025-09-10 14:52:28,434] {manager.py:693} INFO - There are 0 files in /opt/airflow/dags
[2025-09-10 14:57:29,252] {manager.py:690} INFO - Searching for files in /opt/airflow/dags
[2025-09-10 14:57:29,259] {manager.py:693} INFO - There are 0 files in /opt/airflow/dags
[2025-09-10 15:02:29,500] {manager.py:690} INFO - Searching for files in /opt/airflow/dags
[2025-09-10 15:02:29,518] {manager.py:693} INFO - There are 0 files in /opt/airflow/dags
[2025-09-10 15:07:30,325] {manager.py:690} INFO - Searching for files in /opt/airflow/dags
[2025-09-10 15:07:30,334] {manager.py:693} INFO - There are 0 files in /opt/airflow/dags
[2025-09-10 15:12:30,978] {manager.py:690} INFO - Searching for files in /opt/airflow/dags
[2025-09-10 15:12:30,985] {manager.py:693} INFO - There are 0 files in /opt/airflow/dags
[2025-09-10 15:17:31,923] {manager.py:690} INFO - Searching for files in /opt/airflow/dags
[2025-09-10 15:17:31,931] {manager.py:693} INFO - There are 0 files in /opt/airflow/dags
[2025-09-10 15:22:32,462] {manager.py:690} INFO - Searching for files in /opt/airflow/dags
[2025-09-10 15:22:32,473] {manager.py:693} INFO - There are 0 files in /opt/airflow/dags
[2025-09-10 15:27:32,991] {manager.py:690} INFO - Searching for files in /opt/airflow/dags
[2025-09-10 15:27:33,002] {manager.py:693} INFO - There are 0 files in /opt/airflow/dags
[2025-09-10 15:32:33,003] {manager.py:690} INFO - Searching for files in /opt/airflow/dags
[2025-09-10 15:32:33,015] {manager.py:693} INFO - There are 0 files in /opt/airflow/dags
[2025-09-10 15:37:33,049] {manager.py:690} INFO - Searching for files in /opt/airflow/dags
[2025-09-10 15:37:33,058] {manager.py:693} INFO - There are 0 files in /opt/airflow/dags
[2025-09-10 15:42:36,240] {manager.py:690} INFO - Searching for files in /opt/airflow/dags
[2025-09-10 15:42:36,255] {manager.py:693} INFO - There are 0 files in /opt/airflow/dags
[2025-09-10 15:47:36,361] {manager.py:690} INFO - Searching for files in /opt/airflow/dags
[2025-09-10 15:47:36,368] {manager.py:693} INFO - There are 0 files in /opt/airflow/dags
[2025-09-10 15:52:36,777] {manager.py:690} INFO - Searching for files in /opt/airflow/dags
[2025-09-10 15:52:36,788] {manager.py:693} INFO - There are 1 files in /opt/airflow/dags
[2025-09-10 15:52:47,866] {manager.py:809} INFO - 
================================================================================
DAG File Processing Stats

File Path                  PID    Runtime      # DAGs    # Errors  Last Runtime    Last Run
-------------------------  -----  ---------  --------  ----------  --------------  -------------------
/opt/airflow/dags/dags.py                           0           1  0.11s           2025-09-10T15:52:36
================================================================================
[2025-09-10 15:53:21,089] {manager.py:809} INFO - 
================================================================================
DAG File Processing Stats

File Path                  PID    Runtime      # DAGs    # Errors  Last Runtime    Last Run
-------------------------  -----  ---------  --------  ----------  --------------  -------------------
/opt/airflow/dags/dags.py                           0           1  0.10s           2025-09-10T15:53:07
================================================================================
[2025-09-10 15:53:54,280] {manager.py:809} INFO - 
================================================================================
DAG File Processing Stats

File Path                  PID    Runtime      # DAGs    # Errors  Last Runtime    Last Run
-------------------------  -----  ---------  --------  ----------  --------------  -------------------
/opt/airflow/dags/dags.py                           0           1  0.07s           2025-09-10T15:53:37
================================================================================
[2025-09-10 15:54:27,395] {manager.py:809} INFO - 
================================================================================
DAG File Processing Stats

File Path                  PID    Runtime      # DAGs    # Errors  Last Runtime    Last Run
-------------------------  -----  ---------  --------  ----------  --------------  -------------------
/opt/airflow/dags/dags.py                           0           1  0.07s           2025-09-10T15:54:09
================================================================================
[2025-09-10 15:55:00,571] {manager.py:809} INFO - 
================================================================================
DAG File Processing Stats

File Path                  PID    Runtime      # DAGs    # Errors  Last Runtime    Last Run
-------------------------  -----  ---------  --------  ----------  --------------  -------------------
/opt/airflow/dags/dags.py                           0           1  0.12s           2025-09-10T15:54:47
================================================================================
[2025-09-10 15:55:33,812] {manager.py:809} INFO - 
================================================================================
DAG File Processing Stats

File Path                  PID    Runtime      # DAGs    # Errors  Last Runtime    Last Run
-------------------------  -----  ---------  --------  ----------  --------------  -------------------
/opt/airflow/dags/dags.py                           0           1  0.11s           2025-09-10T15:55:17
================================================================================
[2025-09-10 15:56:07,012] {manager.py:809} INFO - 
================================================================================
DAG File Processing Stats

File Path                  PID    Runtime      # DAGs    # Errors  Last Runtime    Last Run
-------------------------  -----  ---------  --------  ----------  --------------  -------------------
/opt/airflow/dags/dags.py                           1           0  0.47s           2025-09-10T15:55:56
================================================================================
[2025-09-10 15:56:40,268] {manager.py:809} INFO - 
================================================================================
DAG File Processing Stats

File Path                  PID    Runtime      # DAGs    # Errors  Last Runtime    Last Run
-------------------------  -----  ---------  --------  ----------  --------------  -------------------
/opt/airflow/dags/dags.py                           1           0  0.15s           2025-09-10T15:56:16
================================================================================
[2025-09-10 15:57:13,526] {manager.py:809} INFO - 
================================================================================
DAG File Processing Stats

File Path                  PID    Runtime      # DAGs    # Errors  Last Runtime    Last Run
-------------------------  -----  ---------  --------  ----------  --------------  -------------------
/opt/airflow/dags/dags.py                           1           0  0.21s           2025-09-10T15:56:46
================================================================================
[2025-09-10 15:57:36,985] {manager.py:690} INFO - Searching for files in /opt/airflow/dags
[2025-09-10 15:57:37,055] {manager.py:693} INFO - There are 1 files in /opt/airflow/dags
[2025-09-10 15:57:48,468] {manager.py:809} INFO - 
================================================================================
DAG File Processing Stats

File Path                  PID    Runtime      # DAGs    # Errors  Last Runtime    Last Run
-------------------------  -----  ---------  --------  ----------  --------------  -------------------
/opt/airflow/dags/dags.py                           1           0  0.20s           2025-09-10T15:57:47
================================================================================
[2025-09-10 15:58:20,112] {manager.py:809} INFO - 
================================================================================
DAG File Processing Stats

File Path                  PID    Runtime      # DAGs    # Errors  Last Runtime    Last Run
-------------------------  -----  ---------  --------  ----------  --------------  -------------------
/opt/airflow/dags/dags.py                           1           0  0.20s           2025-09-10T15:58:18
================================================================================
[2025-09-10 15:58:53,366] {manager.py:809} INFO - 
================================================================================
DAG File Processing Stats

File Path                  PID    Runtime      # DAGs    # Errors  Last Runtime    Last Run
-------------------------  -----  ---------  --------  ----------  --------------  -------------------
/opt/airflow/dags/dags.py                           1           0  0.18s           2025-09-10T15:58:48
================================================================================
[2025-09-10 15:59:26,677] {manager.py:809} INFO - 
================================================================================
DAG File Processing Stats

File Path                  PID    Runtime      # DAGs    # Errors  Last Runtime    Last Run
-------------------------  -----  ---------  --------  ----------  --------------  -------------------
/opt/airflow/dags/dags.py                           1           0  0.18s           2025-09-10T15:59:18
================================================================================
[2025-09-10 15:59:50,429] {manager.py:462} INFO - Exiting gracefully upon receiving signal 15
[2025-09-10 16:00:19,575] {manager.py:480} INFO - Processing files using up to 2 processes at a time 
[2025-09-10 16:00:19,576] {manager.py:481} INFO - Process each file at most once every 30 seconds
[2025-09-10 16:00:19,576] {manager.py:483} INFO - Checking for new files in /opt/airflow/dags every 300 seconds
[2025-09-10 16:00:19,576] {manager.py:690} INFO - Searching for files in /opt/airflow/dags
[2025-09-10 16:00:19,601] {manager.py:693} INFO - There are 1 files in /opt/airflow/dags
[2025-09-10 16:00:19,649] {manager.py:809} INFO - 
================================================================================
DAG File Processing Stats

File Path                    PID  Runtime      # DAGs    # Errors  Last Runtime    Last Run
-------------------------  -----  ---------  --------  ----------  --------------  ----------
/opt/airflow/dags/dags.py     49  0.01s             0           0
================================================================================
[2025-09-10 16:00:52,841] {manager.py:809} INFO - 
================================================================================
DAG File Processing Stats

File Path                  PID    Runtime      # DAGs    # Errors  Last Runtime    Last Run
-------------------------  -----  ---------  --------  ----------  --------------  -------------------
/opt/airflow/dags/dags.py                           1           0  0.15s           2025-09-10T16:00:49
================================================================================
[2025-09-10 16:01:26,059] {manager.py:809} INFO - 
================================================================================
DAG File Processing Stats

File Path                  PID    Runtime      # DAGs    # Errors  Last Runtime    Last Run
-------------------------  -----  ---------  --------  ----------  --------------  -------------------
/opt/airflow/dags/dags.py                           1           0  0.13s           2025-09-10T16:01:20
================================================================================
[2025-09-10 16:01:59,187] {manager.py:809} INFO - 
================================================================================
DAG File Processing Stats

File Path                  PID    Runtime      # DAGs    # Errors  Last Runtime    Last Run
-------------------------  -----  ---------  --------  ----------  --------------  -------------------
/opt/airflow/dags/dags.py                           1           0  0.11s           2025-09-10T16:01:51
================================================================================
[2025-09-10 16:02:32,416] {manager.py:809} INFO - 
================================================================================
DAG File Processing Stats

File Path                  PID    Runtime      # DAGs    # Errors  Last Runtime    Last Run
-------------------------  -----  ---------  --------  ----------  --------------  -------------------
/opt/airflow/dags/dags.py                           1           0  0.14s           2025-09-10T16:02:24
================================================================================
[2025-09-10 16:03:05,534] {manager.py:809} INFO - 
================================================================================
DAG File Processing Stats

File Path                  PID    Runtime      # DAGs    # Errors  Last Runtime    Last Run
-------------------------  -----  ---------  --------  ----------  --------------  -------------------
/opt/airflow/dags/dags.py                           1           0  0.11s           2025-09-10T16:02:57
================================================================================
[2025-09-10 16:03:38,742] {manager.py:809} INFO - 
================================================================================
DAG File Processing Stats

File Path                  PID    Runtime      # DAGs    # Errors  Last Runtime    Last Run
-------------------------  -----  ---------  --------  ----------  --------------  -------------------
/opt/airflow/dags/dags.py                           1           0  1.99s           2025-09-10T16:03:29
================================================================================
[2025-09-10 16:04:11,903] {manager.py:809} INFO - 
================================================================================
DAG File Processing Stats

File Path                  PID    Runtime      # DAGs    # Errors  Last Runtime    Last Run
-------------------------  -----  ---------  --------  ----------  --------------  -------------------
/opt/airflow/dags/dags.py                           1           0  0.17s           2025-09-10T16:04:03
================================================================================
[2025-09-10 16:04:45,137] {manager.py:809} INFO - 
================================================================================
DAG File Processing Stats

File Path                  PID    Runtime      # DAGs    # Errors  Last Runtime    Last Run
-------------------------  -----  ---------  --------  ----------  --------------  -------------------
/opt/airflow/dags/dags.py                           1           0  0.10s           2025-09-10T16:04:36
================================================================================
[2025-09-10 16:05:18,363] {manager.py:809} INFO - 
================================================================================
DAG File Processing Stats

File Path                  PID    Runtime      # DAGs    # Errors  Last Runtime    Last Run
-------------------------  -----  ---------  --------  ----------  --------------  -------------------
/opt/airflow/dags/dags.py                           1           0  0.14s           2025-09-10T16:05:09
================================================================================
[2025-09-10 16:05:20,370] {manager.py:690} INFO - Searching for files in /opt/airflow/dags
[2025-09-10 16:05:20,392] {manager.py:693} INFO - There are 1 files in /opt/airflow/dags
[2025-09-10 16:05:51,491] {manager.py:809} INFO - 
================================================================================
DAG File Processing Stats

File Path                  PID    Runtime      # DAGs    # Errors  Last Runtime    Last Run
-------------------------  -----  ---------  --------  ----------  --------------  -------------------
/opt/airflow/dags/dags.py                           1           0  0.10s           2025-09-10T16:05:42
================================================================================
[2025-09-10 16:06:24,744] {manager.py:809} INFO - 
================================================================================
DAG File Processing Stats

File Path                  PID    Runtime      # DAGs    # Errors  Last Runtime    Last Run
-------------------------  -----  ---------  --------  ----------  --------------  -------------------
/opt/airflow/dags/dags.py                           1           0  0.11s           2025-09-10T16:06:15
================================================================================
[2025-09-10 16:06:57,895] {manager.py:809} INFO - 
================================================================================
DAG File Processing Stats

File Path                  PID    Runtime      # DAGs    # Errors  Last Runtime    Last Run
-------------------------  -----  ---------  --------  ----------  --------------  -------------------
/opt/airflow/dags/dags.py                           1           0  1.98s           2025-09-10T16:06:47
================================================================================
[2025-09-10 16:07:31,179] {manager.py:809} INFO - 
================================================================================
DAG File Processing Stats

File Path                  PID    Runtime      # DAGs    # Errors  Last Runtime    Last Run
-------------------------  -----  ---------  --------  ----------  --------------  -------------------
/opt/airflow/dags/dags.py                           1           0  0.10s           2025-09-10T16:07:21
================================================================================
[2025-09-10 16:08:04,340] {manager.py:809} INFO - 
================================================================================
DAG File Processing Stats

File Path                  PID    Runtime      # DAGs    # Errors  Last Runtime    Last Run
-------------------------  -----  ---------  --------  ----------  --------------  -------------------
/opt/airflow/dags/dags.py                           1           0  0.11s           2025-09-10T16:07:54
================================================================================
[2025-09-10 16:08:37,671] {manager.py:809} INFO - 
================================================================================
DAG File Processing Stats

File Path                  PID    Runtime      # DAGs    # Errors  Last Runtime    Last Run
-------------------------  -----  ---------  --------  ----------  --------------  -------------------
/opt/airflow/dags/dags.py                           1           0  0.11s           2025-09-10T16:08:27
================================================================================
[2025-09-10 16:09:10,831] {manager.py:809} INFO - 
================================================================================
DAG File Processing Stats

File Path                  PID    Runtime      # DAGs    # Errors  Last Runtime    Last Run
-------------------------  -----  ---------  --------  ----------  --------------  -------------------
/opt/airflow/dags/dags.py                           1           0  0.11s           2025-09-10T16:09:00
================================================================================
[2025-09-10 16:09:44,088] {manager.py:809} INFO - 
================================================================================
DAG File Processing Stats

File Path                  PID    Runtime      # DAGs    # Errors  Last Runtime    Last Run
-------------------------  -----  ---------  --------  ----------  --------------  -------------------
/opt/airflow/dags/dags.py                           1           0  0.14s           2025-09-10T16:09:34
================================================================================
[2025-09-10 16:10:17,206] {manager.py:809} INFO - 
================================================================================
DAG File Processing Stats

File Path                  PID    Runtime      # DAGs    # Errors  Last Runtime    Last Run
-------------------------  -----  ---------  --------  ----------  --------------  -------------------
/opt/airflow/dags/dags.py                           1           0  2.00s           2025-09-10T16:10:06
================================================================================
[2025-09-10 16:10:21,219] {manager.py:690} INFO - Searching for files in /opt/airflow/dags
[2025-09-10 16:10:21,248] {manager.py:693} INFO - There are 1 files in /opt/airflow/dags
[2025-09-10 16:10:50,523] {manager.py:809} INFO - 
================================================================================
DAG File Processing Stats

File Path                  PID    Runtime      # DAGs    # Errors  Last Runtime    Last Run
-------------------------  -----  ---------  --------  ----------  --------------  -------------------
/opt/airflow/dags/dags.py                           1           0  0.12s           2025-09-10T16:10:39
================================================================================
[2025-09-10 16:11:23,679] {manager.py:809} INFO - 
================================================================================
DAG File Processing Stats

File Path                  PID    Runtime      # DAGs    # Errors  Last Runtime    Last Run
-------------------------  -----  ---------  --------  ----------  --------------  -------------------
/opt/airflow/dags/dags.py                           1           0  0.13s           2025-09-10T16:11:12
================================================================================
[2025-09-10 16:11:56,897] {manager.py:809} INFO - 
================================================================================
DAG File Processing Stats

File Path                  PID    Runtime      # DAGs    # Errors  Last Runtime    Last Run
-------------------------  -----  ---------  --------  ----------  --------------  -------------------
/opt/airflow/dags/dags.py                           1           0  0.17s           2025-09-10T16:11:45
================================================================================
[2025-09-10 16:12:30,110] {manager.py:809} INFO - 
================================================================================
DAG File Processing Stats

File Path                  PID    Runtime      # DAGs    # Errors  Last Runtime    Last Run
-------------------------  -----  ---------  --------  ----------  --------------  -------------------
/opt/airflow/dags/dags.py                           1           0  0.12s           2025-09-10T16:12:19
================================================================================
[2025-09-10 16:13:03,412] {manager.py:809} INFO - 
================================================================================
DAG File Processing Stats

File Path                  PID    Runtime      # DAGs    # Errors  Last Runtime    Last Run
-------------------------  -----  ---------  --------  ----------  --------------  -------------------
/opt/airflow/dags/dags.py                           1           0  0.11s           2025-09-10T16:12:52
================================================================================
[2025-09-10 16:13:36,562] {manager.py:809} INFO - 
================================================================================
DAG File Processing Stats

File Path                  PID    Runtime      # DAGs    # Errors  Last Runtime    Last Run
-------------------------  -----  ---------  --------  ----------  --------------  -------------------
/opt/airflow/dags/dags.py                           1           0  1.97s           2025-09-10T16:13:24
================================================================================
[2025-09-10 16:14:09,758] {manager.py:809} INFO - 
================================================================================
DAG File Processing Stats

File Path                  PID    Runtime      # DAGs    # Errors  Last Runtime    Last Run
-------------------------  -----  ---------  --------  ----------  --------------  -------------------
/opt/airflow/dags/dags.py                           1           0  0.12s           2025-09-10T16:13:57
================================================================================
[2025-09-10 16:14:43,221] {manager.py:809} INFO - 
================================================================================
DAG File Processing Stats

File Path                  PID    Runtime      # DAGs    # Errors  Last Runtime    Last Run
-------------------------  -----  ---------  --------  ----------  --------------  -------------------
/opt/airflow/dags/dags.py                           1           0  0.07s           2025-09-10T16:14:21
================================================================================
[2025-09-10 16:15:16,404] {manager.py:809} INFO - 
================================================================================
DAG File Processing Stats

File Path                  PID    Runtime      # DAGs    # Errors  Last Runtime    Last Run
-------------------------  -----  ---------  --------  ----------  --------------  -------------------
/opt/airflow/dags/dags.py                           1           0  0.11s           2025-09-10T16:14:51
================================================================================
[2025-09-10 16:15:21,430] {manager.py:690} INFO - Searching for files in /opt/airflow/dags
[2025-09-10 16:15:21,449] {manager.py:693} INFO - There are 1 files in /opt/airflow/dags
[2025-09-10 16:15:49,617] {manager.py:809} INFO - 
================================================================================
DAG File Processing Stats

File Path                  PID    Runtime      # DAGs    # Errors  Last Runtime    Last Run
-------------------------  -----  ---------  --------  ----------  --------------  -------------------
/opt/airflow/dags/dags.py                           1           0  0.12s           2025-09-10T16:15:21
================================================================================
[2025-09-10 16:16:22,894] {manager.py:809} INFO - 
================================================================================
DAG File Processing Stats

File Path                  PID    Runtime      # DAGs    # Errors  Last Runtime    Last Run
-------------------------  -----  ---------  --------  ----------  --------------  -------------------
/opt/airflow/dags/dags.py                           1           0  0.12s           2025-09-10T16:16:21
================================================================================
[2025-09-10 16:16:56,191] {manager.py:809} INFO - 
================================================================================
DAG File Processing Stats

File Path                  PID    Runtime      # DAGs    # Errors  Last Runtime    Last Run
-------------------------  -----  ---------  --------  ----------  --------------  -------------------
/opt/airflow/dags/dags.py                           1           0  0.12s           2025-09-10T16:16:52
================================================================================
[2025-09-10 16:17:29,439] {manager.py:809} INFO - 
================================================================================
DAG File Processing Stats

File Path                  PID    Runtime      # DAGs    # Errors  Last Runtime    Last Run
-------------------------  -----  ---------  --------  ----------  --------------  -------------------
/opt/airflow/dags/dags.py                           1           0  0.10s           2025-09-10T16:17:22
================================================================================
[2025-09-10 16:18:02,735] {manager.py:809} INFO - 
================================================================================
DAG File Processing Stats

File Path                  PID    Runtime      # DAGs    # Errors  Last Runtime    Last Run
-------------------------  -----  ---------  --------  ----------  --------------  -------------------
/opt/airflow/dags/dags.py                           1           0  0.20s           2025-09-10T16:17:52
================================================================================
[2025-09-10 16:18:36,017] {manager.py:809} INFO - 
================================================================================
DAG File Processing Stats

File Path                  PID    Runtime      # DAGs    # Errors  Last Runtime    Last Run
-------------------------  -----  ---------  --------  ----------  --------------  -------------------
/opt/airflow/dags/dags.py                           1           0  0.10s           2025-09-10T16:18:23
================================================================================
[2025-09-10 16:19:09,286] {manager.py:809} INFO - 
================================================================================
DAG File Processing Stats

File Path                  PID    Runtime      # DAGs    # Errors  Last Runtime    Last Run
-------------------------  -----  ---------  --------  ----------  --------------  -------------------
/opt/airflow/dags/dags.py                           1           0  0.16s           2025-09-10T16:18:55
================================================================================
[2025-09-10 16:19:42,537] {manager.py:809} INFO - 
================================================================================
DAG File Processing Stats

File Path                  PID    Runtime      # DAGs    # Errors  Last Runtime    Last Run
-------------------------  -----  ---------  --------  ----------  --------------  -------------------
/opt/airflow/dags/dags.py                           1           0  0.10s           2025-09-10T16:19:28
================================================================================
[2025-09-10 16:20:15,808] {manager.py:809} INFO - 
================================================================================
DAG File Processing Stats

File Path                  PID    Runtime      # DAGs    # Errors  Last Runtime    Last Run
-------------------------  -----  ---------  --------  ----------  --------------  -------------------
/opt/airflow/dags/dags.py                           1           0  0.22s           2025-09-10T16:20:01
================================================================================
[2025-09-10 16:20:21,833] {manager.py:690} INFO - Searching for files in /opt/airflow/dags
[2025-09-10 16:20:21,849] {manager.py:693} INFO - There are 1 files in /opt/airflow/dags
[2025-09-10 16:20:49,037] {manager.py:809} INFO - 
================================================================================
DAG File Processing Stats

File Path                  PID    Runtime      # DAGs    # Errors  Last Runtime    Last Run
-------------------------  -----  ---------  --------  ----------  --------------  -------------------
/opt/airflow/dags/dags.py                           1           0  0.10s           2025-09-10T16:20:35
================================================================================
[2025-09-10 16:21:22,292] {manager.py:809} INFO - 
================================================================================
DAG File Processing Stats

File Path                  PID    Runtime      # DAGs    # Errors  Last Runtime    Last Run
-------------------------  -----  ---------  --------  ----------  --------------  -------------------
/opt/airflow/dags/dags.py                           1           0  2.00s           2025-09-10T16:21:07
================================================================================
[2025-09-10 16:21:55,627] {manager.py:809} INFO - 
================================================================================
DAG File Processing Stats

File Path                  PID    Runtime      # DAGs    # Errors  Last Runtime    Last Run
-------------------------  -----  ---------  --------  ----------  --------------  -------------------
/opt/airflow/dags/dags.py                           1           0  0.11s           2025-09-10T16:21:40
================================================================================
[2025-09-10 16:22:28,836] {manager.py:809} INFO - 
================================================================================
DAG File Processing Stats

File Path                  PID    Runtime      # DAGs    # Errors  Last Runtime    Last Run
-------------------------  -----  ---------  --------  ----------  --------------  -------------------
/opt/airflow/dags/dags.py                           1           0  0.10s           2025-09-10T16:22:13
================================================================================
[2025-09-10 16:23:02,064] {manager.py:809} INFO - 
================================================================================
DAG File Processing Stats

File Path                  PID    Runtime      # DAGs    # Errors  Last Runtime    Last Run
-------------------------  -----  ---------  --------  ----------  --------------  -------------------
/opt/airflow/dags/dags.py                           1           0  0.12s           2025-09-10T16:22:47
================================================================================
[2025-09-10 16:23:35,266] {manager.py:809} INFO - 
================================================================================
DAG File Processing Stats

File Path                  PID    Runtime      # DAGs    # Errors  Last Runtime    Last Run
-------------------------  -----  ---------  --------  ----------  --------------  -------------------
/opt/airflow/dags/dags.py                           1           0  0.11s           2025-09-10T16:23:20
================================================================================
[2025-09-10 16:24:08,510] {manager.py:809} INFO - 
================================================================================
DAG File Processing Stats

File Path                  PID    Runtime      # DAGs    # Errors  Last Runtime    Last Run
-------------------------  -----  ---------  --------  ----------  --------------  -------------------
/opt/airflow/dags/dags.py                           1           0  0.12s           2025-09-10T16:23:53
================================================================================
[2025-09-10 16:24:41,683] {manager.py:809} INFO - 
================================================================================
DAG File Processing Stats

File Path                  PID    Runtime      # DAGs    # Errors  Last Runtime    Last Run
-------------------------  -----  ---------  --------  ----------  --------------  -------------------
/opt/airflow/dags/dags.py                           1           0  1.99s           2025-09-10T16:24:25
================================================================================
[2025-09-10 16:25:14,896] {manager.py:809} INFO - 
================================================================================
DAG File Processing Stats

File Path                  PID    Runtime      # DAGs    # Errors  Last Runtime    Last Run
-------------------------  -----  ---------  --------  ----------  --------------  -------------------
/opt/airflow/dags/dags.py                           1           0  0.11s           2025-09-10T16:24:58
================================================================================
[2025-09-10 16:25:21,920] {manager.py:690} INFO - Searching for files in /opt/airflow/dags
[2025-09-10 16:25:21,946] {manager.py:693} INFO - There are 1 files in /opt/airflow/dags
[2025-09-10 16:25:48,149] {manager.py:809} INFO - 
================================================================================
DAG File Processing Stats

File Path                  PID    Runtime      # DAGs    # Errors  Last Runtime    Last Run
-------------------------  -----  ---------  --------  ----------  --------------  -------------------
/opt/airflow/dags/dags.py                           1           0  0.10s           2025-09-10T16:25:32
================================================================================
[2025-09-10 16:26:21,376] {manager.py:809} INFO - 
================================================================================
DAG File Processing Stats

File Path                  PID    Runtime      # DAGs    # Errors  Last Runtime    Last Run
-------------------------  -----  ---------  --------  ----------  --------------  -------------------
/opt/airflow/dags/dags.py                           1           0  0.10s           2025-09-10T16:26:05
================================================================================
[2025-09-10 16:26:54,425] {manager.py:809} INFO - 
================================================================================
DAG File Processing Stats

File Path                  PID    Runtime      # DAGs    # Errors  Last Runtime    Last Run
-------------------------  -----  ---------  --------  ----------  --------------  -------------------
/opt/airflow/dags/dags.py                           1           0  0.12s           2025-09-10T16:26:38
================================================================================
[2025-09-10 16:27:27,638] {manager.py:809} INFO - 
================================================================================
DAG File Processing Stats

File Path                    PID  Runtime      # DAGs    # Errors  Last Runtime    Last Run
-------------------------  -----  ---------  --------  ----------  --------------  -------------------
/opt/airflow/dags/dags.py   1327  0.00s             1           0  0.06s           2025-09-10T16:27:03
================================================================================
[2025-09-10 16:28:00,910] {manager.py:809} INFO - 
================================================================================
DAG File Processing Stats

File Path                  PID    Runtime      # DAGs    # Errors  Last Runtime    Last Run
-------------------------  -----  ---------  --------  ----------  --------------  -------------------
/opt/airflow/dags/dags.py                           1           0  0.14s           2025-09-10T16:27:57
================================================================================
[2025-09-10 16:28:34,083] {manager.py:809} INFO - 
================================================================================
DAG File Processing Stats

File Path                  PID    Runtime      # DAGs    # Errors  Last Runtime    Last Run
-------------------------  -----  ---------  --------  ----------  --------------  -------------------
/opt/airflow/dags/dags.py                           1           0  0.10s           2025-09-10T16:28:28
================================================================================
[2025-09-10 16:29:07,243] {manager.py:809} INFO - 
================================================================================
DAG File Processing Stats

File Path                  PID    Runtime      # DAGs    # Errors  Last Runtime    Last Run
-------------------------  -----  ---------  --------  ----------  --------------  -------------------
/opt/airflow/dags/dags.py                           1           0  0.11s           2025-09-10T16:28:58
================================================================================
[2025-09-10 16:29:40,413] {manager.py:809} INFO - 
================================================================================
DAG File Processing Stats

File Path                  PID    Runtime      # DAGs    # Errors  Last Runtime    Last Run
-------------------------  -----  ---------  --------  ----------  --------------  -------------------
/opt/airflow/dags/dags.py                           1           0  0.11s           2025-09-10T16:29:28
================================================================================
[2025-09-10 16:30:13,609] {manager.py:809} INFO - 
================================================================================
DAG File Processing Stats

File Path                  PID    Runtime      # DAGs    # Errors  Last Runtime    Last Run
-------------------------  -----  ---------  --------  ----------  --------------  -------------------
/opt/airflow/dags/dags.py                           1           0  0.11s           2025-09-10T16:29:58
================================================================================
[2025-09-10 16:30:22,651] {manager.py:690} INFO - Searching for files in /opt/airflow/dags
[2025-09-10 16:30:22,676] {manager.py:693} INFO - There are 1 files in /opt/airflow/dags
[2025-09-10 16:30:46,842] {manager.py:809} INFO - 
================================================================================
DAG File Processing Stats

File Path                  PID    Runtime      # DAGs    # Errors  Last Runtime    Last Run
-------------------------  -----  ---------  --------  ----------  --------------  -------------------
/opt/airflow/dags/dags.py                           1           0  0.10s           2025-09-10T16:30:28
================================================================================
[2025-09-10 16:31:20,249] {manager.py:809} INFO - 
================================================================================
DAG File Processing Stats

File Path                  PID    Runtime      # DAGs    # Errors  Last Runtime    Last Run
-------------------------  -----  ---------  --------  ----------  --------------  -------------------
/opt/airflow/dags/dags.py                           1           0  0.12s           2025-09-10T16:31:02
================================================================================
[2025-09-10 16:31:53,312] {manager.py:809} INFO - 
================================================================================
DAG File Processing Stats

File Path                  PID    Runtime      # DAGs    # Errors  Last Runtime    Last Run
-------------------------  -----  ---------  --------  ----------  --------------  -------------------
/opt/airflow/dags/dags.py                           1           0  0.10s           2025-09-10T16:31:35
================================================================================
[2025-09-10 16:32:26,540] {manager.py:809} INFO - 
================================================================================
DAG File Processing Stats

File Path                  PID    Runtime      # DAGs    # Errors  Last Runtime    Last Run
-------------------------  -----  ---------  --------  ----------  --------------  -------------------
/opt/airflow/dags/dags.py                           1           0  0.12s           2025-09-10T16:32:08
================================================================================
[2025-09-10 16:32:59,740] {manager.py:809} INFO - 
================================================================================
DAG File Processing Stats

File Path                  PID    Runtime      # DAGs    # Errors  Last Runtime    Last Run
-------------------------  -----  ---------  --------  ----------  --------------  -------------------
/opt/airflow/dags/dags.py                           1           0  0.12s           2025-09-10T16:32:41
================================================================================
[2025-09-10 16:33:32,916] {manager.py:809} INFO - 
================================================================================
DAG File Processing Stats

File Path                  PID    Runtime      # DAGs    # Errors  Last Runtime    Last Run
-------------------------  -----  ---------  --------  ----------  --------------  -------------------
/opt/airflow/dags/dags.py                           1           0  1.98s           2025-09-10T16:33:13
================================================================================
[2025-09-10 16:34:06,063] {manager.py:809} INFO - 
================================================================================
DAG File Processing Stats

File Path                  PID    Runtime      # DAGs    # Errors  Last Runtime    Last Run
-------------------------  -----  ---------  --------  ----------  --------------  -------------------
/opt/airflow/dags/dags.py                           1           0  0.11s           2025-09-10T16:33:47
================================================================================
[2025-09-10 16:34:39,315] {manager.py:809} INFO - 
================================================================================
DAG File Processing Stats

File Path                  PID    Runtime      # DAGs    # Errors  Last Runtime    Last Run
-------------------------  -----  ---------  --------  ----------  --------------  -------------------
/opt/airflow/dags/dags.py                           1           0  0.11s           2025-09-10T16:34:20
================================================================================
[2025-09-10 16:35:12,496] {manager.py:809} INFO - 
================================================================================
DAG File Processing Stats

File Path                  PID    Runtime      # DAGs    # Errors  Last Runtime    Last Run
-------------------------  -----  ---------  --------  ----------  --------------  -------------------
/opt/airflow/dags/dags.py                           1           0  0.11s           2025-09-10T16:34:53
================================================================================
[2025-09-10 16:35:26,521] {manager.py:690} INFO - Searching for files in /opt/airflow/dags
[2025-09-10 16:35:26,537] {manager.py:693} INFO - There are 1 files in /opt/airflow/dags
[2025-09-10 16:35:45,693] {manager.py:809} INFO - 
================================================================================
DAG File Processing Stats

File Path                  PID    Runtime      # DAGs    # Errors  Last Runtime    Last Run
-------------------------  -----  ---------  --------  ----------  --------------  -------------------
/opt/airflow/dags/dags.py                           1           0  0.13s           2025-09-10T16:35:26
================================================================================
[2025-09-10 16:36:18,910] {manager.py:809} INFO - 
================================================================================
DAG File Processing Stats

File Path                  PID    Runtime      # DAGs    # Errors  Last Runtime    Last Run
-------------------------  -----  ---------  --------  ----------  --------------  -------------------
/opt/airflow/dags/dags.py                           1           0  0.12s           2025-09-10T16:35:59
================================================================================
[2025-09-10 16:36:52,146] {manager.py:809} INFO - 
================================================================================
DAG File Processing Stats

File Path                  PID    Runtime      # DAGs    # Errors  Last Runtime    Last Run
-------------------------  -----  ---------  --------  ----------  --------------  -------------------
/opt/airflow/dags/dags.py                           1           0  0.11s           2025-09-10T16:36:32
================================================================================
[2025-09-10 16:37:25,355] {manager.py:809} INFO - 
================================================================================
DAG File Processing Stats

File Path                  PID    Runtime      # DAGs    # Errors  Last Runtime    Last Run
-------------------------  -----  ---------  --------  ----------  --------------  -------------------
/opt/airflow/dags/dags.py                           1           0  0.13s           2025-09-10T16:37:05
================================================================================
[2025-09-10 16:37:58,546] {manager.py:809} INFO - 
================================================================================
DAG File Processing Stats

File Path                  PID    Runtime      # DAGs    # Errors  Last Runtime    Last Run
-------------------------  -----  ---------  --------  ----------  --------------  -------------------
/opt/airflow/dags/dags.py                           1           0  0.11s           2025-09-10T16:37:38
================================================================================
[2025-09-10 16:38:31,777] {manager.py:809} INFO - 
================================================================================
DAG File Processing Stats

File Path                  PID    Runtime      # DAGs    # Errors  Last Runtime    Last Run
-------------------------  -----  ---------  --------  ----------  --------------  -------------------
/opt/airflow/dags/dags.py                           1           0  0.26s           2025-09-10T16:38:11
================================================================================
[2025-09-10 16:39:05,181] {manager.py:809} INFO - 
================================================================================
DAG File Processing Stats

File Path                  PID    Runtime      # DAGs    # Errors  Last Runtime    Last Run
-------------------------  -----  ---------  --------  ----------  --------------  -------------------
/opt/airflow/dags/dags.py                           1           0  1.99s           2025-09-10T16:38:44
================================================================================
[2025-09-10 16:39:38,434] {manager.py:809} INFO - 
================================================================================
DAG File Processing Stats

File Path                  PID    Runtime      # DAGs    # Errors  Last Runtime    Last Run
-------------------------  -----  ---------  --------  ----------  --------------  -------------------
/opt/airflow/dags/dags.py                           1           0  0.16s           2025-09-10T16:39:17
================================================================================
[2025-09-10 16:40:11,620] {manager.py:809} INFO - 
================================================================================
DAG File Processing Stats

File Path                  PID    Runtime      # DAGs    # Errors  Last Runtime    Last Run
-------------------------  -----  ---------  --------  ----------  --------------  -------------------
/opt/airflow/dags/dags.py                           1           0  0.10s           2025-09-10T16:39:50
================================================================================
[2025-09-10 16:40:26,807] {manager.py:690} INFO - Searching for files in /opt/airflow/dags
[2025-09-10 16:40:26,861] {manager.py:693} INFO - There are 1 files in /opt/airflow/dags
[2025-09-10 16:40:44,963] {manager.py:809} INFO - 
================================================================================
DAG File Processing Stats

File Path                  PID    Runtime      # DAGs    # Errors  Last Runtime    Last Run
-------------------------  -----  ---------  --------  ----------  --------------  -------------------
/opt/airflow/dags/dags.py                           1           0  0.24s           2025-09-10T16:40:23
================================================================================
[2025-09-10 16:41:18,281] {manager.py:809} INFO - 
================================================================================
DAG File Processing Stats

File Path                  PID    Runtime      # DAGs    # Errors  Last Runtime    Last Run
-------------------------  -----  ---------  --------  ----------  --------------  -------------------
/opt/airflow/dags/dags.py                           1           0  0.10s           2025-09-10T16:40:57
================================================================================
[2025-09-10 16:41:51,547] {manager.py:809} INFO - 
================================================================================
DAG File Processing Stats

File Path                  PID    Runtime      # DAGs    # Errors  Last Runtime    Last Run
-------------------------  -----  ---------  --------  ----------  --------------  -------------------
/opt/airflow/dags/dags.py                           1           0  0.14s           2025-09-10T16:41:29
================================================================================
[2025-09-10 16:42:24,800] {manager.py:809} INFO - 
================================================================================
DAG File Processing Stats

File Path                  PID    Runtime      # DAGs    # Errors  Last Runtime    Last Run
-------------------------  -----  ---------  --------  ----------  --------------  -------------------
/opt/airflow/dags/dags.py                           1           0  0.11s           2025-09-10T16:42:02
================================================================================
[2025-09-10 16:42:57,979] {manager.py:809} INFO - 
================================================================================
DAG File Processing Stats

File Path                  PID    Runtime      # DAGs    # Errors  Last Runtime    Last Run
-------------------------  -----  ---------  --------  ----------  --------------  -------------------
/opt/airflow/dags/dags.py                           1           0  0.30s           2025-09-10T16:42:36
================================================================================
[2025-09-10 16:43:31,523] {manager.py:809} INFO - 
================================================================================
DAG File Processing Stats

File Path                  PID    Runtime      # DAGs    # Errors  Last Runtime    Last Run
-------------------------  -----  ---------  --------  ----------  --------------  -------------------
/opt/airflow/dags/dags.py                           1           0  1.99s           2025-09-10T16:43:08
================================================================================
[2025-09-10 16:44:04,843] {manager.py:809} INFO - 
================================================================================
DAG File Processing Stats

File Path                  PID    Runtime      # DAGs    # Errors  Last Runtime    Last Run
-------------------------  -----  ---------  --------  ----------  --------------  -------------------
/opt/airflow/dags/dags.py                           1           0  0.23s           2025-09-10T16:43:41
================================================================================
[2025-09-10 16:44:37,995] {manager.py:809} INFO - 
================================================================================
DAG File Processing Stats

File Path                  PID    Runtime      # DAGs    # Errors  Last Runtime    Last Run
-------------------------  -----  ---------  --------  ----------  --------------  -------------------
/opt/airflow/dags/dags.py                           1           0  0.09s           2025-09-10T16:44:14
================================================================================
[2025-09-10 16:45:11,246] {manager.py:809} INFO - 
================================================================================
DAG File Processing Stats

File Path                  PID    Runtime      # DAGs    # Errors  Last Runtime    Last Run
-------------------------  -----  ---------  --------  ----------  --------------  -------------------
/opt/airflow/dags/dags.py                           1           0  0.11s           2025-09-10T16:44:48
================================================================================
[2025-09-10 16:45:27,433] {manager.py:690} INFO - Searching for files in /opt/airflow/dags
[2025-09-10 16:45:27,465] {manager.py:693} INFO - There are 1 files in /opt/airflow/dags
[2025-09-10 16:45:44,553] {manager.py:809} INFO - 
================================================================================
DAG File Processing Stats

File Path                  PID    Runtime      # DAGs    # Errors  Last Runtime    Last Run
-------------------------  -----  ---------  --------  ----------  --------------  -------------------
/opt/airflow/dags/dags.py                           1           0  0.10s           2025-09-10T16:45:21
================================================================================
[2025-09-10 16:46:17,816] {manager.py:809} INFO - 
================================================================================
DAG File Processing Stats

File Path                  PID    Runtime      # DAGs    # Errors  Last Runtime    Last Run
-------------------------  -----  ---------  --------  ----------  --------------  -------------------
/opt/airflow/dags/dags.py                           1           0  0.10s           2025-09-10T16:45:54
================================================================================
[2025-09-10 16:46:50,983] {manager.py:809} INFO - 
================================================================================
DAG File Processing Stats

File Path                  PID    Runtime      # DAGs    # Errors  Last Runtime    Last Run
-------------------------  -----  ---------  --------  ----------  --------------  -------------------
/opt/airflow/dags/dags.py                           1           0  0.10s           2025-09-10T16:46:26
================================================================================
[2025-09-10 16:47:24,212] {manager.py:809} INFO - 
================================================================================
DAG File Processing Stats

File Path                  PID    Runtime      # DAGs    # Errors  Last Runtime    Last Run
-------------------------  -----  ---------  --------  ----------  --------------  -------------------
/opt/airflow/dags/dags.py                           1           0  0.11s           2025-09-10T16:47:00
================================================================================
[2025-09-10 16:47:57,496] {manager.py:809} INFO - 
================================================================================
DAG File Processing Stats

File Path                  PID    Runtime      # DAGs    # Errors  Last Runtime    Last Run
-------------------------  -----  ---------  --------  ----------  --------------  -------------------
/opt/airflow/dags/dags.py                           1           0  0.17s           2025-09-10T16:47:33
================================================================================
[2025-09-10 16:48:30,876] {manager.py:809} INFO - 
================================================================================
DAG File Processing Stats

File Path                  PID    Runtime      # DAGs    # Errors  Last Runtime    Last Run
-------------------------  -----  ---------  --------  ----------  --------------  -------------------
/opt/airflow/dags/dags.py                           1           0  0.23s           2025-09-10T16:48:06
================================================================================
[2025-09-10 16:49:04,135] {manager.py:809} INFO - 
================================================================================
DAG File Processing Stats

File Path                  PID    Runtime      # DAGs    # Errors  Last Runtime    Last Run
-------------------------  -----  ---------  --------  ----------  --------------  -------------------
/opt/airflow/dags/dags.py                           1           0  2.02s           2025-09-10T16:48:39
================================================================================
[2025-09-10 16:49:37,352] {manager.py:809} INFO - 
================================================================================
DAG File Processing Stats

File Path                  PID    Runtime      # DAGs    # Errors  Last Runtime    Last Run
-------------------------  -----  ---------  --------  ----------  --------------  -------------------
/opt/airflow/dags/dags.py                           1           0  0.13s           2025-09-10T16:49:12
================================================================================
[2025-09-10 16:50:10,630] {manager.py:809} INFO - 
================================================================================
DAG File Processing Stats

File Path                  PID    Runtime      # DAGs    # Errors  Last Runtime    Last Run
-------------------------  -----  ---------  --------  ----------  --------------  -------------------
/opt/airflow/dags/dags.py                           1           0  0.10s           2025-09-10T16:49:45
================================================================================
[2025-09-10 16:50:27,905] {manager.py:690} INFO - Searching for files in /opt/airflow/dags
[2025-09-10 16:50:27,987] {manager.py:693} INFO - There are 1 files in /opt/airflow/dags
[2025-09-10 16:50:44,108] {manager.py:809} INFO - 
================================================================================
DAG File Processing Stats

File Path                  PID    Runtime      # DAGs    # Errors  Last Runtime    Last Run
-------------------------  -----  ---------  --------  ----------  --------------  -------------------
/opt/airflow/dags/dags.py                           1           0  0.17s           2025-09-10T16:50:18
================================================================================
[2025-09-10 16:51:17,488] {manager.py:809} INFO - 
================================================================================
DAG File Processing Stats

File Path                  PID    Runtime      # DAGs    # Errors  Last Runtime    Last Run
-------------------------  -----  ---------  --------  ----------  --------------  -------------------
/opt/airflow/dags/dags.py                           1           0  0.50s           2025-09-10T16:50:51
================================================================================
[2025-09-10 16:51:50,728] {manager.py:809} INFO - 
================================================================================
DAG File Processing Stats

File Path                  PID    Runtime      # DAGs    # Errors  Last Runtime    Last Run
-------------------------  -----  ---------  --------  ----------  --------------  -------------------
/opt/airflow/dags/dags.py                           1           0  0.31s           2025-09-10T16:51:24
================================================================================
[2025-09-10 16:52:24,345] {manager.py:809} INFO - 
================================================================================
DAG File Processing Stats

File Path                  PID    Runtime      # DAGs    # Errors  Last Runtime    Last Run
-------------------------  -----  ---------  --------  ----------  --------------  -------------------
/opt/airflow/dags/dags.py                           1           0  0.31s           2025-09-10T16:51:58
================================================================================
[2025-09-10 16:52:57,689] {manager.py:809} INFO - 
================================================================================
DAG File Processing Stats

File Path                  PID    Runtime      # DAGs    # Errors  Last Runtime    Last Run
-------------------------  -----  ---------  --------  ----------  --------------  -------------------
/opt/airflow/dags/dags.py                           1           0  2.19s           2025-09-10T16:52:30
================================================================================
[2025-09-10 16:53:31,158] {manager.py:809} INFO - 
================================================================================
DAG File Processing Stats

File Path                  PID    Runtime      # DAGs    # Errors  Last Runtime    Last Run
-------------------------  -----  ---------  --------  ----------  --------------  -------------------
/opt/airflow/dags/dags.py                           1           0  0.23s           2025-09-10T16:53:15
================================================================================
[2025-09-10 16:54:04,583] {manager.py:809} INFO - 
================================================================================
DAG File Processing Stats

File Path                  PID    Runtime      # DAGs    # Errors  Last Runtime    Last Run
-------------------------  -----  ---------  --------  ----------  --------------  -------------------
/opt/airflow/dags/dags.py                           1           0  0.31s           2025-09-10T16:53:45
================================================================================
[2025-09-10 16:54:38,244] {manager.py:809} INFO - 
================================================================================
DAG File Processing Stats

File Path                  PID    Runtime      # DAGs    # Errors  Last Runtime    Last Run
-------------------------  -----  ---------  --------  ----------  --------------  -------------------
/opt/airflow/dags/dags.py                           1           0  0.22s           2025-09-10T16:54:16
================================================================================
[2025-09-10 16:55:11,806] {manager.py:809} INFO - 
================================================================================
DAG File Processing Stats

File Path                  PID    Runtime      # DAGs    # Errors  Last Runtime    Last Run
-------------------------  -----  ---------  --------  ----------  --------------  -------------------
/opt/airflow/dags/dags.py                           1           0  0.26s           2025-09-10T16:54:46
================================================================================
[2025-09-10 16:55:28,026] {manager.py:690} INFO - Searching for files in /opt/airflow/dags
[2025-09-10 16:55:28,060] {manager.py:693} INFO - There are 1 files in /opt/airflow/dags
[2025-09-10 16:55:45,184] {manager.py:809} INFO - 
================================================================================
DAG File Processing Stats

File Path                  PID    Runtime      # DAGs    # Errors  Last Runtime    Last Run
-------------------------  -----  ---------  --------  ----------  --------------  -------------------
/opt/airflow/dags/dags.py                           1           0  0.24s           2025-09-10T16:55:17
================================================================================
[2025-09-10 16:56:18,569] {manager.py:809} INFO - 
================================================================================
DAG File Processing Stats

File Path                  PID    Runtime      # DAGs    # Errors  Last Runtime    Last Run
-------------------------  -----  ---------  --------  ----------  --------------  -------------------
/opt/airflow/dags/dags.py                           1           0  0.28s           2025-09-10T16:55:49
================================================================================
[2025-09-10 16:56:53,198] {manager.py:809} INFO - 
================================================================================
DAG File Processing Stats

File Path                    PID  Runtime      # DAGs    # Errors  Last Runtime    Last Run
-------------------------  -----  ---------  --------  ----------  --------------  -------------------
/opt/airflow/dags/dags.py   2718  0.00s             1           0  0.27s           2025-09-10T16:56:22
================================================================================
[2025-09-10 16:57:28,483] {manager.py:809} INFO - 
================================================================================
DAG File Processing Stats

File Path                    PID  Runtime      # DAGs    # Errors  Last Runtime    Last Run
-------------------------  -----  ---------  --------  ----------  --------------  -------------------
/opt/airflow/dags/dags.py   2746  0.00s             1           0  2.16s           2025-09-10T16:56:55
================================================================================
[2025-09-10 16:58:01,808] {manager.py:809} INFO - 
================================================================================
DAG File Processing Stats

File Path                    PID  Runtime      # DAGs    # Errors  Last Runtime    Last Run
-------------------------  -----  ---------  --------  ----------  --------------  -------------------
/opt/airflow/dags/dags.py   2774  0.00s             1           0  0.27s           2025-09-10T16:57:28
================================================================================
[2025-09-10 16:58:35,032] {manager.py:809} INFO - 
================================================================================
DAG File Processing Stats

File Path                    PID  Runtime      # DAGs    # Errors  Last Runtime    Last Run
-------------------------  -----  ---------  --------  ----------  --------------  -------------------
/opt/airflow/dags/dags.py   2793  0.00s             1           0  0.17s           2025-09-10T16:58:01
================================================================================
[2025-09-10 16:59:08,372] {manager.py:809} INFO - 
================================================================================
DAG File Processing Stats

File Path                  PID    Runtime      # DAGs    # Errors  Last Runtime    Last Run
-------------------------  -----  ---------  --------  ----------  --------------  -------------------
/opt/airflow/dags/dags.py                           1           0  0.19s           2025-09-10T16:59:07
================================================================================
[2025-09-10 16:59:41,782] {manager.py:809} INFO - 
================================================================================
DAG File Processing Stats

File Path                  PID    Runtime      # DAGs    # Errors  Last Runtime    Last Run
-------------------------  -----  ---------  --------  ----------  --------------  -------------------
/opt/airflow/dags/dags.py                           1           0  0.25s           2025-09-10T16:59:40
================================================================================
[2025-09-10 17:00:15,095] {manager.py:809} INFO - 
================================================================================
DAG File Processing Stats

File Path                  PID    Runtime      # DAGs    # Errors  Last Runtime    Last Run
-------------------------  -----  ---------  --------  ----------  --------------  -------------------
/opt/airflow/dags/dags.py                           1           0  0.19s           2025-09-10T17:00:14
================================================================================
[2025-09-10 17:00:28,146] {manager.py:690} INFO - Searching for files in /opt/airflow/dags
[2025-09-10 17:00:28,160] {manager.py:693} INFO - There are 1 files in /opt/airflow/dags
[2025-09-10 17:00:48,487] {manager.py:809} INFO - 
================================================================================
DAG File Processing Stats

File Path                  PID    Runtime      # DAGs    # Errors  Last Runtime    Last Run
-------------------------  -----  ---------  --------  ----------  --------------  -------------------
/opt/airflow/dags/dags.py                           1           0  0.29s           2025-09-10T17:00:47
================================================================================
[2025-09-10 17:01:21,725] {manager.py:809} INFO - 
================================================================================
DAG File Processing Stats

File Path                  PID    Runtime      # DAGs    # Errors  Last Runtime    Last Run
-------------------------  -----  ---------  --------  ----------  --------------  -------------------
/opt/airflow/dags/dags.py                           1           0  2.05s           2025-09-10T17:01:19
================================================================================
[2025-09-10 17:01:55,052] {manager.py:809} INFO - 
================================================================================
DAG File Processing Stats

File Path                  PID    Runtime      # DAGs    # Errors  Last Runtime    Last Run
-------------------------  -----  ---------  --------  ----------  --------------  -------------------
/opt/airflow/dags/dags.py                           1           0  0.26s           2025-09-10T17:01:53
================================================================================
[2025-09-10 17:02:28,323] {manager.py:809} INFO - 
================================================================================
DAG File Processing Stats

File Path                  PID    Runtime      # DAGs    # Errors  Last Runtime    Last Run
-------------------------  -----  ---------  --------  ----------  --------------  -------------------
/opt/airflow/dags/dags.py                           1           0  0.17s           2025-09-10T17:02:26
================================================================================
[2025-09-10 17:03:01,586] {manager.py:809} INFO - 
================================================================================
DAG File Processing Stats

File Path                  PID    Runtime      # DAGs    # Errors  Last Runtime    Last Run
-------------------------  -----  ---------  --------  ----------  --------------  -------------------
/opt/airflow/dags/dags.py                           1           0  0.22s           2025-09-10T17:02:59
================================================================================
[2025-09-10 17:03:35,012] {manager.py:809} INFO - 
================================================================================
DAG File Processing Stats

File Path                  PID    Runtime      # DAGs    # Errors  Last Runtime    Last Run
-------------------------  -----  ---------  --------  ----------  --------------  -------------------
/opt/airflow/dags/dags.py                           1           0  2.09s           2025-09-10T17:03:32
================================================================================
[2025-09-10 17:04:08,440] {manager.py:809} INFO - 
================================================================================
DAG File Processing Stats

File Path                  PID    Runtime      # DAGs    # Errors  Last Runtime    Last Run
-------------------------  -----  ---------  --------  ----------  --------------  -------------------
/opt/airflow/dags/dags.py                           1           0  0.18s           2025-09-10T17:04:05
================================================================================
[2025-09-10 17:04:41,641] {manager.py:809} INFO - 
================================================================================
DAG File Processing Stats

File Path                  PID    Runtime      # DAGs    # Errors  Last Runtime    Last Run
-------------------------  -----  ---------  --------  ----------  --------------  -------------------
/opt/airflow/dags/dags.py                           1           0  0.18s           2025-09-10T17:04:38
================================================================================
[2025-09-10 17:05:15,079] {manager.py:809} INFO - 
================================================================================
DAG File Processing Stats

File Path                  PID    Runtime      # DAGs    # Errors  Last Runtime    Last Run
-------------------------  -----  ---------  --------  ----------  --------------  -------------------
/opt/airflow/dags/dags.py                           1           0  0.18s           2025-09-10T17:05:12
================================================================================
[2025-09-10 17:05:28,164] {manager.py:690} INFO - Searching for files in /opt/airflow/dags
[2025-09-10 17:05:28,189] {manager.py:693} INFO - There are 1 files in /opt/airflow/dags
[2025-09-10 17:05:48,430] {manager.py:809} INFO - 
================================================================================
DAG File Processing Stats

File Path                  PID    Runtime      # DAGs    # Errors  Last Runtime    Last Run
-------------------------  -----  ---------  --------  ----------  --------------  -------------------
/opt/airflow/dags/dags.py                           1           0  0.18s           2025-09-10T17:05:44
================================================================================
[2025-09-10 17:06:21,592] {manager.py:809} INFO - 
================================================================================
DAG File Processing Stats

File Path                  PID    Runtime      # DAGs    # Errors  Last Runtime    Last Run
-------------------------  -----  ---------  --------  ----------  --------------  -------------------
/opt/airflow/dags/dags.py                           1           0  0.17s           2025-09-10T17:06:17
================================================================================
[2025-09-10 17:06:54,984] {manager.py:809} INFO - 
================================================================================
DAG File Processing Stats

File Path                  PID    Runtime      # DAGs    # Errors  Last Runtime    Last Run
-------------------------  -----  ---------  --------  ----------  --------------  -------------------
/opt/airflow/dags/dags.py                           1           0  0.16s           2025-09-10T17:06:50
================================================================================
[2025-09-10 17:07:28,208] {manager.py:809} INFO - 
================================================================================
DAG File Processing Stats

File Path                  PID    Runtime      # DAGs    # Errors  Last Runtime    Last Run
-------------------------  -----  ---------  --------  ----------  --------------  -------------------
/opt/airflow/dags/dags.py                           1           0  0.16s           2025-09-10T17:07:24
================================================================================
[2025-09-10 17:08:01,577] {manager.py:809} INFO - 
================================================================================
DAG File Processing Stats

File Path                  PID    Runtime      # DAGs    # Errors  Last Runtime    Last Run
-------------------------  -----  ---------  --------  ----------  --------------  -------------------
/opt/airflow/dags/dags.py                           1           0  2.06s           2025-09-10T17:07:56
================================================================================
[2025-09-10 17:08:34,937] {manager.py:809} INFO - 
================================================================================
DAG File Processing Stats

File Path                  PID    Runtime      # DAGs    # Errors  Last Runtime    Last Run
-------------------------  -----  ---------  --------  ----------  --------------  -------------------
/opt/airflow/dags/dags.py                           1           0  0.19s           2025-09-10T17:08:29
================================================================================
[2025-09-10 17:09:08,193] {manager.py:809} INFO - 
================================================================================
DAG File Processing Stats

File Path                  PID    Runtime      # DAGs    # Errors  Last Runtime    Last Run
-------------------------  -----  ---------  --------  ----------  --------------  -------------------
/opt/airflow/dags/dags.py                           1           0  0.17s           2025-09-10T17:09:03
================================================================================
[2025-09-10 17:09:41,556] {manager.py:809} INFO - 
================================================================================
DAG File Processing Stats

File Path                  PID    Runtime      # DAGs    # Errors  Last Runtime    Last Run
-------------------------  -----  ---------  --------  ----------  --------------  -------------------
/opt/airflow/dags/dags.py                           1           0  0.17s           2025-09-10T17:09:36
================================================================================
[2025-09-10 17:10:14,911] {manager.py:809} INFO - 
================================================================================
DAG File Processing Stats

File Path                  PID    Runtime      # DAGs    # Errors  Last Runtime    Last Run
-------------------------  -----  ---------  --------  ----------  --------------  -------------------
/opt/airflow/dags/dags.py                           1           0  2.06s           2025-09-10T17:10:09
================================================================================
[2025-09-10 17:10:28,962] {manager.py:690} INFO - Searching for files in /opt/airflow/dags
[2025-09-10 17:10:28,985] {manager.py:693} INFO - There are 1 files in /opt/airflow/dags
[2025-09-10 17:10:48,093] {manager.py:809} INFO - 
================================================================================
DAG File Processing Stats

File Path                  PID    Runtime      # DAGs    # Errors  Last Runtime    Last Run
-------------------------  -----  ---------  --------  ----------  --------------  -------------------
/opt/airflow/dags/dags.py                           1           0  0.17s           2025-09-10T17:10:42
================================================================================
[2025-09-10 17:11:21,323] {manager.py:809} INFO - 
================================================================================
DAG File Processing Stats

File Path                  PID    Runtime      # DAGs    # Errors  Last Runtime    Last Run
-------------------------  -----  ---------  --------  ----------  --------------  -------------------
/opt/airflow/dags/dags.py                           1           0  0.17s           2025-09-10T17:11:15
================================================================================
[2025-09-10 17:11:54,659] {manager.py:809} INFO - 
================================================================================
DAG File Processing Stats

File Path                  PID    Runtime      # DAGs    # Errors  Last Runtime    Last Run
-------------------------  -----  ---------  --------  ----------  --------------  -------------------
/opt/airflow/dags/dags.py                           1           0  0.18s           2025-09-10T17:11:48
================================================================================
[2025-09-10 17:12:27,868] {manager.py:809} INFO - 
================================================================================
DAG File Processing Stats

File Path                  PID    Runtime      # DAGs    # Errors  Last Runtime    Last Run
-------------------------  -----  ---------  --------  ----------  --------------  -------------------
/opt/airflow/dags/dags.py                           1           0  2.05s           2025-09-10T17:12:20
================================================================================
[2025-09-10 17:13:01,207] {manager.py:809} INFO - 
================================================================================
DAG File Processing Stats

File Path                  PID    Runtime      # DAGs    # Errors  Last Runtime    Last Run
-------------------------  -----  ---------  --------  ----------  --------------  -------------------
/opt/airflow/dags/dags.py                           1           0  0.16s           2025-09-10T17:12:54
================================================================================
[2025-09-10 17:13:34,382] {manager.py:809} INFO - 
================================================================================
DAG File Processing Stats

File Path                  PID    Runtime      # DAGs    # Errors  Last Runtime    Last Run
-------------------------  -----  ---------  --------  ----------  --------------  -------------------
/opt/airflow/dags/dags.py                           1           0  0.20s           2025-09-10T17:13:27
================================================================================
[2025-09-10 17:14:07,693] {manager.py:809} INFO - 
================================================================================
DAG File Processing Stats

File Path                  PID    Runtime      # DAGs    # Errors  Last Runtime    Last Run
-------------------------  -----  ---------  --------  ----------  --------------  -------------------
/opt/airflow/dags/dags.py                           1           0  0.17s           2025-09-10T17:14:00
================================================================================
[2025-09-10 17:14:41,022] {manager.py:809} INFO - 
================================================================================
DAG File Processing Stats

File Path                  PID    Runtime      # DAGs    # Errors  Last Runtime    Last Run
-------------------------  -----  ---------  --------  ----------  --------------  -------------------
/opt/airflow/dags/dags.py                           1           0  0.20s           2025-09-10T17:14:34
================================================================================
[2025-09-10 17:15:14,317] {manager.py:809} INFO - 
================================================================================
DAG File Processing Stats

File Path                  PID    Runtime      # DAGs    # Errors  Last Runtime    Last Run
-------------------------  -----  ---------  --------  ----------  --------------  -------------------
/opt/airflow/dags/dags.py                           1           0  2.06s           2025-09-10T17:15:06
================================================================================
[2025-09-10 17:15:29,394] {manager.py:690} INFO - Searching for files in /opt/airflow/dags
[2025-09-10 17:15:29,417] {manager.py:693} INFO - There are 1 files in /opt/airflow/dags
[2025-09-10 17:15:47,581] {manager.py:809} INFO - 
================================================================================
DAG File Processing Stats

File Path                  PID    Runtime      # DAGs    # Errors  Last Runtime    Last Run
-------------------------  -----  ---------  --------  ----------  --------------  -------------------
/opt/airflow/dags/dags.py                           1           0  0.19s           2025-09-10T17:15:39
================================================================================
[2025-09-10 17:16:20,758] {manager.py:809} INFO - 
================================================================================
DAG File Processing Stats

File Path                  PID    Runtime      # DAGs    # Errors  Last Runtime    Last Run
-------------------------  -----  ---------  --------  ----------  --------------  -------------------
/opt/airflow/dags/dags.py                           1           0  0.17s           2025-09-10T17:16:12
================================================================================
[2025-09-10 17:16:54,073] {manager.py:809} INFO - 
================================================================================
DAG File Processing Stats

File Path                  PID    Runtime      # DAGs    # Errors  Last Runtime    Last Run
-------------------------  -----  ---------  --------  ----------  --------------  -------------------
/opt/airflow/dags/dags.py                           1           0  0.18s           2025-09-10T17:16:46
================================================================================
[2025-09-10 17:17:27,315] {manager.py:809} INFO - 
================================================================================
DAG File Processing Stats

File Path                  PID    Runtime      # DAGs    # Errors  Last Runtime    Last Run
-------------------------  -----  ---------  --------  ----------  --------------  -------------------
/opt/airflow/dags/dags.py                           1           0  2.05s           2025-09-10T17:17:18
================================================================================
[2025-09-10 17:18:00,690] {manager.py:809} INFO - 
================================================================================
DAG File Processing Stats

File Path                  PID    Runtime      # DAGs    # Errors  Last Runtime    Last Run
-------------------------  -----  ---------  --------  ----------  --------------  -------------------
/opt/airflow/dags/dags.py                           1           0  0.18s           2025-09-10T17:17:51
================================================================================
[2025-09-10 17:18:33,900] {manager.py:809} INFO - 
================================================================================
DAG File Processing Stats

File Path                  PID    Runtime      # DAGs    # Errors  Last Runtime    Last Run
-------------------------  -----  ---------  --------  ----------  --------------  -------------------
/opt/airflow/dags/dags.py                           1           0  0.18s           2025-09-10T17:18:25
================================================================================
[2025-09-10 17:19:07,212] {manager.py:809} INFO - 
================================================================================
DAG File Processing Stats

File Path                  PID    Runtime      # DAGs    # Errors  Last Runtime    Last Run
-------------------------  -----  ---------  --------  ----------  --------------  -------------------
/opt/airflow/dags/dags.py                           1           0  0.19s           2025-09-10T17:18:58
================================================================================
[2025-09-10 17:19:40,446] {manager.py:809} INFO - 
================================================================================
DAG File Processing Stats

File Path                  PID    Runtime      # DAGs    # Errors  Last Runtime    Last Run
-------------------------  -----  ---------  --------  ----------  --------------  -------------------
/opt/airflow/dags/dags.py                           1           0  0.21s           2025-09-10T17:19:31
================================================================================
[2025-09-10 17:20:13,671] {manager.py:809} INFO - 
================================================================================
DAG File Processing Stats

File Path                  PID    Runtime      # DAGs    # Errors  Last Runtime    Last Run
-------------------------  -----  ---------  --------  ----------  --------------  -------------------
/opt/airflow/dags/dags.py                           1           0  2.05s           2025-09-10T17:20:03
================================================================================
[2025-09-10 17:20:29,737] {manager.py:690} INFO - Searching for files in /opt/airflow/dags
[2025-09-10 17:20:29,754] {manager.py:693} INFO - There are 1 files in /opt/airflow/dags
[2025-09-10 17:20:47,013] {manager.py:809} INFO - 
================================================================================
DAG File Processing Stats

File Path                  PID    Runtime      # DAGs    # Errors  Last Runtime    Last Run
-------------------------  -----  ---------  --------  ----------  --------------  -------------------
/opt/airflow/dags/dags.py                           1           0  0.19s           2025-09-10T17:20:37
================================================================================
[2025-09-10 17:21:20,261] {manager.py:809} INFO - 
================================================================================
DAG File Processing Stats

File Path                  PID    Runtime      # DAGs    # Errors  Last Runtime    Last Run
-------------------------  -----  ---------  --------  ----------  --------------  -------------------
/opt/airflow/dags/dags.py                           1           0  0.21s           2025-09-10T17:21:10
================================================================================
[2025-09-10 17:21:53,609] {manager.py:809} INFO - 
================================================================================
DAG File Processing Stats

File Path                  PID    Runtime      # DAGs    # Errors  Last Runtime    Last Run
-------------------------  -----  ---------  --------  ----------  --------------  -------------------
/opt/airflow/dags/dags.py                           1           0  0.20s           2025-09-10T17:21:43
================================================================================
[2025-09-10 17:22:26,850] {manager.py:809} INFO - 
================================================================================
DAG File Processing Stats

File Path                  PID    Runtime      # DAGs    # Errors  Last Runtime    Last Run
-------------------------  -----  ---------  --------  ----------  --------------  -------------------
/opt/airflow/dags/dags.py                           1           0  0.30s           2025-09-10T17:22:17
================================================================================
[2025-09-10 17:23:00,041] {manager.py:809} INFO - 
================================================================================
DAG File Processing Stats

File Path                  PID    Runtime      # DAGs    # Errors  Last Runtime    Last Run
-------------------------  -----  ---------  --------  ----------  --------------  -------------------
/opt/airflow/dags/dags.py                           1           0  0.21s           2025-09-10T17:22:49
================================================================================
[2025-09-10 17:23:33,410] {manager.py:809} INFO - 
================================================================================
DAG File Processing Stats

File Path                  PID    Runtime      # DAGs    # Errors  Last Runtime    Last Run
-------------------------  -----  ---------  --------  ----------  --------------  -------------------
/opt/airflow/dags/dags.py                           1           0  0.34s           2025-09-10T17:23:22
================================================================================
[2025-09-10 17:24:06,707] {manager.py:809} INFO - 
================================================================================
DAG File Processing Stats

File Path                  PID    Runtime      # DAGs    # Errors  Last Runtime    Last Run
-------------------------  -----  ---------  --------  ----------  --------------  -------------------
/opt/airflow/dags/dags.py                           1           0  0.16s           2025-09-10T17:23:55
================================================================================
[2025-09-10 17:24:39,994] {manager.py:809} INFO - 
================================================================================
DAG File Processing Stats

File Path                  PID    Runtime      # DAGs    # Errors  Last Runtime    Last Run
-------------------------  -----  ---------  --------  ----------  --------------  -------------------
/opt/airflow/dags/dags.py                           1           0  0.33s           2025-09-10T17:24:29
================================================================================
[2025-09-10 17:25:13,316] {manager.py:809} INFO - 
================================================================================
DAG File Processing Stats

File Path                  PID    Runtime      # DAGs    # Errors  Last Runtime    Last Run
-------------------------  -----  ---------  --------  ----------  --------------  -------------------
/opt/airflow/dags/dags.py                           1           0  2.05s           2025-09-10T17:25:01
================================================================================
[2025-09-10 17:25:30,400] {manager.py:690} INFO - Searching for files in /opt/airflow/dags
[2025-09-10 17:25:30,472] {manager.py:693} INFO - There are 1 files in /opt/airflow/dags
[2025-09-10 17:25:46,595] {manager.py:809} INFO - 
================================================================================
DAG File Processing Stats

File Path                  PID    Runtime      # DAGs    # Errors  Last Runtime    Last Run
-------------------------  -----  ---------  --------  ----------  --------------  -------------------
/opt/airflow/dags/dags.py                           1           0  0.25s           2025-09-10T17:25:34
================================================================================
[2025-09-10 17:26:19,758] {manager.py:809} INFO - 
================================================================================
DAG File Processing Stats

File Path                  PID    Runtime      # DAGs    # Errors  Last Runtime    Last Run
-------------------------  -----  ---------  --------  ----------  --------------  -------------------
/opt/airflow/dags/dags.py                           1           0  0.19s           2025-09-10T17:26:07
================================================================================
[2025-09-10 17:26:25,268] {manager.py:462} INFO - Exiting gracefully upon receiving signal 15
