[2025-09-12T10:05:15.787+0000] {local_task_job_runner.py:123} INFO - ::group::Pre task execution logs
[2025-09-12T10:05:15.811+0000] {taskinstance.py:2631} INFO - Dependencies all met for dep_context=non-requeueable deps ti=<TaskInstance: Daily_img_transfer.move_images scheduled__2025-09-11T00:00:00+00:00 [queued]>
[2025-09-12T10:05:15.820+0000] {taskinstance.py:2631} INFO - Dependencies all met for dep_context=requeueable deps ti=<TaskInstance: Daily_img_transfer.move_images scheduled__2025-09-11T00:00:00+00:00 [queued]>
[2025-09-12T10:05:15.821+0000] {taskinstance.py:2884} INFO - Starting attempt 1 of 2
[2025-09-12T10:05:15.835+0000] {taskinstance.py:2907} INFO - Executing <Task(BashOperator): move_images> on 2025-09-11 00:00:00+00:00
[2025-09-12T10:05:15.841+0000] {standard_task_runner.py:72} INFO - Started process 193 to run task
[2025-09-12T10:05:15.847+0000] {standard_task_runner.py:104} INFO - Running: ['***', 'tasks', 'run', 'Daily_img_transfer', 'move_images', 'scheduled__2025-09-11T00:00:00+00:00', '--job-id', '4', '--raw', '--subdir', 'DAGS_FOLDER/dags.py', '--cfg-path', '/tmp/tmpmsg1n3lp']
[2025-09-12T10:05:15.849+0000] {standard_task_runner.py:105} INFO - Job 4: Subtask move_images
[2025-09-12T10:05:15.931+0000] {task_command.py:467} INFO - Running <TaskInstance: Daily_img_transfer.move_images scheduled__2025-09-11T00:00:00+00:00 [running]> on host 860d02b706ad
[2025-09-12T10:05:16.047+0000] {taskinstance.py:3157} INFO - Exporting env vars: AIRFLOW_CTX_DAG_OWNER='***' AIRFLOW_CTX_DAG_ID='Daily_img_transfer' AIRFLOW_CTX_TASK_ID='move_images' AIRFLOW_CTX_EXECUTION_DATE='2025-09-11T00:00:00+00:00' AIRFLOW_CTX_TRY_NUMBER='1' AIRFLOW_CTX_DAG_RUN_ID='scheduled__2025-09-11T00:00:00+00:00'
[2025-09-12T10:05:16.050+0000] {taskinstance.py:740} INFO - ::endgroup::
[2025-09-12T10:05:16.069+0000] {subprocess.py:78} INFO - Tmp dir root location: /tmp
[2025-09-12T10:05:16.073+0000] {subprocess.py:88} INFO - Running command: ['/usr/bin/bash', '-c', '\n                                pwd\n                                ls\n                                cd ../../opt/***\n                                pwd\n                                ls\n                                mv src/temp/*.jpg data/raw_images\n                                ']
[2025-09-12T10:05:16.096+0000] {subprocess.py:99} INFO - Output:
[2025-09-12T10:05:16.100+0000] {subprocess.py:106} INFO - /tmp/***tmpixh6tmww
[2025-09-12T10:05:16.103+0000] {subprocess.py:106} INFO - /opt/***
[2025-09-12T10:05:16.105+0000] {subprocess.py:106} INFO - ***.cfg
[2025-09-12T10:05:16.107+0000] {subprocess.py:106} INFO - config
[2025-09-12T10:05:16.108+0000] {subprocess.py:106} INFO - dags
[2025-09-12T10:05:16.110+0000] {subprocess.py:106} INFO - data
[2025-09-12T10:05:16.111+0000] {subprocess.py:106} INFO - logs
[2025-09-12T10:05:16.112+0000] {subprocess.py:106} INFO - models
[2025-09-12T10:05:16.113+0000] {subprocess.py:106} INFO - plugins
[2025-09-12T10:05:16.114+0000] {subprocess.py:106} INFO - requirements.txt
[2025-09-12T10:05:16.115+0000] {subprocess.py:106} INFO - src
[2025-09-12T10:05:16.116+0000] {subprocess.py:106} INFO - webserver_config.py
[2025-09-12T10:05:16.142+0000] {subprocess.py:110} INFO - Command exited with return code 0
[2025-09-12T10:05:16.177+0000] {taskinstance.py:349} INFO - ::group::Post task execution logs
[2025-09-12T10:05:16.179+0000] {taskinstance.py:361} INFO - Marking task as SUCCESS. dag_id=Daily_img_transfer, task_id=move_images, run_id=scheduled__2025-09-11T00:00:00+00:00, execution_date=20250911T000000, start_date=20250912T100515, end_date=20250912T100516
[2025-09-12T10:05:16.222+0000] {local_task_job_runner.py:266} INFO - Task exited with return code 0
[2025-09-12T10:05:16.252+0000] {taskinstance.py:3924} INFO - 1 downstream tasks scheduled from follow-on schedule check
[2025-09-12T10:05:16.255+0000] {local_task_job_runner.py:245} INFO - ::endgroup::
