[2025-09-12T08:21:58.313+0000] {local_task_job_runner.py:123} INFO - ::group::Pre task execution logs
[2025-09-12T08:21:58.330+0000] {taskinstance.py:2631} INFO - Dependencies all met for dep_context=non-requeueable deps ti=<TaskInstance: Daily_img_transfer.move_images manual__2025-09-12T08:21:56.148651+00:00 [queued]>
[2025-09-12T08:21:58.338+0000] {taskinstance.py:2631} INFO - Dependencies all met for dep_context=requeueable deps ti=<TaskInstance: Daily_img_transfer.move_images manual__2025-09-12T08:21:56.148651+00:00 [queued]>
[2025-09-12T08:21:58.340+0000] {taskinstance.py:2884} INFO - Starting attempt 1 of 1
[2025-09-12T08:21:58.350+0000] {taskinstance.py:2907} INFO - Executing <Task(BashOperator): move_images> on 2025-09-12 08:21:56.148651+00:00
[2025-09-12T08:21:58.356+0000] {standard_task_runner.py:72} INFO - Started process 284 to run task
[2025-09-12T08:21:58.358+0000] {standard_task_runner.py:104} INFO - Running: ['***', 'tasks', 'run', 'Daily_img_transfer', 'move_images', 'manual__2025-09-12T08:21:56.148651+00:00', '--job-id', '119', '--raw', '--subdir', 'DAGS_FOLDER/dags.py', '--cfg-path', '/tmp/tmpde5owl4o']
[2025-09-12T08:21:58.359+0000] {standard_task_runner.py:105} INFO - Job 119: Subtask move_images
[2025-09-12T08:21:58.393+0000] {task_command.py:467} INFO - Running <TaskInstance: Daily_img_transfer.move_images manual__2025-09-12T08:21:56.148651+00:00 [running]> on host 3e0e53ef8921
[2025-09-12T08:21:58.462+0000] {taskinstance.py:3157} INFO - Exporting env vars: AIRFLOW_CTX_DAG_OWNER='***' AIRFLOW_CTX_DAG_ID='Daily_img_transfer' AIRFLOW_CTX_TASK_ID='move_images' AIRFLOW_CTX_EXECUTION_DATE='2025-09-12T08:21:56.148651+00:00' AIRFLOW_CTX_TRY_NUMBER='1' AIRFLOW_CTX_DAG_RUN_ID='manual__2025-09-12T08:21:56.148651+00:00'
[2025-09-12T08:21:58.464+0000] {taskinstance.py:740} INFO - ::endgroup::
[2025-09-12T08:21:58.474+0000] {subprocess.py:78} INFO - Tmp dir root location: /tmp
[2025-09-12T08:21:58.475+0000] {subprocess.py:88} INFO - Running command: ['/usr/bin/bash', '-c', '\n                                pwd\n                                ls\n                                cd ../../opt/***\n                                pwd\n                                ls\n                                mv src/temp/*.jpg data/raw_images\n                                ']
[2025-09-12T08:21:58.484+0000] {subprocess.py:99} INFO - Output:
[2025-09-12T08:21:58.486+0000] {subprocess.py:106} INFO - /tmp/***tmp4uanirch
[2025-09-12T08:21:58.488+0000] {subprocess.py:106} INFO - /opt/***
[2025-09-12T08:21:58.489+0000] {subprocess.py:106} INFO - ***.cfg
[2025-09-12T08:21:58.490+0000] {subprocess.py:106} INFO - config
[2025-09-12T08:21:58.491+0000] {subprocess.py:106} INFO - dags
[2025-09-12T08:21:58.492+0000] {subprocess.py:106} INFO - data
[2025-09-12T08:21:58.493+0000] {subprocess.py:106} INFO - logs
[2025-09-12T08:21:58.495+0000] {subprocess.py:106} INFO - models
[2025-09-12T08:21:58.496+0000] {subprocess.py:106} INFO - plugins
[2025-09-12T08:21:58.499+0000] {subprocess.py:106} INFO - requirements.txt
[2025-09-12T08:21:58.500+0000] {subprocess.py:106} INFO - src
[2025-09-12T08:21:58.501+0000] {subprocess.py:106} INFO - webserver_config.py
[2025-09-12T08:21:58.517+0000] {subprocess.py:110} INFO - Command exited with return code 0
[2025-09-12T08:21:58.535+0000] {taskinstance.py:349} INFO - ::group::Post task execution logs
[2025-09-12T08:21:58.536+0000] {taskinstance.py:361} INFO - Marking task as SUCCESS. dag_id=Daily_img_transfer, task_id=move_images, run_id=manual__2025-09-12T08:21:56.148651+00:00, execution_date=20250912T082156, start_date=20250912T082158, end_date=20250912T082158
[2025-09-12T08:21:58.572+0000] {local_task_job_runner.py:266} INFO - Task exited with return code 0
[2025-09-12T08:21:58.583+0000] {taskinstance.py:3924} INFO - 0 downstream tasks scheduled from follow-on schedule check
[2025-09-12T08:21:58.585+0000] {local_task_job_runner.py:245} INFO - ::endgroup::
