[2025-09-12T08:27:06.669+0000] {local_task_job_runner.py:123} INFO - ::group::Pre task execution logs
[2025-09-12T08:27:06.695+0000] {taskinstance.py:2631} INFO - Dependencies all met for dep_context=non-requeueable deps ti=<TaskInstance: Daily_img_transfer.start_dag manual__2025-09-12T08:27:06.217172+00:00 [queued]>
[2025-09-12T08:27:06.707+0000] {taskinstance.py:2631} INFO - Dependencies all met for dep_context=requeueable deps ti=<TaskInstance: Daily_img_transfer.start_dag manual__2025-09-12T08:27:06.217172+00:00 [queued]>
[2025-09-12T08:27:06.709+0000] {taskinstance.py:2884} INFO - Starting attempt 1 of 1
[2025-09-12T08:27:06.725+0000] {taskinstance.py:2907} INFO - Executing <Task(BashOperator): start_dag> on 2025-09-12 08:27:06.217172+00:00
[2025-09-12T08:27:06.736+0000] {standard_task_runner.py:72} INFO - Started process 385 to run task
[2025-09-12T08:27:06.743+0000] {standard_task_runner.py:104} INFO - Running: ['***', 'tasks', 'run', 'Daily_img_transfer', 'start_dag', 'manual__2025-09-12T08:27:06.217172+00:00', '--job-id', '125', '--raw', '--subdir', 'DAGS_FOLDER/dags.py', '--cfg-path', '/tmp/tmpoar3wzzw']
[2025-09-12T08:27:06.748+0000] {standard_task_runner.py:105} INFO - Job 125: Subtask start_dag
[2025-09-12T08:27:06.826+0000] {task_command.py:467} INFO - Running <TaskInstance: Daily_img_transfer.start_dag manual__2025-09-12T08:27:06.217172+00:00 [running]> on host 3e0e53ef8921
[2025-09-12T08:27:06.933+0000] {taskinstance.py:3157} INFO - Exporting env vars: AIRFLOW_CTX_DAG_OWNER='***' AIRFLOW_CTX_DAG_ID='Daily_img_transfer' AIRFLOW_CTX_TASK_ID='start_dag' AIRFLOW_CTX_EXECUTION_DATE='2025-09-12T08:27:06.217172+00:00' AIRFLOW_CTX_TRY_NUMBER='1' AIRFLOW_CTX_DAG_RUN_ID='manual__2025-09-12T08:27:06.217172+00:00'
[2025-09-12T08:27:06.935+0000] {taskinstance.py:740} INFO - ::endgroup::
[2025-09-12T08:27:06.944+0000] {subprocess.py:78} INFO - Tmp dir root location: /tmp
[2025-09-12T08:27:06.946+0000] {subprocess.py:88} INFO - Running command: ['/usr/bin/bash', '-c', "echo 'Start!'"]
[2025-09-12T08:27:06.955+0000] {subprocess.py:99} INFO - Output:
[2025-09-12T08:27:06.957+0000] {subprocess.py:106} INFO - Start!
[2025-09-12T08:27:06.958+0000] {subprocess.py:110} INFO - Command exited with return code 0
[2025-09-12T08:27:06.977+0000] {taskinstance.py:349} INFO - ::group::Post task execution logs
[2025-09-12T08:27:06.979+0000] {taskinstance.py:361} INFO - Marking task as SUCCESS. dag_id=Daily_img_transfer, task_id=start_dag, run_id=manual__2025-09-12T08:27:06.217172+00:00, execution_date=20250912T082706, start_date=20250912T082706, end_date=20250912T082706
[2025-09-12T08:27:07.040+0000] {local_task_job_runner.py:266} INFO - Task exited with return code 0
[2025-09-12T08:27:07.064+0000] {taskinstance.py:3924} INFO - 1 downstream tasks scheduled from follow-on schedule check
[2025-09-12T08:27:07.067+0000] {local_task_job_runner.py:245} INFO - ::endgroup::
