[2025-09-12T08:21:57.215+0000] {local_task_job_runner.py:123} INFO - ::group::Pre task execution logs
[2025-09-12T08:21:57.230+0000] {taskinstance.py:2631} INFO - Dependencies all met for dep_context=non-requeueable deps ti=<TaskInstance: Daily_img_transfer.start_dag manual__2025-09-12T08:21:56.148651+00:00 [queued]>
[2025-09-12T08:21:57.238+0000] {taskinstance.py:2631} INFO - Dependencies all met for dep_context=requeueable deps ti=<TaskInstance: Daily_img_transfer.start_dag manual__2025-09-12T08:21:56.148651+00:00 [queued]>
[2025-09-12T08:21:57.242+0000] {taskinstance.py:2884} INFO - Starting attempt 1 of 1
[2025-09-12T08:21:57.253+0000] {taskinstance.py:2907} INFO - Executing <Task(BashOperator): start_dag> on 2025-09-12 08:21:56.148651+00:00
[2025-09-12T08:21:57.257+0000] {standard_task_runner.py:72} INFO - Started process 280 to run task
[2025-09-12T08:21:57.260+0000] {standard_task_runner.py:104} INFO - Running: ['***', 'tasks', 'run', 'Daily_img_transfer', 'start_dag', 'manual__2025-09-12T08:21:56.148651+00:00', '--job-id', '118', '--raw', '--subdir', 'DAGS_FOLDER/dags.py', '--cfg-path', '/tmp/tmp9a6erdyy']
[2025-09-12T08:21:57.262+0000] {standard_task_runner.py:105} INFO - Job 118: Subtask start_dag
[2025-09-12T08:21:57.300+0000] {task_command.py:467} INFO - Running <TaskInstance: Daily_img_transfer.start_dag manual__2025-09-12T08:21:56.148651+00:00 [running]> on host 3e0e53ef8921
[2025-09-12T08:21:57.362+0000] {taskinstance.py:3157} INFO - Exporting env vars: AIRFLOW_CTX_DAG_OWNER='***' AIRFLOW_CTX_DAG_ID='Daily_img_transfer' AIRFLOW_CTX_TASK_ID='start_dag' AIRFLOW_CTX_EXECUTION_DATE='2025-09-12T08:21:56.148651+00:00' AIRFLOW_CTX_TRY_NUMBER='1' AIRFLOW_CTX_DAG_RUN_ID='manual__2025-09-12T08:21:56.148651+00:00'
[2025-09-12T08:21:57.364+0000] {taskinstance.py:740} INFO - ::endgroup::
[2025-09-12T08:21:57.372+0000] {subprocess.py:78} INFO - Tmp dir root location: /tmp
[2025-09-12T08:21:57.374+0000] {subprocess.py:88} INFO - Running command: ['/usr/bin/bash', '-c', "echo 'Start!'"]
[2025-09-12T08:21:57.382+0000] {subprocess.py:99} INFO - Output:
[2025-09-12T08:21:57.384+0000] {subprocess.py:106} INFO - Start!
[2025-09-12T08:21:57.385+0000] {subprocess.py:110} INFO - Command exited with return code 0
[2025-09-12T08:21:57.407+0000] {taskinstance.py:349} INFO - ::group::Post task execution logs
[2025-09-12T08:21:57.408+0000] {taskinstance.py:361} INFO - Marking task as SUCCESS. dag_id=Daily_img_transfer, task_id=start_dag, run_id=manual__2025-09-12T08:21:56.148651+00:00, execution_date=20250912T082156, start_date=20250912T082157, end_date=20250912T082157
[2025-09-12T08:21:57.474+0000] {local_task_job_runner.py:266} INFO - Task exited with return code 0
[2025-09-12T08:21:57.495+0000] {taskinstance.py:3924} INFO - 1 downstream tasks scheduled from follow-on schedule check
[2025-09-12T08:21:57.497+0000] {local_task_job_runner.py:245} INFO - ::endgroup::
