[2025-09-11T16:30:01.446+0000] {local_task_job_runner.py:123} INFO - ::group::Pre task execution logs
[2025-09-11T16:30:01.463+0000] {taskinstance.py:2631} INFO - Dependencies all met for dep_context=non-requeueable deps ti=<TaskInstance: Weekly_transformation.move_to_folder manual__2025-09-11T16:29:54.923196+00:00 [queued]>
[2025-09-11T16:30:01.471+0000] {taskinstance.py:2631} INFO - Dependencies all met for dep_context=requeueable deps ti=<TaskInstance: Weekly_transformation.move_to_folder manual__2025-09-11T16:29:54.923196+00:00 [queued]>
[2025-09-11T16:30:01.473+0000] {taskinstance.py:2884} INFO - Starting attempt 1 of 2
[2025-09-11T16:30:01.484+0000] {taskinstance.py:2907} INFO - Executing <Task(BashOperator): move_to_folder> on 2025-09-11 16:29:54.923196+00:00
[2025-09-11T16:30:01.491+0000] {standard_task_runner.py:72} INFO - Started process 203 to run task
[2025-09-11T16:30:01.494+0000] {standard_task_runner.py:104} INFO - Running: ['***', 'tasks', 'run', 'Weekly_transformation', 'move_to_folder', 'manual__2025-09-11T16:29:54.923196+00:00', '--job-id', '85', '--raw', '--subdir', 'DAGS_FOLDER/dag_prolab.py', '--cfg-path', '/tmp/tmpmh9lkmwk']
[2025-09-11T16:30:01.497+0000] {standard_task_runner.py:105} INFO - Job 85: Subtask move_to_folder
[2025-09-11T16:30:01.529+0000] {task_command.py:467} INFO - Running <TaskInstance: Weekly_transformation.move_to_folder manual__2025-09-11T16:29:54.923196+00:00 [running]> on host d403547ecef7
[2025-09-11T16:30:01.583+0000] {taskinstance.py:3157} INFO - Exporting env vars: AIRFLOW_CTX_DAG_OWNER='***' AIRFLOW_CTX_DAG_ID='Weekly_transformation' AIRFLOW_CTX_TASK_ID='move_to_folder' AIRFLOW_CTX_EXECUTION_DATE='2025-09-11T16:29:54.923196+00:00' AIRFLOW_CTX_TRY_NUMBER='1' AIRFLOW_CTX_DAG_RUN_ID='manual__2025-09-11T16:29:54.923196+00:00'
[2025-09-11T16:30:01.584+0000] {taskinstance.py:740} INFO - ::endgroup::
[2025-09-11T16:30:01.592+0000] {subprocess.py:78} INFO - Tmp dir root location: /tmp
[2025-09-11T16:30:01.594+0000] {subprocess.py:88} INFO - Running command: ['/usr/bin/bash', '-c', '\n                                cd ../../opt/***/\n                                ']
[2025-09-11T16:30:01.607+0000] {subprocess.py:99} INFO - Output:
[2025-09-11T16:30:01.609+0000] {subprocess.py:110} INFO - Command exited with return code 0
[2025-09-11T16:30:01.627+0000] {taskinstance.py:349} INFO - ::group::Post task execution logs
[2025-09-11T16:30:01.628+0000] {taskinstance.py:361} INFO - Marking task as SUCCESS. dag_id=Weekly_transformation, task_id=move_to_folder, run_id=manual__2025-09-11T16:29:54.923196+00:00, execution_date=20250911T162954, start_date=20250911T163001, end_date=20250911T163001
[2025-09-11T16:30:01.667+0000] {local_task_job_runner.py:266} INFO - Task exited with return code 0
[2025-09-11T16:30:01.684+0000] {taskinstance.py:3924} INFO - 0 downstream tasks scheduled from follow-on schedule check
[2025-09-11T16:30:01.687+0000] {local_task_job_runner.py:245} INFO - ::endgroup::
