[2025-09-12T10:05:16.568+0000] {local_task_job_runner.py:123} INFO - ::group::Pre task execution logs
[2025-09-12T10:05:16.585+0000] {taskinstance.py:2631} INFO - Dependencies all met for dep_context=non-requeueable deps ti=<TaskInstance: Daily_img_transfer.start_dag manual__2025-09-12T10:05:15.769933+00:00 [queued]>
[2025-09-12T10:05:16.591+0000] {taskinstance.py:2631} INFO - Dependencies all met for dep_context=requeueable deps ti=<TaskInstance: Daily_img_transfer.start_dag manual__2025-09-12T10:05:15.769933+00:00 [queued]>
[2025-09-12T10:05:16.593+0000] {taskinstance.py:2884} INFO - Starting attempt 1 of 2
[2025-09-12T10:05:16.604+0000] {taskinstance.py:2907} INFO - Executing <Task(BashOperator): start_dag> on 2025-09-12 10:05:15.769933+00:00
[2025-09-12T10:05:16.610+0000] {standard_task_runner.py:72} INFO - Started process 200 to run task
[2025-09-12T10:05:16.613+0000] {standard_task_runner.py:104} INFO - Running: ['***', 'tasks', 'run', 'Daily_img_transfer', 'start_dag', 'manual__2025-09-12T10:05:15.769933+00:00', '--job-id', '5', '--raw', '--subdir', 'DAGS_FOLDER/dags.py', '--cfg-path', '/tmp/tmp7vnjkj9m']
[2025-09-12T10:05:16.615+0000] {standard_task_runner.py:105} INFO - Job 5: Subtask start_dag
[2025-09-12T10:05:16.669+0000] {task_command.py:467} INFO - Running <TaskInstance: Daily_img_transfer.start_dag manual__2025-09-12T10:05:15.769933+00:00 [running]> on host 860d02b706ad
[2025-09-12T10:05:16.739+0000] {taskinstance.py:3157} INFO - Exporting env vars: AIRFLOW_CTX_DAG_OWNER='***' AIRFLOW_CTX_DAG_ID='Daily_img_transfer' AIRFLOW_CTX_TASK_ID='start_dag' AIRFLOW_CTX_EXECUTION_DATE='2025-09-12T10:05:15.769933+00:00' AIRFLOW_CTX_TRY_NUMBER='1' AIRFLOW_CTX_DAG_RUN_ID='manual__2025-09-12T10:05:15.769933+00:00'
[2025-09-12T10:05:16.740+0000] {taskinstance.py:740} INFO - ::endgroup::
[2025-09-12T10:05:16.751+0000] {subprocess.py:78} INFO - Tmp dir root location: /tmp
[2025-09-12T10:05:16.753+0000] {subprocess.py:88} INFO - Running command: ['/usr/bin/bash', '-c', "echo 'Start!'"]
[2025-09-12T10:05:16.765+0000] {subprocess.py:99} INFO - Output:
[2025-09-12T10:05:16.766+0000] {subprocess.py:106} INFO - Start!
[2025-09-12T10:05:16.767+0000] {subprocess.py:110} INFO - Command exited with return code 0
[2025-09-12T10:05:16.789+0000] {taskinstance.py:349} INFO - ::group::Post task execution logs
[2025-09-12T10:05:16.790+0000] {taskinstance.py:361} INFO - Marking task as SUCCESS. dag_id=Daily_img_transfer, task_id=start_dag, run_id=manual__2025-09-12T10:05:15.769933+00:00, execution_date=20250912T100515, start_date=20250912T100516, end_date=20250912T100516
[2025-09-12T10:05:16.827+0000] {local_task_job_runner.py:266} INFO - Task exited with return code 0
[2025-09-12T10:05:16.851+0000] {taskinstance.py:3924} INFO - 1 downstream tasks scheduled from follow-on schedule check
[2025-09-12T10:05:16.854+0000] {local_task_job_runner.py:245} INFO - ::endgroup::
