[2025-09-11T16:36:37.369+0000] {local_task_job_runner.py:123} INFO - ::group::Pre task execution logs
[2025-09-11T16:36:37.385+0000] {taskinstance.py:2631} INFO - Dependencies all met for dep_context=non-requeueable deps ti=<TaskInstance: Daily_img_transfer.move_images manual__2025-09-11T16:36:35.284843+00:00 [queued]>
[2025-09-11T16:36:37.392+0000] {taskinstance.py:2631} INFO - Dependencies all met for dep_context=requeueable deps ti=<TaskInstance: Daily_img_transfer.move_images manual__2025-09-11T16:36:35.284843+00:00 [queued]>
[2025-09-11T16:36:37.393+0000] {taskinstance.py:2884} INFO - Starting attempt 1 of 1
[2025-09-11T16:36:37.402+0000] {taskinstance.py:2907} INFO - Executing <Task(BashOperator): move_images> on 2025-09-11 16:36:35.284843+00:00
[2025-09-11T16:36:37.406+0000] {standard_task_runner.py:72} INFO - Started process 98 to run task
[2025-09-11T16:36:37.408+0000] {standard_task_runner.py:104} INFO - Running: ['***', 'tasks', 'run', 'Daily_img_transfer', 'move_images', 'manual__2025-09-11T16:36:35.284843+00:00', '--job-id', '95', '--raw', '--subdir', 'DAGS_FOLDER/dags.py', '--cfg-path', '/tmp/tmpuntg7b6c']
[2025-09-11T16:36:37.409+0000] {standard_task_runner.py:105} INFO - Job 95: Subtask move_images
[2025-09-11T16:36:37.437+0000] {task_command.py:467} INFO - Running <TaskInstance: Daily_img_transfer.move_images manual__2025-09-11T16:36:35.284843+00:00 [running]> on host cc11f39aaeea
[2025-09-11T16:36:37.490+0000] {taskinstance.py:3157} INFO - Exporting env vars: AIRFLOW_CTX_DAG_OWNER='***' AIRFLOW_CTX_DAG_ID='Daily_img_transfer' AIRFLOW_CTX_TASK_ID='move_images' AIRFLOW_CTX_EXECUTION_DATE='2025-09-11T16:36:35.284843+00:00' AIRFLOW_CTX_TRY_NUMBER='1' AIRFLOW_CTX_DAG_RUN_ID='manual__2025-09-11T16:36:35.284843+00:00'
[2025-09-11T16:36:37.491+0000] {taskinstance.py:740} INFO - ::endgroup::
[2025-09-11T16:36:37.499+0000] {subprocess.py:78} INFO - Tmp dir root location: /tmp
[2025-09-11T16:36:37.500+0000] {subprocess.py:88} INFO - Running command: ['/usr/bin/bash', '-c', '\n                                pwd\n                                ls\n                                cd ../../opt/***\n                                pwd\n                                ls\n                                mv src/temp/*.jpg data/raw_images\n                                ']
[2025-09-11T16:36:37.507+0000] {subprocess.py:99} INFO - Output:
[2025-09-11T16:36:37.508+0000] {subprocess.py:106} INFO - /tmp/***tmpubln0u8x
[2025-09-11T16:36:37.509+0000] {subprocess.py:106} INFO - /opt/***
[2025-09-11T16:36:37.510+0000] {subprocess.py:106} INFO - ***.cfg
[2025-09-11T16:36:37.511+0000] {subprocess.py:106} INFO - config
[2025-09-11T16:36:37.511+0000] {subprocess.py:106} INFO - dags
[2025-09-11T16:36:37.512+0000] {subprocess.py:106} INFO - data
[2025-09-11T16:36:37.513+0000] {subprocess.py:106} INFO - logs
[2025-09-11T16:36:37.513+0000] {subprocess.py:106} INFO - models
[2025-09-11T16:36:37.514+0000] {subprocess.py:106} INFO - plugins
[2025-09-11T16:36:37.514+0000] {subprocess.py:106} INFO - requirements.txt
[2025-09-11T16:36:37.515+0000] {subprocess.py:106} INFO - src
[2025-09-11T16:36:37.515+0000] {subprocess.py:106} INFO - webserver_config.py
[2025-09-11T16:36:37.527+0000] {subprocess.py:110} INFO - Command exited with return code 0
[2025-09-11T16:36:37.543+0000] {taskinstance.py:349} INFO - ::group::Post task execution logs
[2025-09-11T16:36:37.544+0000] {taskinstance.py:361} INFO - Marking task as SUCCESS. dag_id=Daily_img_transfer, task_id=move_images, run_id=manual__2025-09-11T16:36:35.284843+00:00, execution_date=20250911T163635, start_date=20250911T163637, end_date=20250911T163637
[2025-09-11T16:36:37.581+0000] {local_task_job_runner.py:266} INFO - Task exited with return code 0
[2025-09-11T16:36:37.596+0000] {taskinstance.py:3924} INFO - 1 downstream tasks scheduled from follow-on schedule check
[2025-09-11T16:36:37.598+0000] {local_task_job_runner.py:245} INFO - ::endgroup::
