[2025-09-10 16:00:59,156] {taskinstance.py:1159} INFO - Dependencies all met for <TaskInstance: Daily_img_transfer.start_dag manual__2025-09-10T16:00:57.994151+00:00 [queued]>
[2025-09-10 16:00:59,163] {taskinstance.py:1159} INFO - Dependencies all met for <TaskInstance: Daily_img_transfer.start_dag manual__2025-09-10T16:00:57.994151+00:00 [queued]>
[2025-09-10 16:00:59,164] {taskinstance.py:1356} INFO - 
--------------------------------------------------------------------------------
[2025-09-10 16:00:59,165] {taskinstance.py:1357} INFO - Starting attempt 1 of 1
[2025-09-10 16:00:59,165] {taskinstance.py:1358} INFO - 
--------------------------------------------------------------------------------
[2025-09-10 16:00:59,176] {taskinstance.py:1377} INFO - Executing <Task(BashOperator): start_dag> on 2025-09-10 16:00:57.994151+00:00
[2025-09-10 16:00:59,181] {standard_task_runner.py:52} INFO - Started process 95 to run task
[2025-09-10 16:00:59,184] {standard_task_runner.py:79} INFO - Running: ['***', 'tasks', 'run', 'Daily_img_transfer', 'start_dag', 'manual__2025-09-10T16:00:57.994151+00:00', '--job-id', '9', '--raw', '--subdir', 'DAGS_FOLDER/dags.py', '--cfg-path', '/tmp/tmpj6eomshb', '--error-file', '/tmp/tmpveaqanzn']
[2025-09-10 16:00:59,184] {standard_task_runner.py:80} INFO - Job 9: Subtask start_dag
[2025-09-10 16:00:59,227] {task_command.py:370} INFO - Running <TaskInstance: Daily_img_transfer.start_dag manual__2025-09-10T16:00:57.994151+00:00 [running]> on host 17d4e251db5b
[2025-09-10 16:00:59,280] {taskinstance.py:1571} INFO - Exporting the following env vars:
AIRFLOW_CTX_DAG_OWNER=***
AIRFLOW_CTX_DAG_ID=Daily_img_transfer
AIRFLOW_CTX_TASK_ID=start_dag
AIRFLOW_CTX_EXECUTION_DATE=2025-09-10T16:00:57.994151+00:00
AIRFLOW_CTX_TRY_NUMBER=1
AIRFLOW_CTX_DAG_RUN_ID=manual__2025-09-10T16:00:57.994151+00:00
[2025-09-10 16:00:59,281] {subprocess.py:62} INFO - Tmp dir root location: 
 /tmp
[2025-09-10 16:00:59,282] {subprocess.py:74} INFO - Running command: ['bash', '-c', "echo 'Start!'"]
[2025-09-10 16:00:59,290] {subprocess.py:85} INFO - Output:
[2025-09-10 16:00:59,291] {subprocess.py:92} INFO - Start!
[2025-09-10 16:00:59,292] {subprocess.py:96} INFO - Command exited with return code 0
[2025-09-10 16:00:59,315] {taskinstance.py:1400} INFO - Marking task as SUCCESS. dag_id=Daily_img_transfer, task_id=start_dag, execution_date=20250910T160057, start_date=20250910T160059, end_date=20250910T160059
[2025-09-10 16:00:59,357] {local_task_job.py:156} INFO - Task exited with return code 0
[2025-09-10 16:00:59,395] {local_task_job.py:273} INFO - 1 downstream tasks scheduled from follow-on schedule check
