[2025-09-12T10:05:14.797+0000] {local_task_job_runner.py:123} INFO - ::group::Pre task execution logs
[2025-09-12T10:05:14.817+0000] {taskinstance.py:2631} INFO - Dependencies all met for dep_context=non-requeueable deps ti=<TaskInstance: Daily_img_transfer.start_dag scheduled__2025-09-11T00:00:00+00:00 [queued]>
[2025-09-12T10:05:14.824+0000] {taskinstance.py:2631} INFO - Dependencies all met for dep_context=requeueable deps ti=<TaskInstance: Daily_img_transfer.start_dag scheduled__2025-09-11T00:00:00+00:00 [queued]>
[2025-09-12T10:05:14.825+0000] {taskinstance.py:2884} INFO - Starting attempt 1 of 2
[2025-09-12T10:05:14.838+0000] {taskinstance.py:2907} INFO - Executing <Task(BashOperator): start_dag> on 2025-09-11 00:00:00+00:00
[2025-09-12T10:05:14.845+0000] {standard_task_runner.py:72} INFO - Started process 182 to run task
[2025-09-12T10:05:14.849+0000] {standard_task_runner.py:104} INFO - Running: ['***', 'tasks', 'run', 'Daily_img_transfer', 'start_dag', 'scheduled__2025-09-11T00:00:00+00:00', '--job-id', '3', '--raw', '--subdir', 'DAGS_FOLDER/dags.py', '--cfg-path', '/tmp/tmpde20f3pv']
[2025-09-12T10:05:14.851+0000] {standard_task_runner.py:105} INFO - Job 3: Subtask start_dag
[2025-09-12T10:05:14.915+0000] {task_command.py:467} INFO - Running <TaskInstance: Daily_img_transfer.start_dag scheduled__2025-09-11T00:00:00+00:00 [running]> on host 860d02b706ad
[2025-09-12T10:05:14.997+0000] {taskinstance.py:3157} INFO - Exporting env vars: AIRFLOW_CTX_DAG_OWNER='***' AIRFLOW_CTX_DAG_ID='Daily_img_transfer' AIRFLOW_CTX_TASK_ID='start_dag' AIRFLOW_CTX_EXECUTION_DATE='2025-09-11T00:00:00+00:00' AIRFLOW_CTX_TRY_NUMBER='1' AIRFLOW_CTX_DAG_RUN_ID='scheduled__2025-09-11T00:00:00+00:00'
[2025-09-12T10:05:14.999+0000] {taskinstance.py:740} INFO - ::endgroup::
[2025-09-12T10:05:15.028+0000] {subprocess.py:78} INFO - Tmp dir root location: /tmp
[2025-09-12T10:05:15.030+0000] {subprocess.py:88} INFO - Running command: ['/usr/bin/bash', '-c', "echo 'Start!'"]
[2025-09-12T10:05:15.045+0000] {subprocess.py:99} INFO - Output:
[2025-09-12T10:05:15.047+0000] {subprocess.py:106} INFO - Start!
[2025-09-12T10:05:15.048+0000] {subprocess.py:110} INFO - Command exited with return code 0
[2025-09-12T10:05:15.076+0000] {taskinstance.py:349} INFO - ::group::Post task execution logs
[2025-09-12T10:05:15.077+0000] {taskinstance.py:361} INFO - Marking task as SUCCESS. dag_id=Daily_img_transfer, task_id=start_dag, run_id=scheduled__2025-09-11T00:00:00+00:00, execution_date=20250911T000000, start_date=20250912T100514, end_date=20250912T100515
[2025-09-12T10:05:15.145+0000] {local_task_job_runner.py:266} INFO - Task exited with return code 0
[2025-09-12T10:05:15.169+0000] {taskinstance.py:3924} INFO - 1 downstream tasks scheduled from follow-on schedule check
[2025-09-12T10:05:15.172+0000] {local_task_job_runner.py:245} INFO - ::endgroup::
