[2025-09-12T08:22:08.851+0000] {local_task_job_runner.py:123} INFO - ::group::Pre task execution logs
[2025-09-12T08:22:08.868+0000] {taskinstance.py:2631} INFO - Dependencies all met for dep_context=non-requeueable deps ti=<TaskInstance: Weekly_transformation.start_dag manual__2025-09-12T08:22:05.537385+00:00 [queued]>
[2025-09-12T08:22:08.876+0000] {taskinstance.py:2631} INFO - Dependencies all met for dep_context=requeueable deps ti=<TaskInstance: Weekly_transformation.start_dag manual__2025-09-12T08:22:05.537385+00:00 [queued]>
[2025-09-12T08:22:08.879+0000] {taskinstance.py:2884} INFO - Starting attempt 1 of 2
[2025-09-12T08:22:08.890+0000] {taskinstance.py:2907} INFO - Executing <Task(BashOperator): start_dag> on 2025-09-12 08:22:05.537385+00:00
[2025-09-12T08:22:08.899+0000] {standard_task_runner.py:72} INFO - Started process 303 to run task
[2025-09-12T08:22:08.904+0000] {standard_task_runner.py:104} INFO - Running: ['***', 'tasks', 'run', 'Weekly_transformation', 'start_dag', 'manual__2025-09-12T08:22:05.537385+00:00', '--job-id', '121', '--raw', '--subdir', 'DAGS_FOLDER/dag_prolab.py', '--cfg-path', '/tmp/tmpk1mhypu8']
[2025-09-12T08:22:08.907+0000] {standard_task_runner.py:105} INFO - Job 121: Subtask start_dag
[2025-09-12T08:22:08.952+0000] {task_command.py:467} INFO - Running <TaskInstance: Weekly_transformation.start_dag manual__2025-09-12T08:22:05.537385+00:00 [running]> on host 3e0e53ef8921
[2025-09-12T08:22:09.024+0000] {taskinstance.py:3157} INFO - Exporting env vars: AIRFLOW_CTX_DAG_OWNER='***' AIRFLOW_CTX_DAG_ID='Weekly_transformation' AIRFLOW_CTX_TASK_ID='start_dag' AIRFLOW_CTX_EXECUTION_DATE='2025-09-12T08:22:05.537385+00:00' AIRFLOW_CTX_TRY_NUMBER='1' AIRFLOW_CTX_DAG_RUN_ID='manual__2025-09-12T08:22:05.537385+00:00'
[2025-09-12T08:22:09.026+0000] {taskinstance.py:740} INFO - ::endgroup::
[2025-09-12T08:22:09.036+0000] {subprocess.py:78} INFO - Tmp dir root location: /tmp
[2025-09-12T08:22:09.038+0000] {subprocess.py:88} INFO - Running command: ['/usr/bin/bash', '-c', "echo 'Start!'"]
[2025-09-12T08:22:09.051+0000] {subprocess.py:99} INFO - Output:
[2025-09-12T08:22:09.053+0000] {subprocess.py:106} INFO - Start!
[2025-09-12T08:22:09.054+0000] {subprocess.py:110} INFO - Command exited with return code 0
[2025-09-12T08:22:09.073+0000] {taskinstance.py:349} INFO - ::group::Post task execution logs
[2025-09-12T08:22:09.075+0000] {taskinstance.py:361} INFO - Marking task as SUCCESS. dag_id=Weekly_transformation, task_id=start_dag, run_id=manual__2025-09-12T08:22:05.537385+00:00, execution_date=20250912T082205, start_date=20250912T082208, end_date=20250912T082209
[2025-09-12T08:22:09.118+0000] {local_task_job_runner.py:266} INFO - Task exited with return code 0
[2025-09-12T08:22:09.134+0000] {taskinstance.py:3924} INFO - 0 downstream tasks scheduled from follow-on schedule check
[2025-09-12T08:22:09.136+0000] {local_task_job_runner.py:245} INFO - ::endgroup::
