[2025-09-11 12:19:36,796] {taskinstance.py:1159} INFO - Dependencies all met for <TaskInstance: Daily_img_transfer.start_dag manual__2025-09-11T12:19:36.178628+00:00 [queued]>
[2025-09-11 12:19:36,810] {taskinstance.py:1159} INFO - Dependencies all met for <TaskInstance: Daily_img_transfer.start_dag manual__2025-09-11T12:19:36.178628+00:00 [queued]>
[2025-09-11 12:19:36,812] {taskinstance.py:1356} INFO - 
--------------------------------------------------------------------------------
[2025-09-11 12:19:36,813] {taskinstance.py:1357} INFO - Starting attempt 1 of 1
[2025-09-11 12:19:36,814] {taskinstance.py:1358} INFO - 
--------------------------------------------------------------------------------
[2025-09-11 12:19:36,836] {taskinstance.py:1377} INFO - Executing <Task(BashOperator): start_dag> on 2025-09-11 12:19:36.178628+00:00
[2025-09-11 12:19:36,843] {standard_task_runner.py:52} INFO - Started process 7155 to run task
[2025-09-11 12:19:36,846] {standard_task_runner.py:79} INFO - Running: ['***', 'tasks', 'run', 'Daily_img_transfer', 'start_dag', 'manual__2025-09-11T12:19:36.178628+00:00', '--job-id', '57', '--raw', '--subdir', 'DAGS_FOLDER/dags.py', '--cfg-path', '/tmp/tmpgjhgipmh', '--error-file', '/tmp/tmpyrvn704l']
[2025-09-11 12:19:36,847] {standard_task_runner.py:80} INFO - Job 57: Subtask start_dag
[2025-09-11 12:19:36,907] {task_command.py:370} INFO - Running <TaskInstance: Daily_img_transfer.start_dag manual__2025-09-11T12:19:36.178628+00:00 [running]> on host 225d5ec060dd
[2025-09-11 12:19:37,001] {taskinstance.py:1571} INFO - Exporting the following env vars:
AIRFLOW_CTX_DAG_OWNER=***
AIRFLOW_CTX_DAG_ID=Daily_img_transfer
AIRFLOW_CTX_TASK_ID=start_dag
AIRFLOW_CTX_EXECUTION_DATE=2025-09-11T12:19:36.178628+00:00
AIRFLOW_CTX_TRY_NUMBER=1
AIRFLOW_CTX_DAG_RUN_ID=manual__2025-09-11T12:19:36.178628+00:00
[2025-09-11 12:19:37,003] {subprocess.py:62} INFO - Tmp dir root location: 
 /tmp
[2025-09-11 12:19:37,004] {subprocess.py:74} INFO - Running command: ['bash', '-c', "echo 'Start!'"]
[2025-09-11 12:19:37,021] {subprocess.py:85} INFO - Output:
[2025-09-11 12:19:37,024] {subprocess.py:92} INFO - Start!
[2025-09-11 12:19:37,025] {subprocess.py:96} INFO - Command exited with return code 0
[2025-09-11 12:19:37,056] {taskinstance.py:1400} INFO - Marking task as SUCCESS. dag_id=Daily_img_transfer, task_id=start_dag, execution_date=20250911T121936, start_date=20250911T121936, end_date=20250911T121937
[2025-09-11 12:19:37,099] {local_task_job.py:156} INFO - Task exited with return code 0
[2025-09-11 12:19:37,134] {local_task_job.py:273} INFO - 1 downstream tasks scheduled from follow-on schedule check
