[2025-09-11 12:22:16,601] {taskinstance.py:1159} INFO - Dependencies all met for <TaskInstance: Daily_img_transfer.move_images manual__2025-09-11T12:22:15.011097+00:00 [queued]>
[2025-09-11 12:22:16,609] {taskinstance.py:1159} INFO - Dependencies all met for <TaskInstance: Daily_img_transfer.move_images manual__2025-09-11T12:22:15.011097+00:00 [queued]>
[2025-09-11 12:22:16,610] {taskinstance.py:1356} INFO - 
--------------------------------------------------------------------------------
[2025-09-11 12:22:16,610] {taskinstance.py:1357} INFO - Starting attempt 1 of 1
[2025-09-11 12:22:16,613] {taskinstance.py:1358} INFO - 
--------------------------------------------------------------------------------
[2025-09-11 12:22:16,625] {taskinstance.py:1377} INFO - Executing <Task(BashOperator): move_images> on 2025-09-11 12:22:15.011097+00:00
[2025-09-11 12:22:16,629] {standard_task_runner.py:52} INFO - Started process 7296 to run task
[2025-09-11 12:22:16,631] {standard_task_runner.py:79} INFO - Running: ['***', 'tasks', 'run', 'Daily_img_transfer', 'move_images', 'manual__2025-09-11T12:22:15.011097+00:00', '--job-id', '64', '--raw', '--subdir', 'DAGS_FOLDER/dags.py', '--cfg-path', '/tmp/tmpntyxzkyk', '--error-file', '/tmp/tmpasys54jt']
[2025-09-11 12:22:16,632] {standard_task_runner.py:80} INFO - Job 64: Subtask move_images
[2025-09-11 12:22:16,673] {task_command.py:370} INFO - Running <TaskInstance: Daily_img_transfer.move_images manual__2025-09-11T12:22:15.011097+00:00 [running]> on host 225d5ec060dd
[2025-09-11 12:22:16,725] {taskinstance.py:1571} INFO - Exporting the following env vars:
AIRFLOW_CTX_DAG_OWNER=***
AIRFLOW_CTX_DAG_ID=Daily_img_transfer
AIRFLOW_CTX_TASK_ID=move_images
AIRFLOW_CTX_EXECUTION_DATE=2025-09-11T12:22:15.011097+00:00
AIRFLOW_CTX_TRY_NUMBER=1
AIRFLOW_CTX_DAG_RUN_ID=manual__2025-09-11T12:22:15.011097+00:00
[2025-09-11 12:22:16,727] {subprocess.py:62} INFO - Tmp dir root location: 
 /tmp
[2025-09-11 12:22:16,728] {subprocess.py:74} INFO - Running command: ['bash', '-c', '\n                                cd ../../opt/***\n                                mv src/temp/*.jpg data/raw_images\n                                cd data/raw_images\n                                ls\n                                ']
[2025-09-11 12:22:16,737] {subprocess.py:85} INFO - Output:
[2025-09-11 12:22:16,746] {subprocess.py:92} INFO - mv: cannot stat 'src/temp/*.jpg': No such file or directory
[2025-09-11 12:22:16,750] {subprocess.py:92} INFO - frame175751278672.jpg
[2025-09-11 12:22:16,751] {subprocess.py:92} INFO - raw.txt
[2025-09-11 12:22:16,751] {subprocess.py:96} INFO - Command exited with return code 0
[2025-09-11 12:22:16,777] {taskinstance.py:1400} INFO - Marking task as SUCCESS. dag_id=Daily_img_transfer, task_id=move_images, execution_date=20250911T122215, start_date=20250911T122216, end_date=20250911T122216
[2025-09-11 12:22:16,805] {local_task_job.py:156} INFO - Task exited with return code 0
[2025-09-11 12:22:16,849] {local_task_job.py:273} INFO - 1 downstream tasks scheduled from follow-on schedule check
