[2025-09-12T08:14:00.707+0000] {local_task_job_runner.py:123} INFO - ::group::Pre task execution logs
[2025-09-12T08:14:00.723+0000] {taskinstance.py:2631} INFO - Dependencies all met for dep_context=non-requeueable deps ti=<TaskInstance: Daily_img_transfer.move_images manual__2025-09-12T08:13:58.950838+00:00 [queued]>
[2025-09-12T08:14:00.730+0000] {taskinstance.py:2631} INFO - Dependencies all met for dep_context=requeueable deps ti=<TaskInstance: Daily_img_transfer.move_images manual__2025-09-12T08:13:58.950838+00:00 [queued]>
[2025-09-12T08:14:00.732+0000] {taskinstance.py:2884} INFO - Starting attempt 1 of 1
[2025-09-12T08:14:00.741+0000] {taskinstance.py:2907} INFO - Executing <Task(BashOperator): move_images> on 2025-09-12 08:13:58.950838+00:00
[2025-09-12T08:14:00.746+0000] {standard_task_runner.py:72} INFO - Started process 135 to run task
[2025-09-12T08:14:00.749+0000] {standard_task_runner.py:104} INFO - Running: ['***', 'tasks', 'run', 'Daily_img_transfer', 'move_images', 'manual__2025-09-12T08:13:58.950838+00:00', '--job-id', '108', '--raw', '--subdir', 'DAGS_FOLDER/dags.py', '--cfg-path', '/tmp/tmpw16wb5fz']
[2025-09-12T08:14:00.750+0000] {standard_task_runner.py:105} INFO - Job 108: Subtask move_images
[2025-09-12T08:14:00.780+0000] {task_command.py:467} INFO - Running <TaskInstance: Daily_img_transfer.move_images manual__2025-09-12T08:13:58.950838+00:00 [running]> on host 3e0e53ef8921
[2025-09-12T08:14:00.843+0000] {taskinstance.py:3157} INFO - Exporting env vars: AIRFLOW_CTX_DAG_OWNER='***' AIRFLOW_CTX_DAG_ID='Daily_img_transfer' AIRFLOW_CTX_TASK_ID='move_images' AIRFLOW_CTX_EXECUTION_DATE='2025-09-12T08:13:58.950838+00:00' AIRFLOW_CTX_TRY_NUMBER='1' AIRFLOW_CTX_DAG_RUN_ID='manual__2025-09-12T08:13:58.950838+00:00'
[2025-09-12T08:14:00.845+0000] {taskinstance.py:740} INFO - ::endgroup::
[2025-09-12T08:14:00.854+0000] {subprocess.py:78} INFO - Tmp dir root location: /tmp
[2025-09-12T08:14:00.857+0000] {subprocess.py:88} INFO - Running command: ['/usr/bin/bash', '-c', '\n                                pwd\n                                ls\n                                cd ../../opt/***\n                                pwd\n                                ls\n                                mv src/temp/*.jpg data/raw_images\n                                ']
[2025-09-12T08:14:00.864+0000] {subprocess.py:99} INFO - Output:
[2025-09-12T08:14:00.866+0000] {subprocess.py:106} INFO - /tmp/***tmpj7ml9fja
[2025-09-12T08:14:00.867+0000] {subprocess.py:106} INFO - /opt/***
[2025-09-12T08:14:00.868+0000] {subprocess.py:106} INFO - ***.cfg
[2025-09-12T08:14:00.869+0000] {subprocess.py:106} INFO - config
[2025-09-12T08:14:00.871+0000] {subprocess.py:106} INFO - dags
[2025-09-12T08:14:00.872+0000] {subprocess.py:106} INFO - data
[2025-09-12T08:14:00.872+0000] {subprocess.py:106} INFO - logs
[2025-09-12T08:14:00.873+0000] {subprocess.py:106} INFO - models
[2025-09-12T08:14:00.875+0000] {subprocess.py:106} INFO - plugins
[2025-09-12T08:14:00.876+0000] {subprocess.py:106} INFO - requirements.txt
[2025-09-12T08:14:00.877+0000] {subprocess.py:106} INFO - src
[2025-09-12T08:14:00.879+0000] {subprocess.py:106} INFO - webserver_config.py
[2025-09-12T08:14:00.907+0000] {subprocess.py:110} INFO - Command exited with return code 0
[2025-09-12T08:14:00.925+0000] {taskinstance.py:349} INFO - ::group::Post task execution logs
[2025-09-12T08:14:00.927+0000] {taskinstance.py:361} INFO - Marking task as SUCCESS. dag_id=Daily_img_transfer, task_id=move_images, run_id=manual__2025-09-12T08:13:58.950838+00:00, execution_date=20250912T081358, start_date=20250912T081400, end_date=20250912T081400
[2025-09-12T08:14:00.962+0000] {local_task_job_runner.py:266} INFO - Task exited with return code 0
[2025-09-12T08:14:00.979+0000] {taskinstance.py:3924} INFO - 1 downstream tasks scheduled from follow-on schedule check
[2025-09-12T08:14:00.981+0000] {local_task_job_runner.py:245} INFO - ::endgroup::
