[2025-09-11 10:38:37,130] {taskinstance.py:1159} INFO - Dependencies all met for <TaskInstance: Daily_img_transfer.start_dag manual__2025-09-11T10:38:36.298085+00:00 [queued]>
[2025-09-11 10:38:37,137] {taskinstance.py:1159} INFO - Dependencies all met for <TaskInstance: Daily_img_transfer.start_dag manual__2025-09-11T10:38:36.298085+00:00 [queued]>
[2025-09-11 10:38:37,138] {taskinstance.py:1356} INFO - 
--------------------------------------------------------------------------------
[2025-09-11 10:38:37,139] {taskinstance.py:1357} INFO - Starting attempt 1 of 1
[2025-09-11 10:38:37,139] {taskinstance.py:1358} INFO - 
--------------------------------------------------------------------------------
[2025-09-11 10:38:37,149] {taskinstance.py:1377} INFO - Executing <Task(BashOperator): start_dag> on 2025-09-11 10:38:36.298085+00:00
[2025-09-11 10:38:37,153] {standard_task_runner.py:52} INFO - Started process 2564 to run task
[2025-09-11 10:38:37,156] {standard_task_runner.py:79} INFO - Running: ['***', 'tasks', 'run', 'Daily_img_transfer', 'start_dag', 'manual__2025-09-11T10:38:36.298085+00:00', '--job-id', '46', '--raw', '--subdir', 'DAGS_FOLDER/dags.py', '--cfg-path', '/tmp/tmp324vi1y6', '--error-file', '/tmp/tmpnkfeqase']
[2025-09-11 10:38:37,156] {standard_task_runner.py:80} INFO - Job 46: Subtask start_dag
[2025-09-11 10:38:37,196] {task_command.py:370} INFO - Running <TaskInstance: Daily_img_transfer.start_dag manual__2025-09-11T10:38:36.298085+00:00 [running]> on host 225d5ec060dd
[2025-09-11 10:38:37,245] {taskinstance.py:1571} INFO - Exporting the following env vars:
AIRFLOW_CTX_DAG_OWNER=***
AIRFLOW_CTX_DAG_ID=Daily_img_transfer
AIRFLOW_CTX_TASK_ID=start_dag
AIRFLOW_CTX_EXECUTION_DATE=2025-09-11T10:38:36.298085+00:00
AIRFLOW_CTX_TRY_NUMBER=1
AIRFLOW_CTX_DAG_RUN_ID=manual__2025-09-11T10:38:36.298085+00:00
[2025-09-11 10:38:37,246] {subprocess.py:62} INFO - Tmp dir root location: 
 /tmp
[2025-09-11 10:38:37,247] {subprocess.py:74} INFO - Running command: ['bash', '-c', "echo 'Start!'"]
[2025-09-11 10:38:37,253] {subprocess.py:85} INFO - Output:
[2025-09-11 10:38:37,254] {subprocess.py:92} INFO - Start!
[2025-09-11 10:38:37,255] {subprocess.py:96} INFO - Command exited with return code 0
[2025-09-11 10:38:37,276] {taskinstance.py:1400} INFO - Marking task as SUCCESS. dag_id=Daily_img_transfer, task_id=start_dag, execution_date=20250911T103836, start_date=20250911T103837, end_date=20250911T103837
[2025-09-11 10:38:37,328] {local_task_job.py:156} INFO - Task exited with return code 0
[2025-09-11 10:38:37,356] {local_task_job.py:273} INFO - 1 downstream tasks scheduled from follow-on schedule check
