[2025-09-11 13:12:29,439] {taskinstance.py:1159} INFO - Dependencies all met for <TaskInstance: Weekly_transformation.end_dag manual__2025-09-11T13:12:26.342914+00:00 [queued]>
[2025-09-11 13:12:29,455] {taskinstance.py:1159} INFO - Dependencies all met for <TaskInstance: Weekly_transformation.end_dag manual__2025-09-11T13:12:26.342914+00:00 [queued]>
[2025-09-11 13:12:29,456] {taskinstance.py:1356} INFO - 
--------------------------------------------------------------------------------
[2025-09-11 13:12:29,457] {taskinstance.py:1357} INFO - Starting attempt 1 of 1
[2025-09-11 13:12:29,457] {taskinstance.py:1358} INFO - 
--------------------------------------------------------------------------------
[2025-09-11 13:12:29,475] {taskinstance.py:1377} INFO - Executing <Task(BashOperator): end_dag> on 2025-09-11 13:12:26.342914+00:00
[2025-09-11 13:12:29,481] {standard_task_runner.py:52} INFO - Started process 669 to run task
[2025-09-11 13:12:29,485] {standard_task_runner.py:79} INFO - Running: ['***', 'tasks', 'run', 'Weekly_transformation', 'end_dag', 'manual__2025-09-11T13:12:26.342914+00:00', '--job-id', '75', '--raw', '--subdir', 'DAGS_FOLDER/dags.py', '--cfg-path', '/tmp/tmpumf2u6r7', '--error-file', '/tmp/tmpr0ne94qi']
[2025-09-11 13:12:29,486] {standard_task_runner.py:80} INFO - Job 75: Subtask end_dag
[2025-09-11 13:12:29,581] {task_command.py:370} INFO - Running <TaskInstance: Weekly_transformation.end_dag manual__2025-09-11T13:12:26.342914+00:00 [running]> on host 71b863e68315
[2025-09-11 13:12:29,650] {taskinstance.py:1571} INFO - Exporting the following env vars:
AIRFLOW_CTX_DAG_OWNER=***
AIRFLOW_CTX_DAG_ID=Weekly_transformation
AIRFLOW_CTX_TASK_ID=end_dag
AIRFLOW_CTX_EXECUTION_DATE=2025-09-11T13:12:26.342914+00:00
AIRFLOW_CTX_TRY_NUMBER=1
AIRFLOW_CTX_DAG_RUN_ID=manual__2025-09-11T13:12:26.342914+00:00
[2025-09-11 13:12:29,651] {subprocess.py:62} INFO - Tmp dir root location: 
 /tmp
[2025-09-11 13:12:29,652] {subprocess.py:74} INFO - Running command: ['bash', '-c', "echo 'End!'"]
[2025-09-11 13:12:29,662] {subprocess.py:85} INFO - Output:
[2025-09-11 13:12:29,663] {subprocess.py:92} INFO - End!
[2025-09-11 13:12:29,664] {subprocess.py:96} INFO - Command exited with return code 0
[2025-09-11 13:12:29,688] {taskinstance.py:1400} INFO - Marking task as SUCCESS. dag_id=Weekly_transformation, task_id=end_dag, execution_date=20250911T131226, start_date=20250911T131229, end_date=20250911T131229
[2025-09-11 13:12:29,738] {local_task_job.py:156} INFO - Task exited with return code 0
[2025-09-11 13:12:29,771] {local_task_job.py:273} INFO - 0 downstream tasks scheduled from follow-on schedule check
