[2025-09-12T08:27:36.028+0000] {local_task_job_runner.py:123} INFO - ::group::Pre task execution logs
[2025-09-12T08:27:36.045+0000] {taskinstance.py:2631} INFO - Dependencies all met for dep_context=non-requeueable deps ti=<TaskInstance: Weekly_transformation.end_dag manual__2025-09-12T08:27:22.751259+00:00 [queued]>
[2025-09-12T08:27:36.053+0000] {taskinstance.py:2631} INFO - Dependencies all met for dep_context=requeueable deps ti=<TaskInstance: Weekly_transformation.end_dag manual__2025-09-12T08:27:22.751259+00:00 [queued]>
[2025-09-12T08:27:36.054+0000] {taskinstance.py:2884} INFO - Starting attempt 1 of 2
[2025-09-12T08:27:36.065+0000] {taskinstance.py:2907} INFO - Executing <Task(BashOperator): end_dag> on 2025-09-12 08:27:22.751259+00:00
[2025-09-12T08:27:36.072+0000] {standard_task_runner.py:72} INFO - Started process 422 to run task
[2025-09-12T08:27:36.074+0000] {standard_task_runner.py:104} INFO - Running: ['***', 'tasks', 'run', 'Weekly_transformation', 'end_dag', 'manual__2025-09-12T08:27:22.751259+00:00', '--job-id', '131', '--raw', '--subdir', 'DAGS_FOLDER/dag_prolab.py', '--cfg-path', '/tmp/tmpud8elnol']
[2025-09-12T08:27:36.077+0000] {standard_task_runner.py:105} INFO - Job 131: Subtask end_dag
[2025-09-12T08:27:36.112+0000] {task_command.py:467} INFO - Running <TaskInstance: Weekly_transformation.end_dag manual__2025-09-12T08:27:22.751259+00:00 [running]> on host 3e0e53ef8921
[2025-09-12T08:27:36.173+0000] {taskinstance.py:3157} INFO - Exporting env vars: AIRFLOW_CTX_DAG_OWNER='***' AIRFLOW_CTX_DAG_ID='Weekly_transformation' AIRFLOW_CTX_TASK_ID='end_dag' AIRFLOW_CTX_EXECUTION_DATE='2025-09-12T08:27:22.751259+00:00' AIRFLOW_CTX_TRY_NUMBER='1' AIRFLOW_CTX_DAG_RUN_ID='manual__2025-09-12T08:27:22.751259+00:00'
[2025-09-12T08:27:36.174+0000] {taskinstance.py:740} INFO - ::endgroup::
[2025-09-12T08:27:36.184+0000] {subprocess.py:78} INFO - Tmp dir root location: /tmp
[2025-09-12T08:27:36.185+0000] {subprocess.py:88} INFO - Running command: ['/usr/bin/bash', '-c', "echo 'End!'"]
[2025-09-12T08:27:36.198+0000] {subprocess.py:99} INFO - Output:
[2025-09-12T08:27:36.199+0000] {subprocess.py:106} INFO - End!
[2025-09-12T08:27:36.200+0000] {subprocess.py:110} INFO - Command exited with return code 0
[2025-09-12T08:27:36.218+0000] {taskinstance.py:349} INFO - ::group::Post task execution logs
[2025-09-12T08:27:36.219+0000] {taskinstance.py:361} INFO - Marking task as SUCCESS. dag_id=Weekly_transformation, task_id=end_dag, run_id=manual__2025-09-12T08:27:22.751259+00:00, execution_date=20250912T082722, start_date=20250912T082736, end_date=20250912T082736
[2025-09-12T08:27:36.288+0000] {local_task_job_runner.py:266} INFO - Task exited with return code 0
[2025-09-12T08:27:36.301+0000] {taskinstance.py:3924} INFO - 0 downstream tasks scheduled from follow-on schedule check
[2025-09-12T08:27:36.304+0000] {local_task_job_runner.py:245} INFO - ::endgroup::
