[2025-09-11T16:36:38.408+0000] {local_task_job_runner.py:123} INFO - ::group::Pre task execution logs
[2025-09-11T16:36:38.424+0000] {taskinstance.py:2631} INFO - Dependencies all met for dep_context=non-requeueable deps ti=<TaskInstance: Daily_img_transfer.end_dag manual__2025-09-11T16:36:35.284843+00:00 [queued]>
[2025-09-11T16:36:38.431+0000] {taskinstance.py:2631} INFO - Dependencies all met for dep_context=requeueable deps ti=<TaskInstance: Daily_img_transfer.end_dag manual__2025-09-11T16:36:35.284843+00:00 [queued]>
[2025-09-11T16:36:38.433+0000] {taskinstance.py:2884} INFO - Starting attempt 1 of 1
[2025-09-11T16:36:38.442+0000] {taskinstance.py:2907} INFO - Executing <Task(BashOperator): end_dag> on 2025-09-11 16:36:35.284843+00:00
[2025-09-11T16:36:38.446+0000] {standard_task_runner.py:72} INFO - Started process 105 to run task
[2025-09-11T16:36:38.448+0000] {standard_task_runner.py:104} INFO - Running: ['***', 'tasks', 'run', 'Daily_img_transfer', 'end_dag', 'manual__2025-09-11T16:36:35.284843+00:00', '--job-id', '96', '--raw', '--subdir', 'DAGS_FOLDER/dags.py', '--cfg-path', '/tmp/tmp_4y4eyi8']
[2025-09-11T16:36:38.449+0000] {standard_task_runner.py:105} INFO - Job 96: Subtask end_dag
[2025-09-11T16:36:38.482+0000] {task_command.py:467} INFO - Running <TaskInstance: Daily_img_transfer.end_dag manual__2025-09-11T16:36:35.284843+00:00 [running]> on host cc11f39aaeea
[2025-09-11T16:36:38.534+0000] {taskinstance.py:3157} INFO - Exporting env vars: AIRFLOW_CTX_DAG_OWNER='***' AIRFLOW_CTX_DAG_ID='Daily_img_transfer' AIRFLOW_CTX_TASK_ID='end_dag' AIRFLOW_CTX_EXECUTION_DATE='2025-09-11T16:36:35.284843+00:00' AIRFLOW_CTX_TRY_NUMBER='1' AIRFLOW_CTX_DAG_RUN_ID='manual__2025-09-11T16:36:35.284843+00:00'
[2025-09-11T16:36:38.535+0000] {taskinstance.py:740} INFO - ::endgroup::
[2025-09-11T16:36:38.543+0000] {subprocess.py:78} INFO - Tmp dir root location: /tmp
[2025-09-11T16:36:38.544+0000] {subprocess.py:88} INFO - Running command: ['/usr/bin/bash', '-c', "echo 'End!'"]
[2025-09-11T16:36:38.551+0000] {subprocess.py:99} INFO - Output:
[2025-09-11T16:36:38.552+0000] {subprocess.py:106} INFO - End!
[2025-09-11T16:36:38.552+0000] {subprocess.py:110} INFO - Command exited with return code 0
[2025-09-11T16:36:38.570+0000] {taskinstance.py:349} INFO - ::group::Post task execution logs
[2025-09-11T16:36:38.571+0000] {taskinstance.py:361} INFO - Marking task as SUCCESS. dag_id=Daily_img_transfer, task_id=end_dag, run_id=manual__2025-09-11T16:36:35.284843+00:00, execution_date=20250911T163635, start_date=20250911T163638, end_date=20250911T163638
[2025-09-11T16:36:38.622+0000] {local_task_job_runner.py:266} INFO - Task exited with return code 0
[2025-09-11T16:36:38.637+0000] {taskinstance.py:3924} INFO - 0 downstream tasks scheduled from follow-on schedule check
[2025-09-11T16:36:38.639+0000] {local_task_job_runner.py:245} INFO - ::endgroup::
