[2025-09-11 08:39:54,387] {taskinstance.py:1159} INFO - Dependencies all met for <TaskInstance: Daily_img_transfer.start_dag manual__2025-09-11T08:39:53.921823+00:00 [queued]>
[2025-09-11 08:39:54,400] {taskinstance.py:1159} INFO - Dependencies all met for <TaskInstance: Daily_img_transfer.start_dag manual__2025-09-11T08:39:53.921823+00:00 [queued]>
[2025-09-11 08:39:54,401] {taskinstance.py:1356} INFO - 
--------------------------------------------------------------------------------
[2025-09-11 08:39:54,402] {taskinstance.py:1357} INFO - Starting attempt 1 of 1
[2025-09-11 08:39:54,403] {taskinstance.py:1358} INFO - 
--------------------------------------------------------------------------------
[2025-09-11 08:39:54,421] {taskinstance.py:1377} INFO - Executing <Task(BashOperator): start_dag> on 2025-09-11 08:39:53.921823+00:00
[2025-09-11 08:39:54,426] {standard_task_runner.py:52} INFO - Started process 259 to run task
[2025-09-11 08:39:54,430] {standard_task_runner.py:79} INFO - Running: ['***', 'tasks', 'run', 'Daily_img_transfer', 'start_dag', 'manual__2025-09-11T08:39:53.921823+00:00', '--job-id', '18', '--raw', '--subdir', 'DAGS_FOLDER/dags.py', '--cfg-path', '/tmp/tmp0z9l85x_', '--error-file', '/tmp/tmpiio33439']
[2025-09-11 08:39:54,431] {standard_task_runner.py:80} INFO - Job 18: Subtask start_dag
[2025-09-11 08:39:54,479] {task_command.py:370} INFO - Running <TaskInstance: Daily_img_transfer.start_dag manual__2025-09-11T08:39:53.921823+00:00 [running]> on host 17d4e251db5b
[2025-09-11 08:39:54,534] {taskinstance.py:1571} INFO - Exporting the following env vars:
AIRFLOW_CTX_DAG_OWNER=***
AIRFLOW_CTX_DAG_ID=Daily_img_transfer
AIRFLOW_CTX_TASK_ID=start_dag
AIRFLOW_CTX_EXECUTION_DATE=2025-09-11T08:39:53.921823+00:00
AIRFLOW_CTX_TRY_NUMBER=1
AIRFLOW_CTX_DAG_RUN_ID=manual__2025-09-11T08:39:53.921823+00:00
[2025-09-11 08:39:54,536] {subprocess.py:62} INFO - Tmp dir root location: 
 /tmp
[2025-09-11 08:39:54,537] {subprocess.py:74} INFO - Running command: ['bash', '-c', "echo 'Start!'"]
[2025-09-11 08:39:54,548] {subprocess.py:85} INFO - Output:
[2025-09-11 08:39:54,550] {subprocess.py:92} INFO - Start!
[2025-09-11 08:39:54,552] {subprocess.py:96} INFO - Command exited with return code 0
[2025-09-11 08:39:54,580] {taskinstance.py:1400} INFO - Marking task as SUCCESS. dag_id=Daily_img_transfer, task_id=start_dag, execution_date=20250911T083953, start_date=20250911T083954, end_date=20250911T083954
[2025-09-11 08:39:54,603] {local_task_job.py:156} INFO - Task exited with return code 0
[2025-09-11 08:39:54,631] {local_task_job.py:273} INFO - 1 downstream tasks scheduled from follow-on schedule check
