[2025-09-11 13:12:07,714] {taskinstance.py:1159} INFO - Dependencies all met for <TaskInstance: Daily_img_transfer.end_dag manual__2025-09-11T13:12:04.066920+00:00 [queued]>
[2025-09-11 13:12:07,727] {taskinstance.py:1159} INFO - Dependencies all met for <TaskInstance: Daily_img_transfer.end_dag manual__2025-09-11T13:12:04.066920+00:00 [queued]>
[2025-09-11 13:12:07,728] {taskinstance.py:1356} INFO - 
--------------------------------------------------------------------------------
[2025-09-11 13:12:07,728] {taskinstance.py:1357} INFO - Starting attempt 1 of 1
[2025-09-11 13:12:07,729] {taskinstance.py:1358} INFO - 
--------------------------------------------------------------------------------
[2025-09-11 13:12:07,745] {taskinstance.py:1377} INFO - Executing <Task(BashOperator): end_dag> on 2025-09-11 13:12:04.066920+00:00
[2025-09-11 13:12:07,750] {standard_task_runner.py:52} INFO - Started process 641 to run task
[2025-09-11 13:12:07,753] {standard_task_runner.py:79} INFO - Running: ['***', 'tasks', 'run', 'Daily_img_transfer', 'end_dag', 'manual__2025-09-11T13:12:04.066920+00:00', '--job-id', '72', '--raw', '--subdir', 'DAGS_FOLDER/dags.py', '--cfg-path', '/tmp/tmp9emuy4gj', '--error-file', '/tmp/tmpkzijxu1a']
[2025-09-11 13:12:07,754] {standard_task_runner.py:80} INFO - Job 72: Subtask end_dag
[2025-09-11 13:12:07,808] {task_command.py:370} INFO - Running <TaskInstance: Daily_img_transfer.end_dag manual__2025-09-11T13:12:04.066920+00:00 [running]> on host 71b863e68315
[2025-09-11 13:12:07,888] {taskinstance.py:1571} INFO - Exporting the following env vars:
AIRFLOW_CTX_DAG_OWNER=***
AIRFLOW_CTX_DAG_ID=Daily_img_transfer
AIRFLOW_CTX_TASK_ID=end_dag
AIRFLOW_CTX_EXECUTION_DATE=2025-09-11T13:12:04.066920+00:00
AIRFLOW_CTX_TRY_NUMBER=1
AIRFLOW_CTX_DAG_RUN_ID=manual__2025-09-11T13:12:04.066920+00:00
[2025-09-11 13:12:07,889] {subprocess.py:62} INFO - Tmp dir root location: 
 /tmp
[2025-09-11 13:12:07,890] {subprocess.py:74} INFO - Running command: ['bash', '-c', "echo 'End!'"]
[2025-09-11 13:12:07,897] {subprocess.py:85} INFO - Output:
[2025-09-11 13:12:07,898] {subprocess.py:92} INFO - End!
[2025-09-11 13:12:07,898] {subprocess.py:96} INFO - Command exited with return code 0
[2025-09-11 13:12:07,930] {taskinstance.py:1400} INFO - Marking task as SUCCESS. dag_id=Daily_img_transfer, task_id=end_dag, execution_date=20250911T131204, start_date=20250911T131207, end_date=20250911T131207
[2025-09-11 13:12:07,965] {local_task_job.py:156} INFO - Task exited with return code 0
[2025-09-11 13:12:07,988] {local_task_job.py:273} INFO - 0 downstream tasks scheduled from follow-on schedule check
