[2025-09-12T08:51:13.363+0000] {local_task_job_runner.py:123} INFO - ::group::Pre task execution logs
[2025-09-12T08:51:13.378+0000] {taskinstance.py:2631} INFO - Dependencies all met for dep_context=non-requeueable deps ti=<TaskInstance: Daily_img_transfer.move_images manual__2025-09-12T08:51:10.682358+00:00 [queued]>
[2025-09-12T08:51:13.385+0000] {taskinstance.py:2631} INFO - Dependencies all met for dep_context=requeueable deps ti=<TaskInstance: Daily_img_transfer.move_images manual__2025-09-12T08:51:10.682358+00:00 [queued]>
[2025-09-12T08:51:13.386+0000] {taskinstance.py:2884} INFO - Starting attempt 1 of 2
[2025-09-12T08:51:13.394+0000] {taskinstance.py:2907} INFO - Executing <Task(BashOperator): move_images> on 2025-09-12 08:51:10.682358+00:00
[2025-09-12T08:51:13.399+0000] {standard_task_runner.py:72} INFO - Started process 724 to run task
[2025-09-12T08:51:13.401+0000] {standard_task_runner.py:104} INFO - Running: ['***', 'tasks', 'run', 'Daily_img_transfer', 'move_images', 'manual__2025-09-12T08:51:10.682358+00:00', '--job-id', '133', '--raw', '--subdir', 'DAGS_FOLDER/dags.py', '--cfg-path', '/tmp/tmpixuewdt5']
[2025-09-12T08:51:13.403+0000] {standard_task_runner.py:105} INFO - Job 133: Subtask move_images
[2025-09-12T08:51:13.433+0000] {task_command.py:467} INFO - Running <TaskInstance: Daily_img_transfer.move_images manual__2025-09-12T08:51:10.682358+00:00 [running]> on host 3e0e53ef8921
[2025-09-12T08:51:13.487+0000] {taskinstance.py:3157} INFO - Exporting env vars: AIRFLOW_CTX_DAG_OWNER='***' AIRFLOW_CTX_DAG_ID='Daily_img_transfer' AIRFLOW_CTX_TASK_ID='move_images' AIRFLOW_CTX_EXECUTION_DATE='2025-09-12T08:51:10.682358+00:00' AIRFLOW_CTX_TRY_NUMBER='1' AIRFLOW_CTX_DAG_RUN_ID='manual__2025-09-12T08:51:10.682358+00:00'
[2025-09-12T08:51:13.488+0000] {taskinstance.py:740} INFO - ::endgroup::
[2025-09-12T08:51:13.497+0000] {subprocess.py:78} INFO - Tmp dir root location: /tmp
[2025-09-12T08:51:13.498+0000] {subprocess.py:88} INFO - Running command: ['/usr/bin/bash', '-c', '\n                                pwd\n                                ls\n                                cd ../../opt/***\n                                pwd\n                                ls\n                                mv src/temp/*.jpg data/raw_images\n                                ']
[2025-09-12T08:51:13.505+0000] {subprocess.py:99} INFO - Output:
[2025-09-12T08:51:13.506+0000] {subprocess.py:106} INFO - /tmp/***tmpjp_qdw7u
[2025-09-12T08:51:13.507+0000] {subprocess.py:106} INFO - /opt/***
[2025-09-12T08:51:13.508+0000] {subprocess.py:106} INFO - ***.cfg
[2025-09-12T08:51:13.509+0000] {subprocess.py:106} INFO - config
[2025-09-12T08:51:13.510+0000] {subprocess.py:106} INFO - dags
[2025-09-12T08:51:13.510+0000] {subprocess.py:106} INFO - data
[2025-09-12T08:51:13.511+0000] {subprocess.py:106} INFO - logs
[2025-09-12T08:51:13.512+0000] {subprocess.py:106} INFO - models
[2025-09-12T08:51:13.513+0000] {subprocess.py:106} INFO - plugins
[2025-09-12T08:51:13.513+0000] {subprocess.py:106} INFO - requirements.txt
[2025-09-12T08:51:13.514+0000] {subprocess.py:106} INFO - src
[2025-09-12T08:51:13.515+0000] {subprocess.py:106} INFO - webserver_config.py
[2025-09-12T08:51:13.523+0000] {subprocess.py:110} INFO - Command exited with return code 0
[2025-09-12T08:51:13.541+0000] {taskinstance.py:349} INFO - ::group::Post task execution logs
[2025-09-12T08:51:13.542+0000] {taskinstance.py:361} INFO - Marking task as SUCCESS. dag_id=Daily_img_transfer, task_id=move_images, run_id=manual__2025-09-12T08:51:10.682358+00:00, execution_date=20250912T085110, start_date=20250912T085113, end_date=20250912T085113
[2025-09-12T08:51:13.574+0000] {local_task_job_runner.py:266} INFO - Task exited with return code 0
[2025-09-12T08:51:13.589+0000] {taskinstance.py:3924} INFO - 1 downstream tasks scheduled from follow-on schedule check
[2025-09-12T08:51:13.591+0000] {local_task_job_runner.py:245} INFO - ::endgroup::
