[2025-09-11T16:30:33.967+0000] {local_task_job_runner.py:123} INFO - ::group::Pre task execution logs
[2025-09-11T16:30:33.984+0000] {taskinstance.py:2631} INFO - Dependencies all met for dep_context=non-requeueable deps ti=<TaskInstance: Daily_img_transfer.start_dag manual__2025-09-11T16:30:32.963172+00:00 [queued]>
[2025-09-11T16:30:33.991+0000] {taskinstance.py:2631} INFO - Dependencies all met for dep_context=requeueable deps ti=<TaskInstance: Daily_img_transfer.start_dag manual__2025-09-11T16:30:32.963172+00:00 [queued]>
[2025-09-11T16:30:33.992+0000] {taskinstance.py:2884} INFO - Starting attempt 1 of 1
[2025-09-11T16:30:34.001+0000] {taskinstance.py:2907} INFO - Executing <Task(BashOperator): start_dag> on 2025-09-11 16:30:32.963172+00:00
[2025-09-11T16:30:34.006+0000] {standard_task_runner.py:72} INFO - Started process 223 to run task
[2025-09-11T16:30:34.010+0000] {standard_task_runner.py:104} INFO - Running: ['***', 'tasks', 'run', 'Daily_img_transfer', 'start_dag', 'manual__2025-09-11T16:30:32.963172+00:00', '--job-id', '88', '--raw', '--subdir', 'DAGS_FOLDER/dags.py', '--cfg-path', '/tmp/tmpvv5ly_fl']
[2025-09-11T16:30:34.012+0000] {standard_task_runner.py:105} INFO - Job 88: Subtask start_dag
[2025-09-11T16:30:34.046+0000] {task_command.py:467} INFO - Running <TaskInstance: Daily_img_transfer.start_dag manual__2025-09-11T16:30:32.963172+00:00 [running]> on host d403547ecef7
[2025-09-11T16:30:34.108+0000] {taskinstance.py:3157} INFO - Exporting env vars: AIRFLOW_CTX_DAG_OWNER='***' AIRFLOW_CTX_DAG_ID='Daily_img_transfer' AIRFLOW_CTX_TASK_ID='start_dag' AIRFLOW_CTX_EXECUTION_DATE='2025-09-11T16:30:32.963172+00:00' AIRFLOW_CTX_TRY_NUMBER='1' AIRFLOW_CTX_DAG_RUN_ID='manual__2025-09-11T16:30:32.963172+00:00'
[2025-09-11T16:30:34.109+0000] {taskinstance.py:740} INFO - ::endgroup::
[2025-09-11T16:30:34.119+0000] {subprocess.py:78} INFO - Tmp dir root location: /tmp
[2025-09-11T16:30:34.120+0000] {subprocess.py:88} INFO - Running command: ['/usr/bin/bash', '-c', "echo 'Start!'"]
[2025-09-11T16:30:34.129+0000] {subprocess.py:99} INFO - Output:
[2025-09-11T16:30:34.130+0000] {subprocess.py:106} INFO - Start!
[2025-09-11T16:30:34.131+0000] {subprocess.py:110} INFO - Command exited with return code 0
[2025-09-11T16:30:34.149+0000] {taskinstance.py:349} INFO - ::group::Post task execution logs
[2025-09-11T16:30:34.150+0000] {taskinstance.py:361} INFO - Marking task as SUCCESS. dag_id=Daily_img_transfer, task_id=start_dag, run_id=manual__2025-09-11T16:30:32.963172+00:00, execution_date=20250911T163032, start_date=20250911T163033, end_date=20250911T163034
[2025-09-11T16:30:34.223+0000] {local_task_job_runner.py:266} INFO - Task exited with return code 0
[2025-09-11T16:30:34.246+0000] {taskinstance.py:3924} INFO - 1 downstream tasks scheduled from follow-on schedule check
[2025-09-11T16:30:34.249+0000] {local_task_job_runner.py:245} INFO - ::endgroup::
