[2025-09-11 12:19:37,504] {taskinstance.py:1159} INFO - Dependencies all met for <TaskInstance: Daily_img_transfer.move_images manual__2025-09-11T12:19:36.178628+00:00 [queued]>
[2025-09-11 12:19:37,515] {taskinstance.py:1159} INFO - Dependencies all met for <TaskInstance: Daily_img_transfer.move_images manual__2025-09-11T12:19:36.178628+00:00 [queued]>
[2025-09-11 12:19:37,515] {taskinstance.py:1356} INFO - 
--------------------------------------------------------------------------------
[2025-09-11 12:19:37,516] {taskinstance.py:1357} INFO - Starting attempt 1 of 1
[2025-09-11 12:19:37,517] {taskinstance.py:1358} INFO - 
--------------------------------------------------------------------------------
[2025-09-11 12:19:37,529] {taskinstance.py:1377} INFO - Executing <Task(BashOperator): move_images> on 2025-09-11 12:19:36.178628+00:00
[2025-09-11 12:19:37,533] {standard_task_runner.py:52} INFO - Started process 7158 to run task
[2025-09-11 12:19:37,536] {standard_task_runner.py:79} INFO - Running: ['***', 'tasks', 'run', 'Daily_img_transfer', 'move_images', 'manual__2025-09-11T12:19:36.178628+00:00', '--job-id', '58', '--raw', '--subdir', 'DAGS_FOLDER/dags.py', '--cfg-path', '/tmp/tmp0liwb2i9', '--error-file', '/tmp/tmptndpoh2i']
[2025-09-11 12:19:37,537] {standard_task_runner.py:80} INFO - Job 58: Subtask move_images
[2025-09-11 12:19:37,578] {task_command.py:370} INFO - Running <TaskInstance: Daily_img_transfer.move_images manual__2025-09-11T12:19:36.178628+00:00 [running]> on host 225d5ec060dd
[2025-09-11 12:19:37,632] {taskinstance.py:1571} INFO - Exporting the following env vars:
AIRFLOW_CTX_DAG_OWNER=***
AIRFLOW_CTX_DAG_ID=Daily_img_transfer
AIRFLOW_CTX_TASK_ID=move_images
AIRFLOW_CTX_EXECUTION_DATE=2025-09-11T12:19:36.178628+00:00
AIRFLOW_CTX_TRY_NUMBER=1
AIRFLOW_CTX_DAG_RUN_ID=manual__2025-09-11T12:19:36.178628+00:00
[2025-09-11 12:19:37,633] {subprocess.py:62} INFO - Tmp dir root location: 
 /tmp
[2025-09-11 12:19:37,633] {subprocess.py:74} INFO - Running command: ['bash', '-c', '\n                                cd ../../opt/***\n                                ls\n                                ']
[2025-09-11 12:19:37,642] {subprocess.py:85} INFO - Output:
[2025-09-11 12:19:37,644] {subprocess.py:92} INFO - ***-worker.pid
[2025-09-11 12:19:37,644] {subprocess.py:92} INFO - ***.cfg
[2025-09-11 12:19:37,645] {subprocess.py:92} INFO - dags
[2025-09-11 12:19:37,646] {subprocess.py:92} INFO - data
[2025-09-11 12:19:37,646] {subprocess.py:92} INFO - logs
[2025-09-11 12:19:37,646] {subprocess.py:92} INFO - models
[2025-09-11 12:19:37,647] {subprocess.py:92} INFO - plugins
[2025-09-11 12:19:37,647] {subprocess.py:92} INFO - src
[2025-09-11 12:19:37,647] {subprocess.py:92} INFO - webserver_config.py
[2025-09-11 12:19:37,647] {subprocess.py:96} INFO - Command exited with return code 0
[2025-09-11 12:19:37,671] {taskinstance.py:1400} INFO - Marking task as SUCCESS. dag_id=Daily_img_transfer, task_id=move_images, execution_date=20250911T121936, start_date=20250911T121937, end_date=20250911T121937
[2025-09-11 12:19:37,708] {local_task_job.py:156} INFO - Task exited with return code 0
[2025-09-11 12:19:37,739] {local_task_job.py:273} INFO - 1 downstream tasks scheduled from follow-on schedule check
