[2025-09-11T16:36:36.809+0000] {local_task_job_runner.py:123} INFO - ::group::Pre task execution logs
[2025-09-11T16:36:36.826+0000] {taskinstance.py:2631} INFO - Dependencies all met for dep_context=non-requeueable deps ti=<TaskInstance: Daily_img_transfer.start_dag manual__2025-09-11T16:36:35.284843+00:00 [queued]>
[2025-09-11T16:36:36.835+0000] {taskinstance.py:2631} INFO - Dependencies all met for dep_context=requeueable deps ti=<TaskInstance: Daily_img_transfer.start_dag manual__2025-09-11T16:36:35.284843+00:00 [queued]>
[2025-09-11T16:36:36.844+0000] {taskinstance.py:2884} INFO - Starting attempt 1 of 1
[2025-09-11T16:36:36.855+0000] {taskinstance.py:2907} INFO - Executing <Task(BashOperator): start_dag> on 2025-09-11 16:36:35.284843+00:00
[2025-09-11T16:36:36.860+0000] {standard_task_runner.py:72} INFO - Started process 94 to run task
[2025-09-11T16:36:36.862+0000] {standard_task_runner.py:104} INFO - Running: ['***', 'tasks', 'run', 'Daily_img_transfer', 'start_dag', 'manual__2025-09-11T16:36:35.284843+00:00', '--job-id', '94', '--raw', '--subdir', 'DAGS_FOLDER/dags.py', '--cfg-path', '/tmp/tmpukzgzapj']
[2025-09-11T16:36:36.864+0000] {standard_task_runner.py:105} INFO - Job 94: Subtask start_dag
[2025-09-11T16:36:36.896+0000] {task_command.py:467} INFO - Running <TaskInstance: Daily_img_transfer.start_dag manual__2025-09-11T16:36:35.284843+00:00 [running]> on host cc11f39aaeea
[2025-09-11T16:36:36.955+0000] {taskinstance.py:3157} INFO - Exporting env vars: AIRFLOW_CTX_DAG_OWNER='***' AIRFLOW_CTX_DAG_ID='Daily_img_transfer' AIRFLOW_CTX_TASK_ID='start_dag' AIRFLOW_CTX_EXECUTION_DATE='2025-09-11T16:36:35.284843+00:00' AIRFLOW_CTX_TRY_NUMBER='1' AIRFLOW_CTX_DAG_RUN_ID='manual__2025-09-11T16:36:35.284843+00:00'
[2025-09-11T16:36:36.957+0000] {taskinstance.py:740} INFO - ::endgroup::
[2025-09-11T16:36:36.976+0000] {subprocess.py:78} INFO - Tmp dir root location: /tmp
[2025-09-11T16:36:36.980+0000] {subprocess.py:88} INFO - Running command: ['/usr/bin/bash', '-c', "echo 'Start!'"]
[2025-09-11T16:36:36.988+0000] {subprocess.py:99} INFO - Output:
[2025-09-11T16:36:36.990+0000] {subprocess.py:106} INFO - Start!
[2025-09-11T16:36:36.991+0000] {subprocess.py:110} INFO - Command exited with return code 0
[2025-09-11T16:36:37.011+0000] {taskinstance.py:349} INFO - ::group::Post task execution logs
[2025-09-11T16:36:37.018+0000] {taskinstance.py:361} INFO - Marking task as SUCCESS. dag_id=Daily_img_transfer, task_id=start_dag, run_id=manual__2025-09-11T16:36:35.284843+00:00, execution_date=20250911T163635, start_date=20250911T163636, end_date=20250911T163637
[2025-09-11T16:36:37.075+0000] {local_task_job_runner.py:266} INFO - Task exited with return code 0
[2025-09-11T16:36:37.094+0000] {taskinstance.py:3924} INFO - 0 downstream tasks scheduled from follow-on schedule check
[2025-09-11T16:36:37.095+0000] {local_task_job_runner.py:245} INFO - ::endgroup::
