[2025-09-12T08:14:33.915+0000] {local_task_job_runner.py:123} INFO - ::group::Pre task execution logs
[2025-09-12T08:14:33.932+0000] {taskinstance.py:2631} INFO - Dependencies all met for dep_context=non-requeueable deps ti=<TaskInstance: Weekly_transformation.move_to_folder scheduled__2025-09-11T00:00:00+00:00 [queued]>
[2025-09-12T08:14:33.940+0000] {taskinstance.py:2631} INFO - Dependencies all met for dep_context=requeueable deps ti=<TaskInstance: Weekly_transformation.move_to_folder scheduled__2025-09-11T00:00:00+00:00 [queued]>
[2025-09-12T08:14:33.949+0000] {taskinstance.py:2884} INFO - Starting attempt 1 of 2
[2025-09-12T08:14:33.980+0000] {taskinstance.py:2907} INFO - Executing <Task(BashOperator): move_to_folder> on 2025-09-11 00:00:00+00:00
[2025-09-12T08:14:33.987+0000] {standard_task_runner.py:72} INFO - Started process 166 to run task
[2025-09-12T08:14:33.989+0000] {standard_task_runner.py:104} INFO - Running: ['***', 'tasks', 'run', 'Weekly_transformation', 'move_to_folder', 'scheduled__2025-09-11T00:00:00+00:00', '--job-id', '112', '--raw', '--subdir', 'DAGS_FOLDER/dag_prolab.py', '--cfg-path', '/tmp/tmpb3u3833x']
[2025-09-12T08:14:33.992+0000] {standard_task_runner.py:105} INFO - Job 112: Subtask move_to_folder
[2025-09-12T08:14:34.025+0000] {task_command.py:467} INFO - Running <TaskInstance: Weekly_transformation.move_to_folder scheduled__2025-09-11T00:00:00+00:00 [running]> on host 3e0e53ef8921
[2025-09-12T08:14:34.078+0000] {taskinstance.py:3157} INFO - Exporting env vars: AIRFLOW_CTX_DAG_OWNER='***' AIRFLOW_CTX_DAG_ID='Weekly_transformation' AIRFLOW_CTX_TASK_ID='move_to_folder' AIRFLOW_CTX_EXECUTION_DATE='2025-09-11T00:00:00+00:00' AIRFLOW_CTX_TRY_NUMBER='1' AIRFLOW_CTX_DAG_RUN_ID='scheduled__2025-09-11T00:00:00+00:00'
[2025-09-12T08:14:34.080+0000] {taskinstance.py:740} INFO - ::endgroup::
[2025-09-12T08:14:34.089+0000] {subprocess.py:78} INFO - Tmp dir root location: /tmp
[2025-09-12T08:14:34.091+0000] {subprocess.py:88} INFO - Running command: ['/usr/bin/bash', '-c', '\n                                cd ../../opt/***/\n                                ']
[2025-09-12T08:14:34.103+0000] {subprocess.py:99} INFO - Output:
[2025-09-12T08:14:34.105+0000] {subprocess.py:110} INFO - Command exited with return code 0
[2025-09-12T08:14:34.122+0000] {taskinstance.py:349} INFO - ::group::Post task execution logs
[2025-09-12T08:14:34.123+0000] {taskinstance.py:361} INFO - Marking task as SUCCESS. dag_id=Weekly_transformation, task_id=move_to_folder, run_id=scheduled__2025-09-11T00:00:00+00:00, execution_date=20250911T000000, start_date=20250912T081433, end_date=20250912T081434
[2025-09-12T08:14:34.163+0000] {local_task_job_runner.py:266} INFO - Task exited with return code 0
[2025-09-12T08:14:34.190+0000] {taskinstance.py:3924} INFO - 1 downstream tasks scheduled from follow-on schedule check
[2025-09-12T08:14:34.193+0000] {local_task_job_runner.py:245} INFO - ::endgroup::
