[2025-09-12T10:09:32.898+0000] {local_task_job_runner.py:123} INFO - ::group::Pre task execution logs
[2025-09-12T10:09:32.922+0000] {taskinstance.py:2631} INFO - Dependencies all met for dep_context=non-requeueable deps ti=<TaskInstance: Daily_img_transfer.move_images manual__2025-09-12T10:09:30.500497+00:00 [queued]>
[2025-09-12T10:09:32.930+0000] {taskinstance.py:2631} INFO - Dependencies all met for dep_context=requeueable deps ti=<TaskInstance: Daily_img_transfer.move_images manual__2025-09-12T10:09:30.500497+00:00 [queued]>
[2025-09-12T10:09:32.932+0000] {taskinstance.py:2884} INFO - Starting attempt 1 of 2
[2025-09-12T10:09:32.944+0000] {taskinstance.py:2907} INFO - Executing <Task(BashOperator): move_images> on 2025-09-12 10:09:30.500497+00:00
[2025-09-12T10:09:32.949+0000] {standard_task_runner.py:72} INFO - Started process 286 to run task
[2025-09-12T10:09:32.953+0000] {standard_task_runner.py:104} INFO - Running: ['***', 'tasks', 'run', 'Daily_img_transfer', 'move_images', 'manual__2025-09-12T10:09:30.500497+00:00', '--job-id', '11', '--raw', '--subdir', 'DAGS_FOLDER/dags.py', '--cfg-path', '/tmp/tmpxzk9h3h0']
[2025-09-12T10:09:32.955+0000] {standard_task_runner.py:105} INFO - Job 11: Subtask move_images
[2025-09-12T10:09:33.011+0000] {task_command.py:467} INFO - Running <TaskInstance: Daily_img_transfer.move_images manual__2025-09-12T10:09:30.500497+00:00 [running]> on host 860d02b706ad
[2025-09-12T10:09:33.094+0000] {taskinstance.py:3157} INFO - Exporting env vars: AIRFLOW_CTX_DAG_OWNER='***' AIRFLOW_CTX_DAG_ID='Daily_img_transfer' AIRFLOW_CTX_TASK_ID='move_images' AIRFLOW_CTX_EXECUTION_DATE='2025-09-12T10:09:30.500497+00:00' AIRFLOW_CTX_TRY_NUMBER='1' AIRFLOW_CTX_DAG_RUN_ID='manual__2025-09-12T10:09:30.500497+00:00'
[2025-09-12T10:09:33.096+0000] {taskinstance.py:740} INFO - ::endgroup::
[2025-09-12T10:09:33.108+0000] {subprocess.py:78} INFO - Tmp dir root location: /tmp
[2025-09-12T10:09:33.110+0000] {subprocess.py:88} INFO - Running command: ['/usr/bin/bash', '-c', '\n                                pwd\n                                ls\n                                cd ../../opt/***\n                                pwd\n                                ls\n                                mv src/temp/*.jpg data/raw_images\n                                ']
[2025-09-12T10:09:33.122+0000] {subprocess.py:99} INFO - Output:
[2025-09-12T10:09:33.124+0000] {subprocess.py:106} INFO - /tmp/***tmpdi394p8n
[2025-09-12T10:09:33.125+0000] {subprocess.py:106} INFO - /opt/***
[2025-09-12T10:09:33.127+0000] {subprocess.py:106} INFO - ***.cfg
[2025-09-12T10:09:33.129+0000] {subprocess.py:106} INFO - config
[2025-09-12T10:09:33.130+0000] {subprocess.py:106} INFO - dags
[2025-09-12T10:09:33.131+0000] {subprocess.py:106} INFO - data
[2025-09-12T10:09:33.132+0000] {subprocess.py:106} INFO - logs
[2025-09-12T10:09:33.133+0000] {subprocess.py:106} INFO - models
[2025-09-12T10:09:33.135+0000] {subprocess.py:106} INFO - plugins
[2025-09-12T10:09:33.136+0000] {subprocess.py:106} INFO - requirements.txt
[2025-09-12T10:09:33.137+0000] {subprocess.py:106} INFO - src
[2025-09-12T10:09:33.138+0000] {subprocess.py:106} INFO - webserver_config.py
[2025-09-12T10:09:33.147+0000] {subprocess.py:110} INFO - Command exited with return code 0
[2025-09-12T10:09:33.174+0000] {taskinstance.py:349} INFO - ::group::Post task execution logs
[2025-09-12T10:09:33.176+0000] {taskinstance.py:361} INFO - Marking task as SUCCESS. dag_id=Daily_img_transfer, task_id=move_images, run_id=manual__2025-09-12T10:09:30.500497+00:00, execution_date=20250912T100930, start_date=20250912T100932, end_date=20250912T100933
[2025-09-12T10:09:33.247+0000] {local_task_job_runner.py:266} INFO - Task exited with return code 0
[2025-09-12T10:09:33.265+0000] {taskinstance.py:3924} INFO - 1 downstream tasks scheduled from follow-on schedule check
[2025-09-12T10:09:33.268+0000] {local_task_job_runner.py:245} INFO - ::endgroup::
