[2025-09-12T08:14:40.336+0000] {local_task_job_runner.py:123} INFO - ::group::Pre task execution logs
[2025-09-12T08:14:40.354+0000] {taskinstance.py:2631} INFO - Dependencies all met for dep_context=non-requeueable deps ti=<TaskInstance: Weekly_transformation.end_dag scheduled__2025-09-11T00:00:00+00:00 [queued]>
[2025-09-12T08:14:40.362+0000] {taskinstance.py:2631} INFO - Dependencies all met for dep_context=requeueable deps ti=<TaskInstance: Weekly_transformation.end_dag scheduled__2025-09-11T00:00:00+00:00 [queued]>
[2025-09-12T08:14:40.364+0000] {taskinstance.py:2884} INFO - Starting attempt 1 of 2
[2025-09-12T08:14:40.373+0000] {taskinstance.py:2907} INFO - Executing <Task(BashOperator): end_dag> on 2025-09-11 00:00:00+00:00
[2025-09-12T08:14:40.380+0000] {standard_task_runner.py:72} INFO - Started process 185 to run task
[2025-09-12T08:14:40.383+0000] {standard_task_runner.py:104} INFO - Running: ['***', 'tasks', 'run', 'Weekly_transformation', 'end_dag', 'scheduled__2025-09-11T00:00:00+00:00', '--job-id', '116', '--raw', '--subdir', 'DAGS_FOLDER/dag_prolab.py', '--cfg-path', '/tmp/tmpyuwnbh7d']
[2025-09-12T08:14:40.386+0000] {standard_task_runner.py:105} INFO - Job 116: Subtask end_dag
[2025-09-12T08:14:40.423+0000] {task_command.py:467} INFO - Running <TaskInstance: Weekly_transformation.end_dag scheduled__2025-09-11T00:00:00+00:00 [running]> on host 3e0e53ef8921
[2025-09-12T08:14:40.482+0000] {taskinstance.py:3157} INFO - Exporting env vars: AIRFLOW_CTX_DAG_OWNER='***' AIRFLOW_CTX_DAG_ID='Weekly_transformation' AIRFLOW_CTX_TASK_ID='end_dag' AIRFLOW_CTX_EXECUTION_DATE='2025-09-11T00:00:00+00:00' AIRFLOW_CTX_TRY_NUMBER='1' AIRFLOW_CTX_DAG_RUN_ID='scheduled__2025-09-11T00:00:00+00:00'
[2025-09-12T08:14:40.484+0000] {taskinstance.py:740} INFO - ::endgroup::
[2025-09-12T08:14:40.493+0000] {subprocess.py:78} INFO - Tmp dir root location: /tmp
[2025-09-12T08:14:40.495+0000] {subprocess.py:88} INFO - Running command: ['/usr/bin/bash', '-c', "echo 'End!'"]
[2025-09-12T08:14:40.508+0000] {subprocess.py:99} INFO - Output:
[2025-09-12T08:14:40.510+0000] {subprocess.py:106} INFO - End!
[2025-09-12T08:14:40.512+0000] {subprocess.py:110} INFO - Command exited with return code 0
[2025-09-12T08:14:40.536+0000] {taskinstance.py:349} INFO - ::group::Post task execution logs
[2025-09-12T08:14:40.538+0000] {taskinstance.py:361} INFO - Marking task as SUCCESS. dag_id=Weekly_transformation, task_id=end_dag, run_id=scheduled__2025-09-11T00:00:00+00:00, execution_date=20250911T000000, start_date=20250912T081440, end_date=20250912T081440
[2025-09-12T08:14:40.598+0000] {local_task_job_runner.py:266} INFO - Task exited with return code 0
[2025-09-12T08:14:40.611+0000] {taskinstance.py:3924} INFO - 0 downstream tasks scheduled from follow-on schedule check
[2025-09-12T08:14:40.614+0000] {local_task_job_runner.py:245} INFO - ::endgroup::
