[2025-09-11 12:16:57,791] {taskinstance.py:1159} INFO - Dependencies all met for <TaskInstance: Daily_img_transfer.start_dag manual__2025-09-11T12:16:57.303109+00:00 [queued]>
[2025-09-11 12:16:57,799] {taskinstance.py:1159} INFO - Dependencies all met for <TaskInstance: Daily_img_transfer.start_dag manual__2025-09-11T12:16:57.303109+00:00 [queued]>
[2025-09-11 12:16:57,800] {taskinstance.py:1356} INFO - 
--------------------------------------------------------------------------------
[2025-09-11 12:16:57,801] {taskinstance.py:1357} INFO - Starting attempt 1 of 1
[2025-09-11 12:16:57,801] {taskinstance.py:1358} INFO - 
--------------------------------------------------------------------------------
[2025-09-11 12:16:57,817] {taskinstance.py:1377} INFO - Executing <Task(BashOperator): start_dag> on 2025-09-11 12:16:57.303109+00:00
[2025-09-11 12:16:57,821] {standard_task_runner.py:52} INFO - Started process 7018 to run task
[2025-09-11 12:16:57,824] {standard_task_runner.py:79} INFO - Running: ['***', 'tasks', 'run', 'Daily_img_transfer', 'start_dag', 'manual__2025-09-11T12:16:57.303109+00:00', '--job-id', '51', '--raw', '--subdir', 'DAGS_FOLDER/dags.py', '--cfg-path', '/tmp/tmpv39gbh5n', '--error-file', '/tmp/tmpoe58m9kq']
[2025-09-11 12:16:57,824] {standard_task_runner.py:80} INFO - Job 51: Subtask start_dag
[2025-09-11 12:16:57,878] {task_command.py:370} INFO - Running <TaskInstance: Daily_img_transfer.start_dag manual__2025-09-11T12:16:57.303109+00:00 [running]> on host 225d5ec060dd
[2025-09-11 12:16:57,946] {taskinstance.py:1571} INFO - Exporting the following env vars:
AIRFLOW_CTX_DAG_OWNER=***
AIRFLOW_CTX_DAG_ID=Daily_img_transfer
AIRFLOW_CTX_TASK_ID=start_dag
AIRFLOW_CTX_EXECUTION_DATE=2025-09-11T12:16:57.303109+00:00
AIRFLOW_CTX_TRY_NUMBER=1
AIRFLOW_CTX_DAG_RUN_ID=manual__2025-09-11T12:16:57.303109+00:00
[2025-09-11 12:16:57,948] {subprocess.py:62} INFO - Tmp dir root location: 
 /tmp
[2025-09-11 12:16:57,949] {subprocess.py:74} INFO - Running command: ['bash', '-c', "echo 'Start!'"]
[2025-09-11 12:16:57,959] {subprocess.py:85} INFO - Output:
[2025-09-11 12:16:57,961] {subprocess.py:92} INFO - Start!
[2025-09-11 12:16:57,961] {subprocess.py:96} INFO - Command exited with return code 0
[2025-09-11 12:16:57,992] {taskinstance.py:1400} INFO - Marking task as SUCCESS. dag_id=Daily_img_transfer, task_id=start_dag, execution_date=20250911T121657, start_date=20250911T121657, end_date=20250911T121657
[2025-09-11 12:16:58,037] {local_task_job.py:156} INFO - Task exited with return code 0
[2025-09-11 12:16:58,114] {local_task_job.py:273} INFO - 1 downstream tasks scheduled from follow-on schedule check
