[2025-09-11T16:37:01.992+0000] {local_task_job_runner.py:123} INFO - ::group::Pre task execution logs
[2025-09-11T16:37:02.006+0000] {taskinstance.py:2631} INFO - Dependencies all met for dep_context=non-requeueable deps ti=<TaskInstance: Weekly_transformation.start_dag manual__2025-09-11T16:36:58.371519+00:00 [queued]>
[2025-09-11T16:37:02.011+0000] {taskinstance.py:2631} INFO - Dependencies all met for dep_context=requeueable deps ti=<TaskInstance: Weekly_transformation.start_dag manual__2025-09-11T16:36:58.371519+00:00 [queued]>
[2025-09-11T16:37:02.012+0000] {taskinstance.py:2884} INFO - Starting attempt 1 of 2
[2025-09-11T16:37:02.021+0000] {taskinstance.py:2907} INFO - Executing <Task(BashOperator): start_dag> on 2025-09-11 16:36:58.371519+00:00
[2025-09-11T16:37:02.029+0000] {standard_task_runner.py:72} INFO - Started process 110 to run task
[2025-09-11T16:37:02.032+0000] {standard_task_runner.py:104} INFO - Running: ['***', 'tasks', 'run', 'Weekly_transformation', 'start_dag', 'manual__2025-09-11T16:36:58.371519+00:00', '--job-id', '97', '--raw', '--subdir', 'DAGS_FOLDER/dag_prolab.py', '--cfg-path', '/tmp/tmpg9zpjgq1']
[2025-09-11T16:37:02.035+0000] {standard_task_runner.py:105} INFO - Job 97: Subtask start_dag
[2025-09-11T16:37:02.067+0000] {task_command.py:467} INFO - Running <TaskInstance: Weekly_transformation.start_dag manual__2025-09-11T16:36:58.371519+00:00 [running]> on host cc11f39aaeea
[2025-09-11T16:37:02.117+0000] {taskinstance.py:3157} INFO - Exporting env vars: AIRFLOW_CTX_DAG_OWNER='***' AIRFLOW_CTX_DAG_ID='Weekly_transformation' AIRFLOW_CTX_TASK_ID='start_dag' AIRFLOW_CTX_EXECUTION_DATE='2025-09-11T16:36:58.371519+00:00' AIRFLOW_CTX_TRY_NUMBER='1' AIRFLOW_CTX_DAG_RUN_ID='manual__2025-09-11T16:36:58.371519+00:00'
[2025-09-11T16:37:02.119+0000] {taskinstance.py:740} INFO - ::endgroup::
[2025-09-11T16:37:02.129+0000] {subprocess.py:78} INFO - Tmp dir root location: /tmp
[2025-09-11T16:37:02.131+0000] {subprocess.py:88} INFO - Running command: ['/usr/bin/bash', '-c', "echo 'Start!'"]
[2025-09-11T16:37:02.146+0000] {subprocess.py:99} INFO - Output:
[2025-09-11T16:37:02.147+0000] {subprocess.py:106} INFO - Start!
[2025-09-11T16:37:02.149+0000] {subprocess.py:110} INFO - Command exited with return code 0
[2025-09-11T16:37:02.168+0000] {taskinstance.py:349} INFO - ::group::Post task execution logs
[2025-09-11T16:37:02.170+0000] {taskinstance.py:361} INFO - Marking task as SUCCESS. dag_id=Weekly_transformation, task_id=start_dag, run_id=manual__2025-09-11T16:36:58.371519+00:00, execution_date=20250911T163658, start_date=20250911T163702, end_date=20250911T163702
[2025-09-11T16:37:02.245+0000] {local_task_job_runner.py:266} INFO - Task exited with return code 0
[2025-09-11T16:37:02.266+0000] {taskinstance.py:3924} INFO - 1 downstream tasks scheduled from follow-on schedule check
[2025-09-11T16:37:02.269+0000] {local_task_job_runner.py:245} INFO - ::endgroup::
