[2025-09-11T16:28:09.156+0000] {local_task_job_runner.py:123} INFO - ::group::Pre task execution logs
[2025-09-11T16:28:09.175+0000] {taskinstance.py:2631} INFO - Dependencies all met for dep_context=non-requeueable deps ti=<TaskInstance: Weekly_transformation.move_to_folder scheduled__2025-09-10T00:00:00+00:00 [queued]>
[2025-09-11T16:28:09.182+0000] {taskinstance.py:2631} INFO - Dependencies all met for dep_context=requeueable deps ti=<TaskInstance: Weekly_transformation.move_to_folder scheduled__2025-09-10T00:00:00+00:00 [queued]>
[2025-09-11T16:28:09.184+0000] {taskinstance.py:2884} INFO - Starting attempt 1 of 2
[2025-09-11T16:28:09.193+0000] {taskinstance.py:2907} INFO - Executing <Task(BashOperator): move_to_folder> on 2025-09-10 00:00:00+00:00
[2025-09-11T16:28:09.200+0000] {standard_task_runner.py:72} INFO - Started process 163 to run task
[2025-09-11T16:28:09.203+0000] {standard_task_runner.py:104} INFO - Running: ['***', 'tasks', 'run', 'Weekly_transformation', 'move_to_folder', 'scheduled__2025-09-10T00:00:00+00:00', '--job-id', '81', '--raw', '--subdir', 'DAGS_FOLDER/dag_prolab.py', '--cfg-path', '/tmp/tmp6g5vqe5i']
[2025-09-11T16:28:09.207+0000] {standard_task_runner.py:105} INFO - Job 81: Subtask move_to_folder
[2025-09-11T16:28:09.245+0000] {task_command.py:467} INFO - Running <TaskInstance: Weekly_transformation.move_to_folder scheduled__2025-09-10T00:00:00+00:00 [running]> on host d403547ecef7
[2025-09-11T16:28:09.298+0000] {taskinstance.py:3157} INFO - Exporting env vars: AIRFLOW_CTX_DAG_OWNER='***' AIRFLOW_CTX_DAG_ID='Weekly_transformation' AIRFLOW_CTX_TASK_ID='move_to_folder' AIRFLOW_CTX_EXECUTION_DATE='2025-09-10T00:00:00+00:00' AIRFLOW_CTX_TRY_NUMBER='1' AIRFLOW_CTX_DAG_RUN_ID='scheduled__2025-09-10T00:00:00+00:00'
[2025-09-11T16:28:09.300+0000] {taskinstance.py:740} INFO - ::endgroup::
[2025-09-11T16:28:09.309+0000] {subprocess.py:78} INFO - Tmp dir root location: /tmp
[2025-09-11T16:28:09.311+0000] {subprocess.py:88} INFO - Running command: ['/usr/bin/bash', '-c', '\n                                cd ../../opt/***/\n                                ']
[2025-09-11T16:28:09.324+0000] {subprocess.py:99} INFO - Output:
[2025-09-11T16:28:09.325+0000] {subprocess.py:110} INFO - Command exited with return code 0
[2025-09-11T16:28:09.341+0000] {taskinstance.py:349} INFO - ::group::Post task execution logs
[2025-09-11T16:28:09.342+0000] {taskinstance.py:361} INFO - Marking task as SUCCESS. dag_id=Weekly_transformation, task_id=move_to_folder, run_id=scheduled__2025-09-10T00:00:00+00:00, execution_date=20250910T000000, start_date=20250911T162809, end_date=20250911T162809
[2025-09-11T16:28:09.377+0000] {local_task_job_runner.py:266} INFO - Task exited with return code 0
[2025-09-11T16:28:09.394+0000] {taskinstance.py:3924} INFO - 1 downstream tasks scheduled from follow-on schedule check
[2025-09-11T16:28:09.396+0000] {local_task_job_runner.py:245} INFO - ::endgroup::
