[2025-09-12T00:00:06.726+0000] {processor.py:186} INFO - Started process (PID=4069) to work on /opt/airflow/dags/dag_prolab.py
[2025-09-12T00:00:06.728+0000] {processor.py:914} INFO - Processing file /opt/airflow/dags/dag_prolab.py for tasks to queue
[2025-09-12T00:00:06.730+0000] {logging_mixin.py:190} INFO - [2025-09-12T00:00:06.729+0000] {dagbag.py:588} INFO - Filling up the DagBag from /opt/airflow/dags/dag_prolab.py
[2025-09-12T00:00:08.952+0000] {processor.py:925} INFO - DAG(s) 'Weekly_transformation' retrieved from /opt/airflow/dags/dag_prolab.py
[2025-09-12T00:00:08.971+0000] {logging_mixin.py:190} INFO - [2025-09-12T00:00:08.971+0000] {dag.py:3239} INFO - Sync 1 DAGs
[2025-09-12T00:00:08.986+0000] {logging_mixin.py:190} INFO - [2025-09-12T00:00:08.985+0000] {dag.py:4180} INFO - Setting next_dagrun for Weekly_transformation to 2025-09-11 00:00:00+00:00, run_after=2025-09-12 00:00:00+00:00
[2025-09-12T00:00:08.999+0000] {processor.py:208} INFO - Processing /opt/airflow/dags/dag_prolab.py took 2.282 seconds
[2025-09-12T00:00:39.124+0000] {processor.py:186} INFO - Started process (PID=4078) to work on /opt/airflow/dags/dag_prolab.py
[2025-09-12T00:00:39.125+0000] {processor.py:914} INFO - Processing file /opt/airflow/dags/dag_prolab.py for tasks to queue
[2025-09-12T00:00:39.127+0000] {logging_mixin.py:190} INFO - [2025-09-12T00:00:39.127+0000] {dagbag.py:588} INFO - Filling up the DagBag from /opt/airflow/dags/dag_prolab.py
[2025-09-12T00:00:41.369+0000] {processor.py:925} INFO - DAG(s) 'Weekly_transformation' retrieved from /opt/airflow/dags/dag_prolab.py
[2025-09-12T00:00:41.394+0000] {logging_mixin.py:190} INFO - [2025-09-12T00:00:41.394+0000] {dag.py:3239} INFO - Sync 1 DAGs
[2025-09-12T00:00:41.416+0000] {logging_mixin.py:190} INFO - [2025-09-12T00:00:41.415+0000] {dag.py:4180} INFO - Setting next_dagrun for Weekly_transformation to 2025-09-11 00:00:00+00:00, run_after=2025-09-12 00:00:00+00:00
[2025-09-12T00:00:41.431+0000] {processor.py:208} INFO - Processing /opt/airflow/dags/dag_prolab.py took 2.311 seconds
[2025-09-12T00:01:11.761+0000] {processor.py:186} INFO - Started process (PID=4087) to work on /opt/airflow/dags/dag_prolab.py
[2025-09-12T00:01:11.762+0000] {processor.py:914} INFO - Processing file /opt/airflow/dags/dag_prolab.py for tasks to queue
[2025-09-12T00:01:11.765+0000] {logging_mixin.py:190} INFO - [2025-09-12T00:01:11.764+0000] {dagbag.py:588} INFO - Filling up the DagBag from /opt/airflow/dags/dag_prolab.py
[2025-09-12T00:01:14.040+0000] {processor.py:925} INFO - DAG(s) 'Weekly_transformation' retrieved from /opt/airflow/dags/dag_prolab.py
[2025-09-12T00:01:14.056+0000] {logging_mixin.py:190} INFO - [2025-09-12T00:01:14.056+0000] {dag.py:3239} INFO - Sync 1 DAGs
[2025-09-12T00:01:14.072+0000] {logging_mixin.py:190} INFO - [2025-09-12T00:01:14.072+0000] {dag.py:4180} INFO - Setting next_dagrun for Weekly_transformation to 2025-09-11 00:00:00+00:00, run_after=2025-09-12 00:00:00+00:00
[2025-09-12T00:01:14.085+0000] {processor.py:208} INFO - Processing /opt/airflow/dags/dag_prolab.py took 2.331 seconds
[2025-09-12T00:01:44.154+0000] {processor.py:186} INFO - Started process (PID=4096) to work on /opt/airflow/dags/dag_prolab.py
[2025-09-12T00:01:44.155+0000] {processor.py:914} INFO - Processing file /opt/airflow/dags/dag_prolab.py for tasks to queue
[2025-09-12T00:01:44.157+0000] {logging_mixin.py:190} INFO - [2025-09-12T00:01:44.157+0000] {dagbag.py:588} INFO - Filling up the DagBag from /opt/airflow/dags/dag_prolab.py
[2025-09-12T00:01:46.496+0000] {processor.py:925} INFO - DAG(s) 'Weekly_transformation' retrieved from /opt/airflow/dags/dag_prolab.py
[2025-09-12T00:01:46.514+0000] {logging_mixin.py:190} INFO - [2025-09-12T00:01:46.514+0000] {dag.py:3239} INFO - Sync 1 DAGs
[2025-09-12T00:01:46.529+0000] {logging_mixin.py:190} INFO - [2025-09-12T00:01:46.529+0000] {dag.py:4180} INFO - Setting next_dagrun for Weekly_transformation to 2025-09-11 00:00:00+00:00, run_after=2025-09-12 00:00:00+00:00
[2025-09-12T00:01:46.543+0000] {processor.py:208} INFO - Processing /opt/airflow/dags/dag_prolab.py took 2.394 seconds
[2025-09-12T00:02:16.649+0000] {processor.py:186} INFO - Started process (PID=4105) to work on /opt/airflow/dags/dag_prolab.py
[2025-09-12T00:02:16.650+0000] {processor.py:914} INFO - Processing file /opt/airflow/dags/dag_prolab.py for tasks to queue
[2025-09-12T00:02:16.652+0000] {logging_mixin.py:190} INFO - [2025-09-12T00:02:16.652+0000] {dagbag.py:588} INFO - Filling up the DagBag from /opt/airflow/dags/dag_prolab.py
[2025-09-12T00:02:18.980+0000] {processor.py:925} INFO - DAG(s) 'Weekly_transformation' retrieved from /opt/airflow/dags/dag_prolab.py
[2025-09-12T00:02:18.997+0000] {logging_mixin.py:190} INFO - [2025-09-12T00:02:18.996+0000] {dag.py:3239} INFO - Sync 1 DAGs
[2025-09-12T00:02:19.012+0000] {logging_mixin.py:190} INFO - [2025-09-12T00:02:19.012+0000] {dag.py:4180} INFO - Setting next_dagrun for Weekly_transformation to 2025-09-11 00:00:00+00:00, run_after=2025-09-12 00:00:00+00:00
[2025-09-12T00:02:19.025+0000] {processor.py:208} INFO - Processing /opt/airflow/dags/dag_prolab.py took 2.378 seconds
[2025-09-12T00:02:49.114+0000] {processor.py:186} INFO - Started process (PID=4114) to work on /opt/airflow/dags/dag_prolab.py
[2025-09-12T00:02:49.115+0000] {processor.py:914} INFO - Processing file /opt/airflow/dags/dag_prolab.py for tasks to queue
[2025-09-12T00:02:49.117+0000] {logging_mixin.py:190} INFO - [2025-09-12T00:02:49.117+0000] {dagbag.py:588} INFO - Filling up the DagBag from /opt/airflow/dags/dag_prolab.py
[2025-09-12T00:02:51.390+0000] {processor.py:925} INFO - DAG(s) 'Weekly_transformation' retrieved from /opt/airflow/dags/dag_prolab.py
[2025-09-12T00:02:51.410+0000] {logging_mixin.py:190} INFO - [2025-09-12T00:02:51.410+0000] {dag.py:3239} INFO - Sync 1 DAGs
[2025-09-12T00:02:51.426+0000] {logging_mixin.py:190} INFO - [2025-09-12T00:02:51.426+0000] {dag.py:4180} INFO - Setting next_dagrun for Weekly_transformation to 2025-09-11 00:00:00+00:00, run_after=2025-09-12 00:00:00+00:00
[2025-09-12T00:02:51.441+0000] {processor.py:208} INFO - Processing /opt/airflow/dags/dag_prolab.py took 2.332 seconds
[2025-09-12T00:03:21.563+0000] {processor.py:186} INFO - Started process (PID=4123) to work on /opt/airflow/dags/dag_prolab.py
[2025-09-12T00:03:21.564+0000] {processor.py:914} INFO - Processing file /opt/airflow/dags/dag_prolab.py for tasks to queue
[2025-09-12T00:03:21.566+0000] {logging_mixin.py:190} INFO - [2025-09-12T00:03:21.566+0000] {dagbag.py:588} INFO - Filling up the DagBag from /opt/airflow/dags/dag_prolab.py
[2025-09-12T00:03:23.891+0000] {processor.py:925} INFO - DAG(s) 'Weekly_transformation' retrieved from /opt/airflow/dags/dag_prolab.py
[2025-09-12T00:03:23.908+0000] {logging_mixin.py:190} INFO - [2025-09-12T00:03:23.907+0000] {dag.py:3239} INFO - Sync 1 DAGs
[2025-09-12T00:03:23.925+0000] {logging_mixin.py:190} INFO - [2025-09-12T00:03:23.925+0000] {dag.py:4180} INFO - Setting next_dagrun for Weekly_transformation to 2025-09-11 00:00:00+00:00, run_after=2025-09-12 00:00:00+00:00
[2025-09-12T00:03:23.939+0000] {processor.py:208} INFO - Processing /opt/airflow/dags/dag_prolab.py took 2.381 seconds
[2025-09-12T00:03:54.006+0000] {processor.py:186} INFO - Started process (PID=4137) to work on /opt/airflow/dags/dag_prolab.py
[2025-09-12T00:03:54.008+0000] {processor.py:914} INFO - Processing file /opt/airflow/dags/dag_prolab.py for tasks to queue
[2025-09-12T00:03:54.010+0000] {logging_mixin.py:190} INFO - [2025-09-12T00:03:54.010+0000] {dagbag.py:588} INFO - Filling up the DagBag from /opt/airflow/dags/dag_prolab.py
[2025-09-12T00:03:56.314+0000] {processor.py:925} INFO - DAG(s) 'Weekly_transformation' retrieved from /opt/airflow/dags/dag_prolab.py
[2025-09-12T00:03:56.331+0000] {logging_mixin.py:190} INFO - [2025-09-12T00:03:56.331+0000] {dag.py:3239} INFO - Sync 1 DAGs
[2025-09-12T00:03:56.351+0000] {logging_mixin.py:190} INFO - [2025-09-12T00:03:56.351+0000] {dag.py:4180} INFO - Setting next_dagrun for Weekly_transformation to 2025-09-11 00:00:00+00:00, run_after=2025-09-12 00:00:00+00:00
[2025-09-12T00:03:56.367+0000] {processor.py:208} INFO - Processing /opt/airflow/dags/dag_prolab.py took 2.365 seconds
[2025-09-12T00:04:26.540+0000] {processor.py:186} INFO - Started process (PID=4146) to work on /opt/airflow/dags/dag_prolab.py
[2025-09-12T00:04:26.541+0000] {processor.py:914} INFO - Processing file /opt/airflow/dags/dag_prolab.py for tasks to queue
[2025-09-12T00:04:26.545+0000] {logging_mixin.py:190} INFO - [2025-09-12T00:04:26.545+0000] {dagbag.py:588} INFO - Filling up the DagBag from /opt/airflow/dags/dag_prolab.py
[2025-09-12T00:04:28.924+0000] {processor.py:925} INFO - DAG(s) 'Weekly_transformation' retrieved from /opt/airflow/dags/dag_prolab.py
[2025-09-12T00:04:28.942+0000] {logging_mixin.py:190} INFO - [2025-09-12T00:04:28.941+0000] {dag.py:3239} INFO - Sync 1 DAGs
[2025-09-12T00:04:28.959+0000] {logging_mixin.py:190} INFO - [2025-09-12T00:04:28.958+0000] {dag.py:4180} INFO - Setting next_dagrun for Weekly_transformation to 2025-09-11 00:00:00+00:00, run_after=2025-09-12 00:00:00+00:00
[2025-09-12T00:04:28.974+0000] {processor.py:208} INFO - Processing /opt/airflow/dags/dag_prolab.py took 2.440 seconds
[2025-09-12T00:04:59.850+0000] {processor.py:186} INFO - Started process (PID=4155) to work on /opt/airflow/dags/dag_prolab.py
[2025-09-12T00:04:59.851+0000] {processor.py:914} INFO - Processing file /opt/airflow/dags/dag_prolab.py for tasks to queue
[2025-09-12T00:04:59.853+0000] {logging_mixin.py:190} INFO - [2025-09-12T00:04:59.853+0000] {dagbag.py:588} INFO - Filling up the DagBag from /opt/airflow/dags/dag_prolab.py
[2025-09-12T00:05:02.187+0000] {processor.py:925} INFO - DAG(s) 'Weekly_transformation' retrieved from /opt/airflow/dags/dag_prolab.py
[2025-09-12T00:05:02.218+0000] {logging_mixin.py:190} INFO - [2025-09-12T00:05:02.217+0000] {dag.py:3239} INFO - Sync 1 DAGs
[2025-09-12T00:05:02.242+0000] {logging_mixin.py:190} INFO - [2025-09-12T00:05:02.242+0000] {dag.py:4180} INFO - Setting next_dagrun for Weekly_transformation to 2025-09-11 00:00:00+00:00, run_after=2025-09-12 00:00:00+00:00
[2025-09-12T00:05:02.260+0000] {processor.py:208} INFO - Processing /opt/airflow/dags/dag_prolab.py took 2.415 seconds
[2025-09-12T00:05:32.420+0000] {processor.py:186} INFO - Started process (PID=4164) to work on /opt/airflow/dags/dag_prolab.py
[2025-09-12T00:05:32.421+0000] {processor.py:914} INFO - Processing file /opt/airflow/dags/dag_prolab.py for tasks to queue
[2025-09-12T00:05:32.423+0000] {logging_mixin.py:190} INFO - [2025-09-12T00:05:32.422+0000] {dagbag.py:588} INFO - Filling up the DagBag from /opt/airflow/dags/dag_prolab.py
[2025-09-12T00:05:34.715+0000] {processor.py:925} INFO - DAG(s) 'Weekly_transformation' retrieved from /opt/airflow/dags/dag_prolab.py
[2025-09-12T00:05:34.734+0000] {logging_mixin.py:190} INFO - [2025-09-12T00:05:34.734+0000] {dag.py:3239} INFO - Sync 1 DAGs
[2025-09-12T00:05:34.752+0000] {logging_mixin.py:190} INFO - [2025-09-12T00:05:34.752+0000] {dag.py:4180} INFO - Setting next_dagrun for Weekly_transformation to 2025-09-11 00:00:00+00:00, run_after=2025-09-12 00:00:00+00:00
[2025-09-12T00:05:34.769+0000] {processor.py:208} INFO - Processing /opt/airflow/dags/dag_prolab.py took 2.354 seconds
[2025-09-12T00:06:04.870+0000] {processor.py:186} INFO - Started process (PID=4174) to work on /opt/airflow/dags/dag_prolab.py
[2025-09-12T00:06:04.871+0000] {processor.py:914} INFO - Processing file /opt/airflow/dags/dag_prolab.py for tasks to queue
[2025-09-12T00:06:04.873+0000] {logging_mixin.py:190} INFO - [2025-09-12T00:06:04.873+0000] {dagbag.py:588} INFO - Filling up the DagBag from /opt/airflow/dags/dag_prolab.py
[2025-09-12T00:06:07.156+0000] {processor.py:925} INFO - DAG(s) 'Weekly_transformation' retrieved from /opt/airflow/dags/dag_prolab.py
[2025-09-12T00:06:07.173+0000] {logging_mixin.py:190} INFO - [2025-09-12T00:06:07.173+0000] {dag.py:3239} INFO - Sync 1 DAGs
[2025-09-12T00:06:07.190+0000] {logging_mixin.py:190} INFO - [2025-09-12T00:06:07.190+0000] {dag.py:4180} INFO - Setting next_dagrun for Weekly_transformation to 2025-09-11 00:00:00+00:00, run_after=2025-09-12 00:00:00+00:00
[2025-09-12T00:06:07.203+0000] {processor.py:208} INFO - Processing /opt/airflow/dags/dag_prolab.py took 2.339 seconds
[2025-09-12T00:06:37.374+0000] {processor.py:186} INFO - Started process (PID=4183) to work on /opt/airflow/dags/dag_prolab.py
[2025-09-12T00:06:37.375+0000] {processor.py:914} INFO - Processing file /opt/airflow/dags/dag_prolab.py for tasks to queue
[2025-09-12T00:06:37.377+0000] {logging_mixin.py:190} INFO - [2025-09-12T00:06:37.377+0000] {dagbag.py:588} INFO - Filling up the DagBag from /opt/airflow/dags/dag_prolab.py
[2025-09-12T00:06:39.799+0000] {processor.py:925} INFO - DAG(s) 'Weekly_transformation' retrieved from /opt/airflow/dags/dag_prolab.py
[2025-09-12T00:06:39.817+0000] {logging_mixin.py:190} INFO - [2025-09-12T00:06:39.817+0000] {dag.py:3239} INFO - Sync 1 DAGs
[2025-09-12T00:06:39.832+0000] {logging_mixin.py:190} INFO - [2025-09-12T00:06:39.832+0000] {dag.py:4180} INFO - Setting next_dagrun for Weekly_transformation to 2025-09-11 00:00:00+00:00, run_after=2025-09-12 00:00:00+00:00
[2025-09-12T00:06:39.855+0000] {processor.py:208} INFO - Processing /opt/airflow/dags/dag_prolab.py took 2.487 seconds
[2025-09-12T00:07:10.017+0000] {processor.py:186} INFO - Started process (PID=4192) to work on /opt/airflow/dags/dag_prolab.py
[2025-09-12T00:07:10.018+0000] {processor.py:914} INFO - Processing file /opt/airflow/dags/dag_prolab.py for tasks to queue
[2025-09-12T00:07:10.020+0000] {logging_mixin.py:190} INFO - [2025-09-12T00:07:10.020+0000] {dagbag.py:588} INFO - Filling up the DagBag from /opt/airflow/dags/dag_prolab.py
[2025-09-12T00:07:12.329+0000] {processor.py:925} INFO - DAG(s) 'Weekly_transformation' retrieved from /opt/airflow/dags/dag_prolab.py
[2025-09-12T00:07:12.348+0000] {logging_mixin.py:190} INFO - [2025-09-12T00:07:12.348+0000] {dag.py:3239} INFO - Sync 1 DAGs
[2025-09-12T00:07:12.363+0000] {logging_mixin.py:190} INFO - [2025-09-12T00:07:12.363+0000] {dag.py:4180} INFO - Setting next_dagrun for Weekly_transformation to 2025-09-11 00:00:00+00:00, run_after=2025-09-12 00:00:00+00:00
[2025-09-12T00:07:12.409+0000] {processor.py:208} INFO - Processing /opt/airflow/dags/dag_prolab.py took 2.397 seconds
[2025-09-12T00:07:42.523+0000] {processor.py:186} INFO - Started process (PID=4201) to work on /opt/airflow/dags/dag_prolab.py
[2025-09-12T00:07:42.524+0000] {processor.py:914} INFO - Processing file /opt/airflow/dags/dag_prolab.py for tasks to queue
[2025-09-12T00:07:42.526+0000] {logging_mixin.py:190} INFO - [2025-09-12T00:07:42.526+0000] {dagbag.py:588} INFO - Filling up the DagBag from /opt/airflow/dags/dag_prolab.py
[2025-09-12T00:07:44.756+0000] {processor.py:925} INFO - DAG(s) 'Weekly_transformation' retrieved from /opt/airflow/dags/dag_prolab.py
[2025-09-12T00:07:44.775+0000] {logging_mixin.py:190} INFO - [2025-09-12T00:07:44.774+0000] {dag.py:3239} INFO - Sync 1 DAGs
[2025-09-12T00:07:44.793+0000] {logging_mixin.py:190} INFO - [2025-09-12T00:07:44.792+0000] {dag.py:4180} INFO - Setting next_dagrun for Weekly_transformation to 2025-09-11 00:00:00+00:00, run_after=2025-09-12 00:00:00+00:00
[2025-09-12T00:07:44.810+0000] {processor.py:208} INFO - Processing /opt/airflow/dags/dag_prolab.py took 2.292 seconds
[2025-09-12T00:08:14.948+0000] {processor.py:186} INFO - Started process (PID=4210) to work on /opt/airflow/dags/dag_prolab.py
[2025-09-12T00:08:14.950+0000] {processor.py:914} INFO - Processing file /opt/airflow/dags/dag_prolab.py for tasks to queue
[2025-09-12T00:08:14.954+0000] {logging_mixin.py:190} INFO - [2025-09-12T00:08:14.953+0000] {dagbag.py:588} INFO - Filling up the DagBag from /opt/airflow/dags/dag_prolab.py
[2025-09-12T00:08:17.390+0000] {processor.py:925} INFO - DAG(s) 'Weekly_transformation' retrieved from /opt/airflow/dags/dag_prolab.py
[2025-09-12T00:08:17.409+0000] {logging_mixin.py:190} INFO - [2025-09-12T00:08:17.409+0000] {dag.py:3239} INFO - Sync 1 DAGs
[2025-09-12T00:08:17.425+0000] {logging_mixin.py:190} INFO - [2025-09-12T00:08:17.425+0000] {dag.py:4180} INFO - Setting next_dagrun for Weekly_transformation to 2025-09-11 00:00:00+00:00, run_after=2025-09-12 00:00:00+00:00
[2025-09-12T00:08:17.440+0000] {processor.py:208} INFO - Processing /opt/airflow/dags/dag_prolab.py took 2.501 seconds
[2025-09-12T00:08:47.590+0000] {processor.py:186} INFO - Started process (PID=4219) to work on /opt/airflow/dags/dag_prolab.py
[2025-09-12T00:08:47.591+0000] {processor.py:914} INFO - Processing file /opt/airflow/dags/dag_prolab.py for tasks to queue
[2025-09-12T00:08:47.594+0000] {logging_mixin.py:190} INFO - [2025-09-12T00:08:47.593+0000] {dagbag.py:588} INFO - Filling up the DagBag from /opt/airflow/dags/dag_prolab.py
[2025-09-12T00:08:49.824+0000] {processor.py:925} INFO - DAG(s) 'Weekly_transformation' retrieved from /opt/airflow/dags/dag_prolab.py
[2025-09-12T00:08:49.842+0000] {logging_mixin.py:190} INFO - [2025-09-12T00:08:49.842+0000] {dag.py:3239} INFO - Sync 1 DAGs
[2025-09-12T00:08:49.860+0000] {logging_mixin.py:190} INFO - [2025-09-12T00:08:49.860+0000] {dag.py:4180} INFO - Setting next_dagrun for Weekly_transformation to 2025-09-11 00:00:00+00:00, run_after=2025-09-12 00:00:00+00:00
[2025-09-12T00:08:49.876+0000] {processor.py:208} INFO - Processing /opt/airflow/dags/dag_prolab.py took 2.282 seconds
[2025-09-12T00:09:20.064+0000] {processor.py:186} INFO - Started process (PID=4228) to work on /opt/airflow/dags/dag_prolab.py
[2025-09-12T00:09:20.065+0000] {processor.py:914} INFO - Processing file /opt/airflow/dags/dag_prolab.py for tasks to queue
[2025-09-12T00:09:20.067+0000] {logging_mixin.py:190} INFO - [2025-09-12T00:09:20.067+0000] {dagbag.py:588} INFO - Filling up the DagBag from /opt/airflow/dags/dag_prolab.py
[2025-09-12T00:09:22.629+0000] {processor.py:925} INFO - DAG(s) 'Weekly_transformation' retrieved from /opt/airflow/dags/dag_prolab.py
[2025-09-12T00:09:22.651+0000] {logging_mixin.py:190} INFO - [2025-09-12T00:09:22.651+0000] {dag.py:3239} INFO - Sync 1 DAGs
[2025-09-12T00:09:22.670+0000] {logging_mixin.py:190} INFO - [2025-09-12T00:09:22.670+0000] {dag.py:4180} INFO - Setting next_dagrun for Weekly_transformation to 2025-09-11 00:00:00+00:00, run_after=2025-09-12 00:00:00+00:00
[2025-09-12T00:09:22.691+0000] {processor.py:208} INFO - Processing /opt/airflow/dags/dag_prolab.py took 2.632 seconds
[2025-09-12T00:09:53.342+0000] {processor.py:186} INFO - Started process (PID=4244) to work on /opt/airflow/dags/dag_prolab.py
[2025-09-12T00:09:53.344+0000] {processor.py:914} INFO - Processing file /opt/airflow/dags/dag_prolab.py for tasks to queue
[2025-09-12T00:09:53.346+0000] {logging_mixin.py:190} INFO - [2025-09-12T00:09:53.345+0000] {dagbag.py:588} INFO - Filling up the DagBag from /opt/airflow/dags/dag_prolab.py
[2025-09-12T00:09:55.779+0000] {processor.py:925} INFO - DAG(s) 'Weekly_transformation' retrieved from /opt/airflow/dags/dag_prolab.py
[2025-09-12T00:09:55.812+0000] {logging_mixin.py:190} INFO - [2025-09-12T00:09:55.811+0000] {dag.py:3239} INFO - Sync 1 DAGs
[2025-09-12T00:09:55.840+0000] {logging_mixin.py:190} INFO - [2025-09-12T00:09:55.839+0000] {dag.py:4180} INFO - Setting next_dagrun for Weekly_transformation to 2025-09-11 00:00:00+00:00, run_after=2025-09-12 00:00:00+00:00
[2025-09-12T00:09:55.859+0000] {processor.py:208} INFO - Processing /opt/airflow/dags/dag_prolab.py took 2.522 seconds
[2025-09-12T00:10:26.007+0000] {processor.py:186} INFO - Started process (PID=4253) to work on /opt/airflow/dags/dag_prolab.py
[2025-09-12T00:10:26.009+0000] {processor.py:914} INFO - Processing file /opt/airflow/dags/dag_prolab.py for tasks to queue
[2025-09-12T00:10:26.011+0000] {logging_mixin.py:190} INFO - [2025-09-12T00:10:26.011+0000] {dagbag.py:588} INFO - Filling up the DagBag from /opt/airflow/dags/dag_prolab.py
[2025-09-12T00:10:28.469+0000] {processor.py:925} INFO - DAG(s) 'Weekly_transformation' retrieved from /opt/airflow/dags/dag_prolab.py
[2025-09-12T00:10:28.485+0000] {logging_mixin.py:190} INFO - [2025-09-12T00:10:28.485+0000] {dag.py:3239} INFO - Sync 1 DAGs
[2025-09-12T00:10:28.498+0000] {logging_mixin.py:190} INFO - [2025-09-12T00:10:28.498+0000] {dag.py:4180} INFO - Setting next_dagrun for Weekly_transformation to 2025-09-11 00:00:00+00:00, run_after=2025-09-12 00:00:00+00:00
[2025-09-12T00:10:28.510+0000] {processor.py:208} INFO - Processing /opt/airflow/dags/dag_prolab.py took 2.507 seconds
[2025-09-12T00:10:59.290+0000] {processor.py:186} INFO - Started process (PID=4262) to work on /opt/airflow/dags/dag_prolab.py
[2025-09-12T00:10:59.295+0000] {processor.py:914} INFO - Processing file /opt/airflow/dags/dag_prolab.py for tasks to queue
[2025-09-12T00:10:59.299+0000] {logging_mixin.py:190} INFO - [2025-09-12T00:10:59.299+0000] {dagbag.py:588} INFO - Filling up the DagBag from /opt/airflow/dags/dag_prolab.py
[2025-09-12T00:11:01.649+0000] {processor.py:925} INFO - DAG(s) 'Weekly_transformation' retrieved from /opt/airflow/dags/dag_prolab.py
[2025-09-12T00:11:01.670+0000] {logging_mixin.py:190} INFO - [2025-09-12T00:11:01.670+0000] {dag.py:3239} INFO - Sync 1 DAGs
[2025-09-12T00:11:01.686+0000] {logging_mixin.py:190} INFO - [2025-09-12T00:11:01.686+0000] {dag.py:4180} INFO - Setting next_dagrun for Weekly_transformation to 2025-09-11 00:00:00+00:00, run_after=2025-09-12 00:00:00+00:00
[2025-09-12T00:11:01.703+0000] {processor.py:208} INFO - Processing /opt/airflow/dags/dag_prolab.py took 2.419 seconds
[2025-09-12T00:11:31.912+0000] {processor.py:186} INFO - Started process (PID=4271) to work on /opt/airflow/dags/dag_prolab.py
[2025-09-12T00:11:31.913+0000] {processor.py:914} INFO - Processing file /opt/airflow/dags/dag_prolab.py for tasks to queue
[2025-09-12T00:11:31.916+0000] {logging_mixin.py:190} INFO - [2025-09-12T00:11:31.915+0000] {dagbag.py:588} INFO - Filling up the DagBag from /opt/airflow/dags/dag_prolab.py
[2025-09-12T00:11:34.378+0000] {processor.py:925} INFO - DAG(s) 'Weekly_transformation' retrieved from /opt/airflow/dags/dag_prolab.py
[2025-09-12T00:11:34.394+0000] {logging_mixin.py:190} INFO - [2025-09-12T00:11:34.394+0000] {dag.py:3239} INFO - Sync 1 DAGs
[2025-09-12T00:11:34.408+0000] {logging_mixin.py:190} INFO - [2025-09-12T00:11:34.408+0000] {dag.py:4180} INFO - Setting next_dagrun for Weekly_transformation to 2025-09-11 00:00:00+00:00, run_after=2025-09-12 00:00:00+00:00
[2025-09-12T00:11:34.426+0000] {processor.py:208} INFO - Processing /opt/airflow/dags/dag_prolab.py took 2.520 seconds
[2025-09-12T00:12:05.155+0000] {processor.py:186} INFO - Started process (PID=4280) to work on /opt/airflow/dags/dag_prolab.py
[2025-09-12T00:12:05.160+0000] {processor.py:914} INFO - Processing file /opt/airflow/dags/dag_prolab.py for tasks to queue
[2025-09-12T00:12:05.162+0000] {logging_mixin.py:190} INFO - [2025-09-12T00:12:05.162+0000] {dagbag.py:588} INFO - Filling up the DagBag from /opt/airflow/dags/dag_prolab.py
[2025-09-12T00:12:07.468+0000] {processor.py:925} INFO - DAG(s) 'Weekly_transformation' retrieved from /opt/airflow/dags/dag_prolab.py
[2025-09-12T00:12:07.487+0000] {logging_mixin.py:190} INFO - [2025-09-12T00:12:07.487+0000] {dag.py:3239} INFO - Sync 1 DAGs
[2025-09-12T00:12:07.503+0000] {logging_mixin.py:190} INFO - [2025-09-12T00:12:07.503+0000] {dag.py:4180} INFO - Setting next_dagrun for Weekly_transformation to 2025-09-11 00:00:00+00:00, run_after=2025-09-12 00:00:00+00:00
[2025-09-12T00:12:07.515+0000] {processor.py:208} INFO - Processing /opt/airflow/dags/dag_prolab.py took 2.367 seconds
[2025-09-12T00:12:37.706+0000] {processor.py:186} INFO - Started process (PID=4289) to work on /opt/airflow/dags/dag_prolab.py
[2025-09-12T00:12:37.708+0000] {processor.py:914} INFO - Processing file /opt/airflow/dags/dag_prolab.py for tasks to queue
[2025-09-12T00:12:37.710+0000] {logging_mixin.py:190} INFO - [2025-09-12T00:12:37.710+0000] {dagbag.py:588} INFO - Filling up the DagBag from /opt/airflow/dags/dag_prolab.py
[2025-09-12T00:12:40.231+0000] {processor.py:925} INFO - DAG(s) 'Weekly_transformation' retrieved from /opt/airflow/dags/dag_prolab.py
[2025-09-12T00:12:40.249+0000] {logging_mixin.py:190} INFO - [2025-09-12T00:12:40.249+0000] {dag.py:3239} INFO - Sync 1 DAGs
[2025-09-12T00:12:40.266+0000] {logging_mixin.py:190} INFO - [2025-09-12T00:12:40.265+0000] {dag.py:4180} INFO - Setting next_dagrun for Weekly_transformation to 2025-09-11 00:00:00+00:00, run_after=2025-09-12 00:00:00+00:00
[2025-09-12T00:12:40.283+0000] {processor.py:208} INFO - Processing /opt/airflow/dags/dag_prolab.py took 2.581 seconds
[2025-09-12T00:13:10.365+0000] {processor.py:186} INFO - Started process (PID=4299) to work on /opt/airflow/dags/dag_prolab.py
[2025-09-12T00:13:10.366+0000] {processor.py:914} INFO - Processing file /opt/airflow/dags/dag_prolab.py for tasks to queue
[2025-09-12T00:13:10.368+0000] {logging_mixin.py:190} INFO - [2025-09-12T00:13:10.368+0000] {dagbag.py:588} INFO - Filling up the DagBag from /opt/airflow/dags/dag_prolab.py
[2025-09-12T00:13:12.753+0000] {processor.py:925} INFO - DAG(s) 'Weekly_transformation' retrieved from /opt/airflow/dags/dag_prolab.py
[2025-09-12T00:13:12.776+0000] {logging_mixin.py:190} INFO - [2025-09-12T00:13:12.776+0000] {dag.py:3239} INFO - Sync 1 DAGs
[2025-09-12T00:13:12.791+0000] {logging_mixin.py:190} INFO - [2025-09-12T00:13:12.791+0000] {dag.py:4180} INFO - Setting next_dagrun for Weekly_transformation to 2025-09-11 00:00:00+00:00, run_after=2025-09-12 00:00:00+00:00
[2025-09-12T00:13:12.807+0000] {processor.py:208} INFO - Processing /opt/airflow/dags/dag_prolab.py took 2.446 seconds
[2025-09-12T00:13:42.930+0000] {processor.py:186} INFO - Started process (PID=4308) to work on /opt/airflow/dags/dag_prolab.py
[2025-09-12T00:13:42.932+0000] {processor.py:914} INFO - Processing file /opt/airflow/dags/dag_prolab.py for tasks to queue
[2025-09-12T00:13:42.934+0000] {logging_mixin.py:190} INFO - [2025-09-12T00:13:42.934+0000] {dagbag.py:588} INFO - Filling up the DagBag from /opt/airflow/dags/dag_prolab.py
[2025-09-12T00:13:45.531+0000] {processor.py:925} INFO - DAG(s) 'Weekly_transformation' retrieved from /opt/airflow/dags/dag_prolab.py
[2025-09-12T00:13:45.552+0000] {logging_mixin.py:190} INFO - [2025-09-12T00:13:45.551+0000] {dag.py:3239} INFO - Sync 1 DAGs
[2025-09-12T00:13:45.569+0000] {logging_mixin.py:190} INFO - [2025-09-12T00:13:45.569+0000] {dag.py:4180} INFO - Setting next_dagrun for Weekly_transformation to 2025-09-11 00:00:00+00:00, run_after=2025-09-12 00:00:00+00:00
[2025-09-12T00:13:45.599+0000] {processor.py:208} INFO - Processing /opt/airflow/dags/dag_prolab.py took 2.676 seconds
[2025-09-12T00:14:15.942+0000] {processor.py:186} INFO - Started process (PID=4317) to work on /opt/airflow/dags/dag_prolab.py
[2025-09-12T00:14:15.943+0000] {processor.py:914} INFO - Processing file /opt/airflow/dags/dag_prolab.py for tasks to queue
[2025-09-12T00:14:15.945+0000] {logging_mixin.py:190} INFO - [2025-09-12T00:14:15.944+0000] {dagbag.py:588} INFO - Filling up the DagBag from /opt/airflow/dags/dag_prolab.py
[2025-09-12T00:14:18.104+0000] {processor.py:925} INFO - DAG(s) 'Weekly_transformation' retrieved from /opt/airflow/dags/dag_prolab.py
[2025-09-12T00:14:18.119+0000] {logging_mixin.py:190} INFO - [2025-09-12T00:14:18.119+0000] {dag.py:3239} INFO - Sync 1 DAGs
[2025-09-12T00:14:18.133+0000] {logging_mixin.py:190} INFO - [2025-09-12T00:14:18.133+0000] {dag.py:4180} INFO - Setting next_dagrun for Weekly_transformation to 2025-09-11 00:00:00+00:00, run_after=2025-09-12 00:00:00+00:00
[2025-09-12T00:14:18.148+0000] {processor.py:208} INFO - Processing /opt/airflow/dags/dag_prolab.py took 2.211 seconds
[2025-09-12T00:14:48.641+0000] {processor.py:186} INFO - Started process (PID=4326) to work on /opt/airflow/dags/dag_prolab.py
[2025-09-12T00:14:48.649+0000] {processor.py:914} INFO - Processing file /opt/airflow/dags/dag_prolab.py for tasks to queue
[2025-09-12T00:14:48.660+0000] {logging_mixin.py:190} INFO - [2025-09-12T00:14:48.659+0000] {dagbag.py:588} INFO - Filling up the DagBag from /opt/airflow/dags/dag_prolab.py
[2025-09-12T00:14:51.289+0000] {processor.py:925} INFO - DAG(s) 'Weekly_transformation' retrieved from /opt/airflow/dags/dag_prolab.py
[2025-09-12T00:14:51.308+0000] {logging_mixin.py:190} INFO - [2025-09-12T00:14:51.308+0000] {dag.py:3239} INFO - Sync 1 DAGs
[2025-09-12T00:14:51.326+0000] {logging_mixin.py:190} INFO - [2025-09-12T00:14:51.326+0000] {dag.py:4180} INFO - Setting next_dagrun for Weekly_transformation to 2025-09-11 00:00:00+00:00, run_after=2025-09-12 00:00:00+00:00
[2025-09-12T00:14:51.344+0000] {processor.py:208} INFO - Processing /opt/airflow/dags/dag_prolab.py took 2.710 seconds
[2025-09-12T00:15:21.738+0000] {processor.py:186} INFO - Started process (PID=4335) to work on /opt/airflow/dags/dag_prolab.py
[2025-09-12T00:15:21.740+0000] {processor.py:914} INFO - Processing file /opt/airflow/dags/dag_prolab.py for tasks to queue
[2025-09-12T00:15:21.743+0000] {logging_mixin.py:190} INFO - [2025-09-12T00:15:21.743+0000] {dagbag.py:588} INFO - Filling up the DagBag from /opt/airflow/dags/dag_prolab.py
[2025-09-12T00:15:23.984+0000] {processor.py:925} INFO - DAG(s) 'Weekly_transformation' retrieved from /opt/airflow/dags/dag_prolab.py
[2025-09-12T00:15:24.002+0000] {logging_mixin.py:190} INFO - [2025-09-12T00:15:24.002+0000] {dag.py:3239} INFO - Sync 1 DAGs
[2025-09-12T00:15:24.018+0000] {logging_mixin.py:190} INFO - [2025-09-12T00:15:24.018+0000] {dag.py:4180} INFO - Setting next_dagrun for Weekly_transformation to 2025-09-11 00:00:00+00:00, run_after=2025-09-12 00:00:00+00:00
[2025-09-12T00:15:24.038+0000] {processor.py:208} INFO - Processing /opt/airflow/dags/dag_prolab.py took 2.304 seconds
[2025-09-12T00:15:54.506+0000] {processor.py:186} INFO - Started process (PID=4351) to work on /opt/airflow/dags/dag_prolab.py
[2025-09-12T00:15:54.508+0000] {processor.py:914} INFO - Processing file /opt/airflow/dags/dag_prolab.py for tasks to queue
[2025-09-12T00:15:54.512+0000] {logging_mixin.py:190} INFO - [2025-09-12T00:15:54.512+0000] {dagbag.py:588} INFO - Filling up the DagBag from /opt/airflow/dags/dag_prolab.py
[2025-09-12T00:15:57.091+0000] {processor.py:925} INFO - DAG(s) 'Weekly_transformation' retrieved from /opt/airflow/dags/dag_prolab.py
[2025-09-12T00:15:57.110+0000] {logging_mixin.py:190} INFO - [2025-09-12T00:15:57.110+0000] {dag.py:3239} INFO - Sync 1 DAGs
[2025-09-12T00:15:57.128+0000] {logging_mixin.py:190} INFO - [2025-09-12T00:15:57.128+0000] {dag.py:4180} INFO - Setting next_dagrun for Weekly_transformation to 2025-09-11 00:00:00+00:00, run_after=2025-09-12 00:00:00+00:00
[2025-09-12T00:15:57.155+0000] {processor.py:208} INFO - Processing /opt/airflow/dags/dag_prolab.py took 2.657 seconds
[2025-09-12T00:16:27.545+0000] {processor.py:186} INFO - Started process (PID=4360) to work on /opt/airflow/dags/dag_prolab.py
[2025-09-12T00:16:27.546+0000] {processor.py:914} INFO - Processing file /opt/airflow/dags/dag_prolab.py for tasks to queue
[2025-09-12T00:16:27.548+0000] {logging_mixin.py:190} INFO - [2025-09-12T00:16:27.548+0000] {dagbag.py:588} INFO - Filling up the DagBag from /opt/airflow/dags/dag_prolab.py
[2025-09-12T00:16:29.773+0000] {processor.py:925} INFO - DAG(s) 'Weekly_transformation' retrieved from /opt/airflow/dags/dag_prolab.py
[2025-09-12T00:16:29.789+0000] {logging_mixin.py:190} INFO - [2025-09-12T00:16:29.789+0000] {dag.py:3239} INFO - Sync 1 DAGs
[2025-09-12T00:16:29.803+0000] {logging_mixin.py:190} INFO - [2025-09-12T00:16:29.803+0000] {dag.py:4180} INFO - Setting next_dagrun for Weekly_transformation to 2025-09-11 00:00:00+00:00, run_after=2025-09-12 00:00:00+00:00
[2025-09-12T00:16:29.817+0000] {processor.py:208} INFO - Processing /opt/airflow/dags/dag_prolab.py took 2.279 seconds
[2025-09-12T00:17:00.201+0000] {processor.py:186} INFO - Started process (PID=4369) to work on /opt/airflow/dags/dag_prolab.py
[2025-09-12T00:17:00.204+0000] {processor.py:914} INFO - Processing file /opt/airflow/dags/dag_prolab.py for tasks to queue
[2025-09-12T00:17:00.207+0000] {logging_mixin.py:190} INFO - [2025-09-12T00:17:00.207+0000] {dagbag.py:588} INFO - Filling up the DagBag from /opt/airflow/dags/dag_prolab.py
[2025-09-12T00:17:02.725+0000] {processor.py:925} INFO - DAG(s) 'Weekly_transformation' retrieved from /opt/airflow/dags/dag_prolab.py
[2025-09-12T00:17:02.742+0000] {logging_mixin.py:190} INFO - [2025-09-12T00:17:02.742+0000] {dag.py:3239} INFO - Sync 1 DAGs
[2025-09-12T00:17:02.758+0000] {logging_mixin.py:190} INFO - [2025-09-12T00:17:02.758+0000] {dag.py:4180} INFO - Setting next_dagrun for Weekly_transformation to 2025-09-11 00:00:00+00:00, run_after=2025-09-12 00:00:00+00:00
[2025-09-12T00:17:02.778+0000] {processor.py:208} INFO - Processing /opt/airflow/dags/dag_prolab.py took 2.582 seconds
[2025-09-12T00:17:33.457+0000] {processor.py:186} INFO - Started process (PID=4378) to work on /opt/airflow/dags/dag_prolab.py
[2025-09-12T00:17:33.458+0000] {processor.py:914} INFO - Processing file /opt/airflow/dags/dag_prolab.py for tasks to queue
[2025-09-12T00:17:33.460+0000] {logging_mixin.py:190} INFO - [2025-09-12T00:17:33.460+0000] {dagbag.py:588} INFO - Filling up the DagBag from /opt/airflow/dags/dag_prolab.py
[2025-09-12T00:17:35.951+0000] {processor.py:925} INFO - DAG(s) 'Weekly_transformation' retrieved from /opt/airflow/dags/dag_prolab.py
[2025-09-12T00:17:35.970+0000] {logging_mixin.py:190} INFO - [2025-09-12T00:17:35.970+0000] {dag.py:3239} INFO - Sync 1 DAGs
[2025-09-12T00:17:35.986+0000] {logging_mixin.py:190} INFO - [2025-09-12T00:17:35.986+0000] {dag.py:4180} INFO - Setting next_dagrun for Weekly_transformation to 2025-09-11 00:00:00+00:00, run_after=2025-09-12 00:00:00+00:00
[2025-09-12T00:17:36.003+0000] {processor.py:208} INFO - Processing /opt/airflow/dags/dag_prolab.py took 2.552 seconds
[2025-09-12T00:18:06.311+0000] {processor.py:186} INFO - Started process (PID=4387) to work on /opt/airflow/dags/dag_prolab.py
[2025-09-12T00:18:06.313+0000] {processor.py:914} INFO - Processing file /opt/airflow/dags/dag_prolab.py for tasks to queue
[2025-09-12T00:18:06.315+0000] {logging_mixin.py:190} INFO - [2025-09-12T00:18:06.315+0000] {dagbag.py:588} INFO - Filling up the DagBag from /opt/airflow/dags/dag_prolab.py
[2025-09-12T00:18:08.801+0000] {processor.py:925} INFO - DAG(s) 'Weekly_transformation' retrieved from /opt/airflow/dags/dag_prolab.py
[2025-09-12T00:18:08.818+0000] {logging_mixin.py:190} INFO - [2025-09-12T00:18:08.818+0000] {dag.py:3239} INFO - Sync 1 DAGs
[2025-09-12T00:18:08.832+0000] {logging_mixin.py:190} INFO - [2025-09-12T00:18:08.832+0000] {dag.py:4180} INFO - Setting next_dagrun for Weekly_transformation to 2025-09-11 00:00:00+00:00, run_after=2025-09-12 00:00:00+00:00
[2025-09-12T00:18:08.848+0000] {processor.py:208} INFO - Processing /opt/airflow/dags/dag_prolab.py took 2.542 seconds
[2025-09-12T00:18:39.352+0000] {processor.py:186} INFO - Started process (PID=4396) to work on /opt/airflow/dags/dag_prolab.py
[2025-09-12T00:18:39.353+0000] {processor.py:914} INFO - Processing file /opt/airflow/dags/dag_prolab.py for tasks to queue
[2025-09-12T00:18:39.356+0000] {logging_mixin.py:190} INFO - [2025-09-12T00:18:39.355+0000] {dagbag.py:588} INFO - Filling up the DagBag from /opt/airflow/dags/dag_prolab.py
[2025-09-12T00:18:41.591+0000] {processor.py:925} INFO - DAG(s) 'Weekly_transformation' retrieved from /opt/airflow/dags/dag_prolab.py
[2025-09-12T00:18:41.607+0000] {logging_mixin.py:190} INFO - [2025-09-12T00:18:41.607+0000] {dag.py:3239} INFO - Sync 1 DAGs
[2025-09-12T00:18:41.621+0000] {logging_mixin.py:190} INFO - [2025-09-12T00:18:41.620+0000] {dag.py:4180} INFO - Setting next_dagrun for Weekly_transformation to 2025-09-11 00:00:00+00:00, run_after=2025-09-12 00:00:00+00:00
[2025-09-12T00:18:41.637+0000] {processor.py:208} INFO - Processing /opt/airflow/dags/dag_prolab.py took 2.293 seconds
