[2025-09-11 12:19:38,606] {taskinstance.py:1159} INFO - Dependencies all met for <TaskInstance: Daily_img_transfer.end_dag manual__2025-09-11T12:19:36.178628+00:00 [queued]>
[2025-09-11 12:19:38,615] {taskinstance.py:1159} INFO - Dependencies all met for <TaskInstance: Daily_img_transfer.end_dag manual__2025-09-11T12:19:36.178628+00:00 [queued]>
[2025-09-11 12:19:38,615] {taskinstance.py:1356} INFO - 
--------------------------------------------------------------------------------
[2025-09-11 12:19:38,616] {taskinstance.py:1357} INFO - Starting attempt 1 of 1
[2025-09-11 12:19:38,616] {taskinstance.py:1358} INFO - 
--------------------------------------------------------------------------------
[2025-09-11 12:19:38,629] {taskinstance.py:1377} INFO - Executing <Task(BashOperator): end_dag> on 2025-09-11 12:19:36.178628+00:00
[2025-09-11 12:19:38,633] {standard_task_runner.py:52} INFO - Started process 7162 to run task
[2025-09-11 12:19:38,635] {standard_task_runner.py:79} INFO - Running: ['***', 'tasks', 'run', 'Daily_img_transfer', 'end_dag', 'manual__2025-09-11T12:19:36.178628+00:00', '--job-id', '59', '--raw', '--subdir', 'DAGS_FOLDER/dags.py', '--cfg-path', '/tmp/tmpzny42xg6', '--error-file', '/tmp/tmpi1w97qwr']
[2025-09-11 12:19:38,636] {standard_task_runner.py:80} INFO - Job 59: Subtask end_dag
[2025-09-11 12:19:38,679] {task_command.py:370} INFO - Running <TaskInstance: Daily_img_transfer.end_dag manual__2025-09-11T12:19:36.178628+00:00 [running]> on host 225d5ec060dd
[2025-09-11 12:19:38,731] {taskinstance.py:1571} INFO - Exporting the following env vars:
AIRFLOW_CTX_DAG_OWNER=***
AIRFLOW_CTX_DAG_ID=Daily_img_transfer
AIRFLOW_CTX_TASK_ID=end_dag
AIRFLOW_CTX_EXECUTION_DATE=2025-09-11T12:19:36.178628+00:00
AIRFLOW_CTX_TRY_NUMBER=1
AIRFLOW_CTX_DAG_RUN_ID=manual__2025-09-11T12:19:36.178628+00:00
[2025-09-11 12:19:38,732] {subprocess.py:62} INFO - Tmp dir root location: 
 /tmp
[2025-09-11 12:19:38,733] {subprocess.py:74} INFO - Running command: ['bash', '-c', "echo 'End!'"]
[2025-09-11 12:19:38,744] {subprocess.py:85} INFO - Output:
[2025-09-11 12:19:38,745] {subprocess.py:92} INFO - End!
[2025-09-11 12:19:38,746] {subprocess.py:96} INFO - Command exited with return code 0
[2025-09-11 12:19:38,769] {taskinstance.py:1400} INFO - Marking task as SUCCESS. dag_id=Daily_img_transfer, task_id=end_dag, execution_date=20250911T121936, start_date=20250911T121938, end_date=20250911T121938
[2025-09-11 12:19:38,808] {local_task_job.py:156} INFO - Task exited with return code 0
[2025-09-11 12:19:38,831] {local_task_job.py:273} INFO - 0 downstream tasks scheduled from follow-on schedule check
