[2025-09-11 12:16:58,901] {taskinstance.py:1159} INFO - Dependencies all met for <TaskInstance: Daily_img_transfer.move_images manual__2025-09-11T12:16:57.303109+00:00 [queued]>
[2025-09-11 12:16:58,911] {taskinstance.py:1159} INFO - Dependencies all met for <TaskInstance: Daily_img_transfer.move_images manual__2025-09-11T12:16:57.303109+00:00 [queued]>
[2025-09-11 12:16:58,911] {taskinstance.py:1356} INFO - 
--------------------------------------------------------------------------------
[2025-09-11 12:16:58,912] {taskinstance.py:1357} INFO - Starting attempt 1 of 1
[2025-09-11 12:16:58,912] {taskinstance.py:1358} INFO - 
--------------------------------------------------------------------------------
[2025-09-11 12:16:58,927] {taskinstance.py:1377} INFO - Executing <Task(BashOperator): move_images> on 2025-09-11 12:16:57.303109+00:00
[2025-09-11 12:16:58,931] {standard_task_runner.py:52} INFO - Started process 7021 to run task
[2025-09-11 12:16:58,933] {standard_task_runner.py:79} INFO - Running: ['***', 'tasks', 'run', 'Daily_img_transfer', 'move_images', 'manual__2025-09-11T12:16:57.303109+00:00', '--job-id', '52', '--raw', '--subdir', 'DAGS_FOLDER/dags.py', '--cfg-path', '/tmp/tmp7lbikwld', '--error-file', '/tmp/tmpyw7gxhom']
[2025-09-11 12:16:58,934] {standard_task_runner.py:80} INFO - Job 52: Subtask move_images
[2025-09-11 12:16:58,976] {task_command.py:370} INFO - Running <TaskInstance: Daily_img_transfer.move_images manual__2025-09-11T12:16:57.303109+00:00 [running]> on host 225d5ec060dd
[2025-09-11 12:16:59,027] {taskinstance.py:1571} INFO - Exporting the following env vars:
AIRFLOW_CTX_DAG_OWNER=***
AIRFLOW_CTX_DAG_ID=Daily_img_transfer
AIRFLOW_CTX_TASK_ID=move_images
AIRFLOW_CTX_EXECUTION_DATE=2025-09-11T12:16:57.303109+00:00
AIRFLOW_CTX_TRY_NUMBER=1
AIRFLOW_CTX_DAG_RUN_ID=manual__2025-09-11T12:16:57.303109+00:00
[2025-09-11 12:16:59,029] {subprocess.py:62} INFO - Tmp dir root location: 
 /tmp
[2025-09-11 12:16:59,030] {subprocess.py:74} INFO - Running command: ['bash', '-c', 's\n                               cd ../..\n                               ls\n                               ']
[2025-09-11 12:16:59,037] {subprocess.py:85} INFO - Output:
[2025-09-11 12:16:59,041] {subprocess.py:92} INFO - bash: line 1: s: command not found
[2025-09-11 12:16:59,042] {subprocess.py:92} INFO - ***-scheduler-autorestart
[2025-09-11 12:16:59,045] {subprocess.py:92} INFO - bin
[2025-09-11 12:16:59,052] {subprocess.py:92} INFO - boot
[2025-09-11 12:16:59,052] {subprocess.py:92} INFO - clean-logs
[2025-09-11 12:16:59,053] {subprocess.py:92} INFO - dev
[2025-09-11 12:16:59,053] {subprocess.py:92} INFO - entrypoint
[2025-09-11 12:16:59,054] {subprocess.py:92} INFO - etc
[2025-09-11 12:16:59,054] {subprocess.py:92} INFO - home
[2025-09-11 12:16:59,055] {subprocess.py:92} INFO - lib
[2025-09-11 12:16:59,055] {subprocess.py:92} INFO - lib64
[2025-09-11 12:16:59,056] {subprocess.py:92} INFO - media
[2025-09-11 12:16:59,056] {subprocess.py:92} INFO - mnt
[2025-09-11 12:16:59,056] {subprocess.py:92} INFO - opt
[2025-09-11 12:16:59,057] {subprocess.py:92} INFO - proc
[2025-09-11 12:16:59,057] {subprocess.py:92} INFO - root
[2025-09-11 12:16:59,058] {subprocess.py:92} INFO - run
[2025-09-11 12:16:59,058] {subprocess.py:92} INFO - sbin
[2025-09-11 12:16:59,058] {subprocess.py:92} INFO - scripts
[2025-09-11 12:16:59,058] {subprocess.py:92} INFO - srv
[2025-09-11 12:16:59,059] {subprocess.py:92} INFO - sys
[2025-09-11 12:16:59,059] {subprocess.py:92} INFO - tmp
[2025-09-11 12:16:59,060] {subprocess.py:92} INFO - usr
[2025-09-11 12:16:59,060] {subprocess.py:92} INFO - var
[2025-09-11 12:16:59,061] {subprocess.py:96} INFO - Command exited with return code 0
[2025-09-11 12:16:59,088] {taskinstance.py:1400} INFO - Marking task as SUCCESS. dag_id=Daily_img_transfer, task_id=move_images, execution_date=20250911T121657, start_date=20250911T121658, end_date=20250911T121659
[2025-09-11 12:16:59,146] {local_task_job.py:156} INFO - Task exited with return code 0
[2025-09-11 12:16:59,174] {local_task_job.py:273} INFO - 1 downstream tasks scheduled from follow-on schedule check
