[2025-09-12T10:05:17.606+0000] {local_task_job_runner.py:123} INFO - ::group::Pre task execution logs
[2025-09-12T10:05:17.633+0000] {taskinstance.py:2631} INFO - Dependencies all met for dep_context=non-requeueable deps ti=<TaskInstance: Daily_img_transfer.end_dag scheduled__2025-09-11T00:00:00+00:00 [queued]>
[2025-09-12T10:05:17.646+0000] {taskinstance.py:2631} INFO - Dependencies all met for dep_context=requeueable deps ti=<TaskInstance: Daily_img_transfer.end_dag scheduled__2025-09-11T00:00:00+00:00 [queued]>
[2025-09-12T10:05:17.651+0000] {taskinstance.py:2884} INFO - Starting attempt 1 of 2
[2025-09-12T10:05:17.664+0000] {taskinstance.py:2907} INFO - Executing <Task(BashOperator): end_dag> on 2025-09-11 00:00:00+00:00
[2025-09-12T10:05:17.670+0000] {standard_task_runner.py:72} INFO - Started process 207 to run task
[2025-09-12T10:05:17.673+0000] {standard_task_runner.py:104} INFO - Running: ['***', 'tasks', 'run', 'Daily_img_transfer', 'end_dag', 'scheduled__2025-09-11T00:00:00+00:00', '--job-id', '7', '--raw', '--subdir', 'DAGS_FOLDER/dags.py', '--cfg-path', '/tmp/tmpfr7u_hl8']
[2025-09-12T10:05:17.675+0000] {standard_task_runner.py:105} INFO - Job 7: Subtask end_dag
[2025-09-12T10:05:17.729+0000] {task_command.py:467} INFO - Running <TaskInstance: Daily_img_transfer.end_dag scheduled__2025-09-11T00:00:00+00:00 [running]> on host 860d02b706ad
[2025-09-12T10:05:17.808+0000] {taskinstance.py:3157} INFO - Exporting env vars: AIRFLOW_CTX_DAG_OWNER='***' AIRFLOW_CTX_DAG_ID='Daily_img_transfer' AIRFLOW_CTX_TASK_ID='end_dag' AIRFLOW_CTX_EXECUTION_DATE='2025-09-11T00:00:00+00:00' AIRFLOW_CTX_TRY_NUMBER='1' AIRFLOW_CTX_DAG_RUN_ID='scheduled__2025-09-11T00:00:00+00:00'
[2025-09-12T10:05:17.814+0000] {taskinstance.py:740} INFO - ::endgroup::
[2025-09-12T10:05:17.826+0000] {subprocess.py:78} INFO - Tmp dir root location: /tmp
[2025-09-12T10:05:17.827+0000] {subprocess.py:88} INFO - Running command: ['/usr/bin/bash', '-c', "echo 'End!'"]
[2025-09-12T10:05:17.840+0000] {subprocess.py:99} INFO - Output:
[2025-09-12T10:05:17.842+0000] {subprocess.py:106} INFO - End!
[2025-09-12T10:05:17.843+0000] {subprocess.py:110} INFO - Command exited with return code 0
[2025-09-12T10:05:17.869+0000] {taskinstance.py:349} INFO - ::group::Post task execution logs
[2025-09-12T10:05:17.871+0000] {taskinstance.py:361} INFO - Marking task as SUCCESS. dag_id=Daily_img_transfer, task_id=end_dag, run_id=scheduled__2025-09-11T00:00:00+00:00, execution_date=20250911T000000, start_date=20250912T100517, end_date=20250912T100517
[2025-09-12T10:05:17.927+0000] {local_task_job_runner.py:266} INFO - Task exited with return code 0
[2025-09-12T10:05:17.940+0000] {taskinstance.py:3924} INFO - 0 downstream tasks scheduled from follow-on schedule check
[2025-09-12T10:05:17.943+0000] {local_task_job_runner.py:245} INFO - ::endgroup::
