[2025-09-11 12:18:05,937] {taskinstance.py:1159} INFO - Dependencies all met for <TaskInstance: Daily_img_transfer.move_images manual__2025-09-11T12:18:03.658735+00:00 [queued]>
[2025-09-11 12:18:05,948] {taskinstance.py:1159} INFO - Dependencies all met for <TaskInstance: Daily_img_transfer.move_images manual__2025-09-11T12:18:03.658735+00:00 [queued]>
[2025-09-11 12:18:05,949] {taskinstance.py:1356} INFO - 
--------------------------------------------------------------------------------
[2025-09-11 12:18:05,950] {taskinstance.py:1357} INFO - Starting attempt 1 of 1
[2025-09-11 12:18:05,951] {taskinstance.py:1358} INFO - 
--------------------------------------------------------------------------------
[2025-09-11 12:18:05,964] {taskinstance.py:1377} INFO - Executing <Task(BashOperator): move_images> on 2025-09-11 12:18:03.658735+00:00
[2025-09-11 12:18:05,967] {standard_task_runner.py:52} INFO - Started process 7086 to run task
[2025-09-11 12:18:05,969] {standard_task_runner.py:79} INFO - Running: ['***', 'tasks', 'run', 'Daily_img_transfer', 'move_images', 'manual__2025-09-11T12:18:03.658735+00:00', '--job-id', '55', '--raw', '--subdir', 'DAGS_FOLDER/dags.py', '--cfg-path', '/tmp/tmpecqsju_n', '--error-file', '/tmp/tmp4dw502i3']
[2025-09-11 12:18:05,970] {standard_task_runner.py:80} INFO - Job 55: Subtask move_images
[2025-09-11 12:18:06,011] {task_command.py:370} INFO - Running <TaskInstance: Daily_img_transfer.move_images manual__2025-09-11T12:18:03.658735+00:00 [running]> on host 225d5ec060dd
[2025-09-11 12:18:06,069] {taskinstance.py:1571} INFO - Exporting the following env vars:
AIRFLOW_CTX_DAG_OWNER=***
AIRFLOW_CTX_DAG_ID=Daily_img_transfer
AIRFLOW_CTX_TASK_ID=move_images
AIRFLOW_CTX_EXECUTION_DATE=2025-09-11T12:18:03.658735+00:00
AIRFLOW_CTX_TRY_NUMBER=1
AIRFLOW_CTX_DAG_RUN_ID=manual__2025-09-11T12:18:03.658735+00:00
[2025-09-11 12:18:06,070] {subprocess.py:62} INFO - Tmp dir root location: 
 /tmp
[2025-09-11 12:18:06,071] {subprocess.py:74} INFO - Running command: ['bash', '-c', '\ncd ../../opt/\nls']
[2025-09-11 12:18:06,078] {subprocess.py:85} INFO - Output:
[2025-09-11 12:18:06,080] {subprocess.py:92} INFO - ***
[2025-09-11 12:18:06,081] {subprocess.py:92} INFO - microsoft
[2025-09-11 12:18:06,081] {subprocess.py:96} INFO - Command exited with return code 0
[2025-09-11 12:18:06,104] {taskinstance.py:1400} INFO - Marking task as SUCCESS. dag_id=Daily_img_transfer, task_id=move_images, execution_date=20250911T121803, start_date=20250911T121805, end_date=20250911T121806
[2025-09-11 12:18:06,142] {local_task_job.py:156} INFO - Task exited with return code 0
[2025-09-11 12:18:06,182] {local_task_job.py:273} INFO - 1 downstream tasks scheduled from follow-on schedule check
