[2025-09-10 16:14:38,613] {taskinstance.py:1159} INFO - Dependencies all met for <TaskInstance: Daily_img_transfer.start_dag manual__2025-09-10T16:14:38.189334+00:00 [queued]>
[2025-09-10 16:14:38,629] {taskinstance.py:1159} INFO - Dependencies all met for <TaskInstance: Daily_img_transfer.start_dag manual__2025-09-10T16:14:38.189334+00:00 [queued]>
[2025-09-10 16:14:38,629] {taskinstance.py:1356} INFO - 
--------------------------------------------------------------------------------
[2025-09-10 16:14:38,632] {taskinstance.py:1357} INFO - Starting attempt 1 of 1
[2025-09-10 16:14:38,632] {taskinstance.py:1358} INFO - 
--------------------------------------------------------------------------------
[2025-09-10 16:14:38,653] {taskinstance.py:1377} INFO - Executing <Task(BashOperator): start_dag> on 2025-09-10 16:14:38.189334+00:00
[2025-09-10 16:14:38,658] {standard_task_runner.py:52} INFO - Started process 710 to run task
[2025-09-10 16:14:38,662] {standard_task_runner.py:79} INFO - Running: ['***', 'tasks', 'run', 'Daily_img_transfer', 'start_dag', 'manual__2025-09-10T16:14:38.189334+00:00', '--job-id', '11', '--raw', '--subdir', 'DAGS_FOLDER/dags.py', '--cfg-path', '/tmp/tmpykh1t7ww', '--error-file', '/tmp/tmpidm2al_1']
[2025-09-10 16:14:38,663] {standard_task_runner.py:80} INFO - Job 11: Subtask start_dag
[2025-09-10 16:14:38,716] {task_command.py:370} INFO - Running <TaskInstance: Daily_img_transfer.start_dag manual__2025-09-10T16:14:38.189334+00:00 [running]> on host 17d4e251db5b
[2025-09-10 16:14:38,780] {taskinstance.py:1571} INFO - Exporting the following env vars:
AIRFLOW_CTX_DAG_OWNER=***
AIRFLOW_CTX_DAG_ID=Daily_img_transfer
AIRFLOW_CTX_TASK_ID=start_dag
AIRFLOW_CTX_EXECUTION_DATE=2025-09-10T16:14:38.189334+00:00
AIRFLOW_CTX_TRY_NUMBER=1
AIRFLOW_CTX_DAG_RUN_ID=manual__2025-09-10T16:14:38.189334+00:00
[2025-09-10 16:14:38,782] {subprocess.py:62} INFO - Tmp dir root location: 
 /tmp
[2025-09-10 16:14:38,784] {subprocess.py:74} INFO - Running command: ['bash', '-c', "echo 'Start!'"]
[2025-09-10 16:14:38,796] {subprocess.py:85} INFO - Output:
[2025-09-10 16:14:38,798] {subprocess.py:92} INFO - Start!
[2025-09-10 16:14:38,799] {subprocess.py:96} INFO - Command exited with return code 0
[2025-09-10 16:14:38,836] {taskinstance.py:1400} INFO - Marking task as SUCCESS. dag_id=Daily_img_transfer, task_id=start_dag, execution_date=20250910T161438, start_date=20250910T161438, end_date=20250910T161438
[2025-09-10 16:14:38,875] {local_task_job.py:156} INFO - Task exited with return code 0
[2025-09-10 16:14:38,913] {local_task_job.py:273} INFO - 1 downstream tasks scheduled from follow-on schedule check
