[2025-09-11 12:18:04,799] {taskinstance.py:1159} INFO - Dependencies all met for <TaskInstance: Daily_img_transfer.start_dag manual__2025-09-11T12:18:03.658735+00:00 [queued]>
[2025-09-11 12:18:04,808] {taskinstance.py:1159} INFO - Dependencies all met for <TaskInstance: Daily_img_transfer.start_dag manual__2025-09-11T12:18:03.658735+00:00 [queued]>
[2025-09-11 12:18:04,809] {taskinstance.py:1356} INFO - 
--------------------------------------------------------------------------------
[2025-09-11 12:18:04,810] {taskinstance.py:1357} INFO - Starting attempt 1 of 1
[2025-09-11 12:18:04,810] {taskinstance.py:1358} INFO - 
--------------------------------------------------------------------------------
[2025-09-11 12:18:04,824] {taskinstance.py:1377} INFO - Executing <Task(BashOperator): start_dag> on 2025-09-11 12:18:03.658735+00:00
[2025-09-11 12:18:04,828] {standard_task_runner.py:52} INFO - Started process 7074 to run task
[2025-09-11 12:18:04,831] {standard_task_runner.py:79} INFO - Running: ['***', 'tasks', 'run', 'Daily_img_transfer', 'start_dag', 'manual__2025-09-11T12:18:03.658735+00:00', '--job-id', '54', '--raw', '--subdir', 'DAGS_FOLDER/dags.py', '--cfg-path', '/tmp/tmpmx_do558', '--error-file', '/tmp/tmpnk8rzqfg']
[2025-09-11 12:18:04,831] {standard_task_runner.py:80} INFO - Job 54: Subtask start_dag
[2025-09-11 12:18:04,893] {task_command.py:370} INFO - Running <TaskInstance: Daily_img_transfer.start_dag manual__2025-09-11T12:18:03.658735+00:00 [running]> on host 225d5ec060dd
[2025-09-11 12:18:04,960] {taskinstance.py:1571} INFO - Exporting the following env vars:
AIRFLOW_CTX_DAG_OWNER=***
AIRFLOW_CTX_DAG_ID=Daily_img_transfer
AIRFLOW_CTX_TASK_ID=start_dag
AIRFLOW_CTX_EXECUTION_DATE=2025-09-11T12:18:03.658735+00:00
AIRFLOW_CTX_TRY_NUMBER=1
AIRFLOW_CTX_DAG_RUN_ID=manual__2025-09-11T12:18:03.658735+00:00
[2025-09-11 12:18:04,962] {subprocess.py:62} INFO - Tmp dir root location: 
 /tmp
[2025-09-11 12:18:04,964] {subprocess.py:74} INFO - Running command: ['bash', '-c', "echo 'Start!'"]
[2025-09-11 12:18:04,974] {subprocess.py:85} INFO - Output:
[2025-09-11 12:18:04,984] {subprocess.py:92} INFO - Start!
[2025-09-11 12:18:04,985] {subprocess.py:96} INFO - Command exited with return code 0
[2025-09-11 12:18:05,011] {taskinstance.py:1400} INFO - Marking task as SUCCESS. dag_id=Daily_img_transfer, task_id=start_dag, execution_date=20250911T121803, start_date=20250911T121804, end_date=20250911T121805
[2025-09-11 12:18:05,043] {local_task_job.py:156} INFO - Task exited with return code 0
[2025-09-11 12:18:05,079] {local_task_job.py:273} INFO - 1 downstream tasks scheduled from follow-on schedule check
