[2025-09-12T08:13:59.933+0000] {local_task_job_runner.py:123} INFO - ::group::Pre task execution logs
[2025-09-12T08:13:59.954+0000] {taskinstance.py:2631} INFO - Dependencies all met for dep_context=non-requeueable deps ti=<TaskInstance: Daily_img_transfer.start_dag manual__2025-09-12T08:13:58.950838+00:00 [queued]>
[2025-09-12T08:13:59.964+0000] {taskinstance.py:2631} INFO - Dependencies all met for dep_context=requeueable deps ti=<TaskInstance: Daily_img_transfer.start_dag manual__2025-09-12T08:13:58.950838+00:00 [queued]>
[2025-09-12T08:13:59.967+0000] {taskinstance.py:2884} INFO - Starting attempt 1 of 1
[2025-09-12T08:13:59.982+0000] {taskinstance.py:2907} INFO - Executing <Task(BashOperator): start_dag> on 2025-09-12 08:13:58.950838+00:00
[2025-09-12T08:13:59.989+0000] {standard_task_runner.py:72} INFO - Started process 131 to run task
[2025-09-12T08:13:59.993+0000] {standard_task_runner.py:104} INFO - Running: ['***', 'tasks', 'run', 'Daily_img_transfer', 'start_dag', 'manual__2025-09-12T08:13:58.950838+00:00', '--job-id', '107', '--raw', '--subdir', 'DAGS_FOLDER/dags.py', '--cfg-path', '/tmp/tmpxtuwigra']
[2025-09-12T08:13:59.997+0000] {standard_task_runner.py:105} INFO - Job 107: Subtask start_dag
[2025-09-12T08:14:00.045+0000] {task_command.py:467} INFO - Running <TaskInstance: Daily_img_transfer.start_dag manual__2025-09-12T08:13:58.950838+00:00 [running]> on host 3e0e53ef8921
[2025-09-12T08:14:00.130+0000] {taskinstance.py:3157} INFO - Exporting env vars: AIRFLOW_CTX_DAG_OWNER='***' AIRFLOW_CTX_DAG_ID='Daily_img_transfer' AIRFLOW_CTX_TASK_ID='start_dag' AIRFLOW_CTX_EXECUTION_DATE='2025-09-12T08:13:58.950838+00:00' AIRFLOW_CTX_TRY_NUMBER='1' AIRFLOW_CTX_DAG_RUN_ID='manual__2025-09-12T08:13:58.950838+00:00'
[2025-09-12T08:14:00.132+0000] {taskinstance.py:740} INFO - ::endgroup::
[2025-09-12T08:14:00.168+0000] {subprocess.py:78} INFO - Tmp dir root location: /tmp
[2025-09-12T08:14:00.170+0000] {subprocess.py:88} INFO - Running command: ['/usr/bin/bash', '-c', "echo 'Start!'"]
[2025-09-12T08:14:00.178+0000] {subprocess.py:99} INFO - Output:
[2025-09-12T08:14:00.180+0000] {subprocess.py:106} INFO - Start!
[2025-09-12T08:14:00.183+0000] {subprocess.py:110} INFO - Command exited with return code 0
[2025-09-12T08:14:00.214+0000] {taskinstance.py:349} INFO - ::group::Post task execution logs
[2025-09-12T08:14:00.217+0000] {taskinstance.py:361} INFO - Marking task as SUCCESS. dag_id=Daily_img_transfer, task_id=start_dag, run_id=manual__2025-09-12T08:13:58.950838+00:00, execution_date=20250912T081358, start_date=20250912T081359, end_date=20250912T081400
[2025-09-12T08:14:00.290+0000] {local_task_job_runner.py:266} INFO - Task exited with return code 0
[2025-09-12T08:14:00.310+0000] {taskinstance.py:3924} INFO - 1 downstream tasks scheduled from follow-on schedule check
[2025-09-12T08:14:00.313+0000] {local_task_job_runner.py:245} INFO - ::endgroup::
