[2025-09-12T10:10:39.282+0000] {local_task_job_runner.py:123} INFO - ::group::Pre task execution logs
[2025-09-12T10:10:39.302+0000] {taskinstance.py:2631} INFO - Dependencies all met for dep_context=non-requeueable deps ti=<TaskInstance: Weekly_transformation.move_to_folder scheduled__2025-08-31T00:00:00+00:00 [queued]>
[2025-09-12T10:10:39.309+0000] {taskinstance.py:2631} INFO - Dependencies all met for dep_context=requeueable deps ti=<TaskInstance: Weekly_transformation.move_to_folder scheduled__2025-08-31T00:00:00+00:00 [queued]>
[2025-09-12T10:10:39.310+0000] {taskinstance.py:2884} INFO - Starting attempt 1 of 2
[2025-09-12T10:10:39.322+0000] {taskinstance.py:2907} INFO - Executing <Task(BashOperator): move_to_folder> on 2025-08-31 00:00:00+00:00
[2025-09-12T10:10:39.332+0000] {standard_task_runner.py:72} INFO - Started process 317 to run task
[2025-09-12T10:10:39.336+0000] {standard_task_runner.py:104} INFO - Running: ['***', 'tasks', 'run', 'Weekly_transformation', 'move_to_folder', 'scheduled__2025-08-31T00:00:00+00:00', '--job-id', '14', '--raw', '--subdir', 'DAGS_FOLDER/dag_prolab.py', '--cfg-path', '/tmp/tmp5wql3puh']
[2025-09-12T10:10:39.339+0000] {standard_task_runner.py:105} INFO - Job 14: Subtask move_to_folder
[2025-09-12T10:10:39.393+0000] {task_command.py:467} INFO - Running <TaskInstance: Weekly_transformation.move_to_folder scheduled__2025-08-31T00:00:00+00:00 [running]> on host 860d02b706ad
[2025-09-12T10:10:39.466+0000] {taskinstance.py:3157} INFO - Exporting env vars: AIRFLOW_CTX_DAG_OWNER='***' AIRFLOW_CTX_DAG_ID='Weekly_transformation' AIRFLOW_CTX_TASK_ID='move_to_folder' AIRFLOW_CTX_EXECUTION_DATE='2025-08-31T00:00:00+00:00' AIRFLOW_CTX_TRY_NUMBER='1' AIRFLOW_CTX_DAG_RUN_ID='scheduled__2025-08-31T00:00:00+00:00'
[2025-09-12T10:10:39.468+0000] {taskinstance.py:740} INFO - ::endgroup::
[2025-09-12T10:10:39.479+0000] {subprocess.py:78} INFO - Tmp dir root location: /tmp
[2025-09-12T10:10:39.481+0000] {subprocess.py:88} INFO - Running command: ['/usr/bin/bash', '-c', '\n                                cd ../../opt/***/\n                                ']
[2025-09-12T10:10:39.502+0000] {subprocess.py:99} INFO - Output:
[2025-09-12T10:10:39.506+0000] {subprocess.py:110} INFO - Command exited with return code 0
[2025-09-12T10:10:39.531+0000] {taskinstance.py:349} INFO - ::group::Post task execution logs
[2025-09-12T10:10:39.532+0000] {taskinstance.py:361} INFO - Marking task as SUCCESS. dag_id=Weekly_transformation, task_id=move_to_folder, run_id=scheduled__2025-08-31T00:00:00+00:00, execution_date=20250831T000000, start_date=20250912T101039, end_date=20250912T101039
[2025-09-12T10:10:39.590+0000] {local_task_job_runner.py:266} INFO - Task exited with return code 0
[2025-09-12T10:10:39.615+0000] {taskinstance.py:3924} INFO - 1 downstream tasks scheduled from follow-on schedule check
[2025-09-12T10:10:39.618+0000] {local_task_job_runner.py:245} INFO - ::endgroup::
