[2025-09-12T10:10:47.281+0000] {local_task_job_runner.py:123} INFO - ::group::Pre task execution logs
[2025-09-12T10:10:47.305+0000] {taskinstance.py:2631} INFO - Dependencies all met for dep_context=non-requeueable deps ti=<TaskInstance: Weekly_transformation.end_dag scheduled__2025-08-31T00:00:00+00:00 [queued]>
[2025-09-12T10:10:47.316+0000] {taskinstance.py:2631} INFO - Dependencies all met for dep_context=requeueable deps ti=<TaskInstance: Weekly_transformation.end_dag scheduled__2025-08-31T00:00:00+00:00 [queued]>
[2025-09-12T10:10:47.317+0000] {taskinstance.py:2884} INFO - Starting attempt 1 of 2
[2025-09-12T10:10:47.333+0000] {taskinstance.py:2907} INFO - Executing <Task(BashOperator): end_dag> on 2025-08-31 00:00:00+00:00
[2025-09-12T10:10:47.346+0000] {standard_task_runner.py:72} INFO - Started process 326 to run task
[2025-09-12T10:10:47.350+0000] {standard_task_runner.py:104} INFO - Running: ['***', 'tasks', 'run', 'Weekly_transformation', 'end_dag', 'scheduled__2025-08-31T00:00:00+00:00', '--job-id', '16', '--raw', '--subdir', 'DAGS_FOLDER/dag_prolab.py', '--cfg-path', '/tmp/tmpftq3cp31']
[2025-09-12T10:10:47.354+0000] {standard_task_runner.py:105} INFO - Job 16: Subtask end_dag
[2025-09-12T10:10:47.422+0000] {task_command.py:467} INFO - Running <TaskInstance: Weekly_transformation.end_dag scheduled__2025-08-31T00:00:00+00:00 [running]> on host 860d02b706ad
[2025-09-12T10:10:47.511+0000] {taskinstance.py:3157} INFO - Exporting env vars: AIRFLOW_CTX_DAG_OWNER='***' AIRFLOW_CTX_DAG_ID='Weekly_transformation' AIRFLOW_CTX_TASK_ID='end_dag' AIRFLOW_CTX_EXECUTION_DATE='2025-08-31T00:00:00+00:00' AIRFLOW_CTX_TRY_NUMBER='1' AIRFLOW_CTX_DAG_RUN_ID='scheduled__2025-08-31T00:00:00+00:00'
[2025-09-12T10:10:47.514+0000] {taskinstance.py:740} INFO - ::endgroup::
[2025-09-12T10:10:47.526+0000] {subprocess.py:78} INFO - Tmp dir root location: /tmp
[2025-09-12T10:10:47.528+0000] {subprocess.py:88} INFO - Running command: ['/usr/bin/bash', '-c', "echo 'End!'"]
[2025-09-12T10:10:47.552+0000] {subprocess.py:99} INFO - Output:
[2025-09-12T10:10:47.554+0000] {subprocess.py:106} INFO - End!
[2025-09-12T10:10:47.555+0000] {subprocess.py:110} INFO - Command exited with return code 0
[2025-09-12T10:10:47.580+0000] {taskinstance.py:349} INFO - ::group::Post task execution logs
[2025-09-12T10:10:47.581+0000] {taskinstance.py:361} INFO - Marking task as SUCCESS. dag_id=Weekly_transformation, task_id=end_dag, run_id=scheduled__2025-08-31T00:00:00+00:00, execution_date=20250831T000000, start_date=20250912T101047, end_date=20250912T101047
[2025-09-12T10:10:47.644+0000] {local_task_job_runner.py:266} INFO - Task exited with return code 0
[2025-09-12T10:10:47.659+0000] {taskinstance.py:3924} INFO - 0 downstream tasks scheduled from follow-on schedule check
[2025-09-12T10:10:47.661+0000] {local_task_job_runner.py:245} INFO - ::endgroup::
